<?xml version="1.0" encoding="utf-8"?>
<coverage line-rate="0.7870999999999999" branch-rate="0.6585" version="1.9" timestamp="1659527316" lines-covered="455" lines-valid="578" branches-covered="54" branches-valid="82">
  <sources>
    <source>C:\Users\hp\</source>
  </sources>
  <packages>
    <package name="BankingTest" line-rate="0.9956999999999999" branch-rate="1" complexity="32">
      <classes>
        <class name="AutoGeneratedProgram" filename=".nuget\packages\microsoft.net.test.sdk\17.1.0\build\netcoreapp2.1\Microsoft.NET.Test.Sdk.Program.cs" line-rate="0" branch-rate="1" complexity="1">
          <methods>
            <method name="Main" signature="(System.String[])" line-rate="0" branch-rate="1" complexity="1">
              <lines>
                <line number="4" hits="0" branch="False" />
              </lines>
            </method>
          </methods>
          <lines>
            <line number="4" hits="0" branch="False" />
          </lines>
        </class>
        <class name="BankingTest.AccountServicesTest" filename="Documents\decagon task\week 5\bankingSystem Authentication\BankingTest\CoreTest.cs" line-rate="1" branch-rate="1" complexity="5">
          <methods>
            <method name="get_AccountServicesObject" signature="()" line-rate="1" branch-rate="1" complexity="1">
              <lines>
                <line number="11" hits="4" branch="False" />
              </lines>
            </method>
            <method name="OneTimeSetup" signature="()" line-rate="1" branch-rate="1" complexity="1">
              <lines>
                <line number="14" hits="1" branch="False" />
                <line number="17" hits="1" branch="False" />
                <line number="18" hits="1" branch="False" />
              </lines>
            </method>
            <method name="OneTimeTearDown" signature="()" line-rate="1" branch-rate="1" complexity="1">
              <lines>
                <line number="22" hits="1" branch="False" />
                <line number="24" hits="1" branch="False" />
                <line number="25" hits="1" branch="False" />
              </lines>
            </method>
            <method name="AccountServicesNullTest" signature="()" line-rate="1" branch-rate="1" complexity="1">
              <lines>
                <line number="29" hits="1" branch="False" />
                <line number="31" hits="1" branch="False" />
                <line number="32" hits="1" branch="False" />
                <line number="33" hits="1" branch="False" />
                <line number="36" hits="1" branch="False" />
                <line number="39" hits="1" branch="False" />
                <line number="40" hits="1" branch="False" />
              </lines>
            </method>
            <method name="RegisterCustomerNullTest" signature="()" line-rate="1" branch-rate="1" complexity="1">
              <lines>
                <line number="43" hits="1" branch="False" />
                <line number="45" hits="1" branch="False" />
                <line number="46" hits="1" branch="False" />
                <line number="47" hits="1" branch="False" />
                <line number="48" hits="1" branch="False" />
                <line number="51" hits="1" branch="False" />
                <line number="54" hits="1" branch="False" />
                <line number="55" hits="1" branch="False" />
              </lines>
            </method>
          </methods>
          <lines>
            <line number="11" hits="4" branch="False" />
            <line number="14" hits="1" branch="False" />
            <line number="17" hits="1" branch="False" />
            <line number="18" hits="1" branch="False" />
            <line number="22" hits="1" branch="False" />
            <line number="24" hits="1" branch="False" />
            <line number="25" hits="1" branch="False" />
            <line number="29" hits="1" branch="False" />
            <line number="31" hits="1" branch="False" />
            <line number="32" hits="1" branch="False" />
            <line number="33" hits="1" branch="False" />
            <line number="36" hits="1" branch="False" />
            <line number="39" hits="1" branch="False" />
            <line number="40" hits="1" branch="False" />
            <line number="43" hits="1" branch="False" />
            <line number="45" hits="1" branch="False" />
            <line number="46" hits="1" branch="False" />
            <line number="47" hits="1" branch="False" />
            <line number="48" hits="1" branch="False" />
            <line number="51" hits="1" branch="False" />
            <line number="54" hits="1" branch="False" />
            <line number="55" hits="1" branch="False" />
          </lines>
        </class>
        <class name="BankingTest.UserServicesTest" filename="Documents\decagon task\week 5\bankingSystem Authentication\BankingTest\CoreTest.cs" line-rate="1" branch-rate="1" complexity="5">
          <methods>
            <method name="get_UserServicesObject" signature="()" line-rate="1" branch-rate="1" complexity="1">
              <lines>
                <line number="60" hits="4" branch="False" />
              </lines>
            </method>
            <method name="OneTimeSetup" signature="()" line-rate="1" branch-rate="1" complexity="1">
              <lines>
                <line number="63" hits="1" branch="False" />
                <line number="64" hits="1" branch="False" />
                <line number="65" hits="1" branch="False" />
              </lines>
            </method>
            <method name="OneTimeTearDown" signature="()" line-rate="1" branch-rate="1" complexity="1">
              <lines>
                <line number="68" hits="1" branch="False" />
                <line number="70" hits="1" branch="False" />
                <line number="71" hits="1" branch="False" />
              </lines>
            </method>
            <method name="WithdrawalNullTest" signature="()" line-rate="1" branch-rate="1" complexity="1">
              <lines>
                <line number="74" hits="1" branch="False" />
                <line number="76" hits="1" branch="False" />
                <line number="77" hits="1" branch="False" />
                <line number="78" hits="1" branch="False" />
                <line number="79" hits="1" branch="False" />
                <line number="82" hits="1" branch="False" />
                <line number="85" hits="1" branch="False" />
                <line number="86" hits="1" branch="False" />
              </lines>
            </method>
            <method name="DepositNullTest" signature="()" line-rate="1" branch-rate="1" complexity="1">
              <lines>
                <line number="89" hits="1" branch="False" />
                <line number="91" hits="1" branch="False" />
                <line number="92" hits="1" branch="False" />
                <line number="93" hits="1" branch="False" />
                <line number="94" hits="1" branch="False" />
                <line number="97" hits="1" branch="False" />
                <line number="100" hits="1" branch="False" />
                <line number="101" hits="1" branch="False" />
              </lines>
            </method>
          </methods>
          <lines>
            <line number="60" hits="4" branch="False" />
            <line number="63" hits="1" branch="False" />
            <line number="64" hits="1" branch="False" />
            <line number="65" hits="1" branch="False" />
            <line number="68" hits="1" branch="False" />
            <line number="70" hits="1" branch="False" />
            <line number="71" hits="1" branch="False" />
            <line number="74" hits="1" branch="False" />
            <line number="76" hits="1" branch="False" />
            <line number="77" hits="1" branch="False" />
            <line number="78" hits="1" branch="False" />
            <line number="79" hits="1" branch="False" />
            <line number="82" hits="1" branch="False" />
            <line number="85" hits="1" branch="False" />
            <line number="86" hits="1" branch="False" />
            <line number="89" hits="1" branch="False" />
            <line number="91" hits="1" branch="False" />
            <line number="92" hits="1" branch="False" />
            <line number="93" hits="1" branch="False" />
            <line number="94" hits="1" branch="False" />
            <line number="97" hits="1" branch="False" />
            <line number="100" hits="1" branch="False" />
            <line number="101" hits="1" branch="False" />
          </lines>
        </class>
        <class name="BankingTest.AccountRepositoryTest" filename="Documents\decagon task\week 5\bankingSystem Authentication\BankingTest\DataClassTest.cs" line-rate="1" branch-rate="1" complexity="1">
          <methods>
            <method name=".ctor" signature="()" line-rate="1" branch-rate="1" complexity="1">
              <lines>
                <line number="18" hits="1" branch="False" />
                <line number="19" hits="1" branch="False" />
                <line number="20" hits="1" branch="False" />
                <line number="21" hits="1" branch="False" />
                <line number="23" hits="1" branch="False" />
                <line number="24" hits="1" branch="False" />
                <line number="25" hits="1" branch="False" />
                <line number="26" hits="1" branch="False" />
              </lines>
            </method>
          </methods>
          <lines>
            <line number="18" hits="1" branch="False" />
            <line number="19" hits="1" branch="False" />
            <line number="20" hits="1" branch="False" />
            <line number="21" hits="1" branch="False" />
            <line number="23" hits="1" branch="False" />
            <line number="24" hits="1" branch="False" />
            <line number="25" hits="1" branch="False" />
            <line number="26" hits="1" branch="False" />
          </lines>
        </class>
        <class name="BankingTest.AccountRepositoryTest/&lt;&gt;c__DisplayClass6_0" filename="Documents\decagon task\week 5\bankingSystem Authentication\BankingTest\DataClassTest.cs" line-rate="1" branch-rate="1" complexity="1">
          <methods>
            <method name="&lt;AccountRepoRetrieveTest&gt;b__5" signature="()" line-rate="1" branch-rate="1" complexity="1">
              <lines>
                <line number="49" hits="2" branch="False" />
              </lines>
            </method>
          </methods>
          <lines>
            <line number="49" hits="2" branch="False" />
          </lines>
        </class>
        <class name="BankingTest.AccountRepositoryTest/&lt;&gt;c__DisplayClass7_0" filename="Documents\decagon task\week 5\bankingSystem Authentication\BankingTest\DataClassTest.cs" line-rate="1" branch-rate="1" complexity="1">
          <methods>
            <method name="&lt;AccountRepoNotLoggedTest&gt;b__2" signature="()" line-rate="1" branch-rate="1" complexity="1">
              <lines>
                <line number="63" hits="2" branch="False" />
              </lines>
            </method>
          </methods>
          <lines>
            <line number="63" hits="2" branch="False" />
          </lines>
        </class>
        <class name="BankingTest.AccountRepositoryTest/&lt;AccountRepoNotLoggedTest&gt;d__7" filename="Documents\decagon task\week 5\bankingSystem Authentication\BankingTest\DataClassTest.cs" line-rate="1" branch-rate="1" complexity="1">
          <methods>
            <method name="MoveNext" signature="()" line-rate="1" branch-rate="1" complexity="1">
              <lines>
                <line number="55" hits="1" branch="False" />
                <line number="56" hits="1" branch="False" />
                <line number="57" hits="1" branch="False" />
                <line number="58" hits="1" branch="False" />
                <line number="59" hits="1" branch="False" />
                <line number="61" hits="1" branch="False" />
                <line number="62" hits="1" branch="False" />
                <line number="65" hits="1" branch="False" />
                <line number="66" hits="1" branch="False" />
              </lines>
            </method>
          </methods>
          <lines>
            <line number="55" hits="1" branch="False" />
            <line number="56" hits="1" branch="False" />
            <line number="57" hits="1" branch="False" />
            <line number="58" hits="1" branch="False" />
            <line number="59" hits="1" branch="False" />
            <line number="61" hits="1" branch="False" />
            <line number="62" hits="1" branch="False" />
            <line number="65" hits="1" branch="False" />
            <line number="66" hits="1" branch="False" />
          </lines>
        </class>
        <class name="BankingTest.AccountRepositoryTest/&lt;AccountRepoRetrieveTest&gt;d__6" filename="Documents\decagon task\week 5\bankingSystem Authentication\BankingTest\DataClassTest.cs" line-rate="1" branch-rate="1" complexity="1">
          <methods>
            <method name="MoveNext" signature="()" line-rate="1" branch-rate="1" complexity="1">
              <lines>
                <line number="29" hits="1" branch="False" />
                <line number="30" hits="1" branch="False" />
                <line number="31" hits="1" branch="False" />
                <line number="32" hits="1" branch="False" />
                <line number="33" hits="1" branch="False" />
                <line number="34" hits="1" branch="False" />
                <line number="36" hits="1" branch="False" />
                <line number="37" hits="1" branch="False" />
                <line number="40" hits="1" branch="False" />
                <line number="41" hits="1" branch="False" />
                <line number="43" hits="1" branch="False" />
                <line number="44" hits="1" branch="False" />
                <line number="45" hits="1" branch="False" />
                <line number="51" hits="1" branch="False" />
                <line number="52" hits="1" branch="False" />
              </lines>
            </method>
          </methods>
          <lines>
            <line number="29" hits="1" branch="False" />
            <line number="30" hits="1" branch="False" />
            <line number="31" hits="1" branch="False" />
            <line number="32" hits="1" branch="False" />
            <line number="33" hits="1" branch="False" />
            <line number="34" hits="1" branch="False" />
            <line number="36" hits="1" branch="False" />
            <line number="37" hits="1" branch="False" />
            <line number="40" hits="1" branch="False" />
            <line number="41" hits="1" branch="False" />
            <line number="43" hits="1" branch="False" />
            <line number="44" hits="1" branch="False" />
            <line number="45" hits="1" branch="False" />
            <line number="51" hits="1" branch="False" />
            <line number="52" hits="1" branch="False" />
          </lines>
        </class>
        <class name="BankingTest.BankRepositoryTest" filename="Documents\decagon task\week 5\bankingSystem Authentication\BankingTest\DataClassTest.cs" line-rate="1" branch-rate="1" complexity="1">
          <methods>
            <method name=".ctor" signature="()" line-rate="1" branch-rate="1" complexity="1">
              <lines>
                <line number="73" hits="1" branch="False" />
                <line number="74" hits="1" branch="False" />
                <line number="76" hits="1" branch="False" />
                <line number="77" hits="1" branch="False" />
                <line number="78" hits="1" branch="False" />
                <line number="79" hits="1" branch="False" />
              </lines>
            </method>
          </methods>
          <lines>
            <line number="73" hits="1" branch="False" />
            <line number="74" hits="1" branch="False" />
            <line number="76" hits="1" branch="False" />
            <line number="77" hits="1" branch="False" />
            <line number="78" hits="1" branch="False" />
            <line number="79" hits="1" branch="False" />
          </lines>
        </class>
        <class name="BankingTest.BankRepositoryTest/&lt;&gt;c__DisplayClass4_0" filename="Documents\decagon task\week 5\bankingSystem Authentication\BankingTest\DataClassTest.cs" line-rate="1" branch-rate="1" complexity="1">
          <methods>
            <method name="&lt;BankRepoCreateCustomerTest&gt;b__2" signature="()" line-rate="1" branch-rate="1" complexity="1">
              <lines>
                <line number="95" hits="2" branch="False" />
              </lines>
            </method>
          </methods>
          <lines>
            <line number="95" hits="2" branch="False" />
          </lines>
        </class>
        <class name="BankingTest.BankRepositoryTest/&lt;BankRepoCreateCustomerTest&gt;d__4" filename="Documents\decagon task\week 5\bankingSystem Authentication\BankingTest\DataClassTest.cs" line-rate="1" branch-rate="1" complexity="1">
          <methods>
            <method name="MoveNext" signature="()" line-rate="1" branch-rate="1" complexity="1">
              <lines>
                <line number="82" hits="1" branch="False" />
                <line number="83" hits="1" branch="False" />
                <line number="84" hits="1" branch="False" />
                <line number="85" hits="1" branch="False" />
                <line number="86" hits="1" branch="False" />
                <line number="87" hits="1" branch="False" />
                <line number="89" hits="1" branch="False" />
                <line number="91" hits="1" branch="False" />
                <line number="92" hits="1" branch="False" />
                <line number="98" hits="1" branch="False" />
                <line number="99" hits="1" branch="False" />
              </lines>
            </method>
          </methods>
          <lines>
            <line number="82" hits="1" branch="False" />
            <line number="83" hits="1" branch="False" />
            <line number="84" hits="1" branch="False" />
            <line number="85" hits="1" branch="False" />
            <line number="86" hits="1" branch="False" />
            <line number="87" hits="1" branch="False" />
            <line number="89" hits="1" branch="False" />
            <line number="91" hits="1" branch="False" />
            <line number="92" hits="1" branch="False" />
            <line number="98" hits="1" branch="False" />
            <line number="99" hits="1" branch="False" />
          </lines>
        </class>
        <class name="BankingTest.ProtocolTest" filename="Documents\decagon task\week 5\bankingSystem Authentication\BankingTest\ProtocolTest.cs" line-rate="1" branch-rate="1" complexity="6">
          <methods>
            <method name="IsValidTest" signature="()" line-rate="1" branch-rate="1" complexity="1">
              <lines>
                <line number="26" hits="1" branch="False" />
                <line number="27" hits="1" branch="False" />
                <line number="29" hits="1" branch="False" />
                <line number="30" hits="1" branch="False" />
                <line number="31" hits="1" branch="False" />
                <line number="33" hits="1" branch="False" />
                <line number="34" hits="1" branch="False" />
                <line number="35" hits="1" branch="False" />
                <line number="38" hits="1" branch="False" />
                <line number="39" hits="1" branch="False" />
                <line number="40" hits="1" branch="False" />
                <line number="41" hits="1" branch="False" />
              </lines>
            </method>
            <method name="IsAuthenticatedTest" signature="()" line-rate="1" branch-rate="1" complexity="1">
              <lines>
                <line number="45" hits="1" branch="False" />
                <line number="46" hits="1" branch="False" />
                <line number="47" hits="1" branch="False" />
                <line number="48" hits="1" branch="False" />
                <line number="49" hits="1" branch="False" />
                <line number="50" hits="1" branch="False" />
                <line number="53" hits="1" branch="False" />
                <line number="54" hits="1" branch="False" />
                <line number="57" hits="1" branch="False" />
                <line number="58" hits="1" branch="False" />
                <line number="61" hits="1" branch="False" />
                <line number="62" hits="1" branch="False" />
                <line number="64" hits="1" branch="False" />
              </lines>
            </method>
            <method name="IsAValidAccountNullTest" signature="()" line-rate="1" branch-rate="1" complexity="1">
              <lines>
                <line number="67" hits="1" branch="False" />
                <line number="69" hits="1" branch="False" />
                <line number="70" hits="1" branch="False" />
                <line number="71" hits="1" branch="False" />
                <line number="72" hits="1" branch="False" />
                <line number="73" hits="1" branch="False" />
                <line number="74" hits="2" branch="False" />
                <line number="75" hits="1" branch="False" />
                <line number="78" hits="1" branch="False" />
                <line number="79" hits="1" branch="False" />
                <line number="82" hits="1" branch="False" />
                <line number="83" hits="1" branch="False" />
                <line number="86" hits="1" branch="False" />
                <line number="87" hits="1" branch="False" />
                <line number="88" hits="1" branch="False" />
              </lines>
            </method>
            <method name="CheckAccountabilityTestForNUll" signature="()" line-rate="1" branch-rate="1" complexity="1">
              <lines>
                <line number="91" hits="1" branch="False" />
                <line number="93" hits="1" branch="False" />
                <line number="95" hits="1" branch="False" />
                <line number="96" hits="1" branch="False" />
                <line number="97" hits="1" branch="False" />
                <line number="99" hits="1" branch="False" />
                <line number="100" hits="1" branch="False" />
                <line number="103" hits="1" branch="False" />
                <line number="104" hits="1" branch="False" />
                <line number="107" hits="1" branch="False" />
                <line number="108" hits="1" branch="False" />
                <line number="109" hits="1" branch="False" />
              </lines>
            </method>
            <method name="CheckAccountabilityTestForAccountTypeTransfer" signature="()" line-rate="1" branch-rate="1" complexity="1">
              <lines>
                <line number="112" hits="1" branch="False" />
                <line number="114" hits="1" branch="False" />
                <line number="116" hits="1" branch="False" />
                <line number="117" hits="1" branch="False" />
                <line number="118" hits="1" branch="False" />
                <line number="120" hits="1" branch="False" />
                <line number="121" hits="1" branch="False" />
                <line number="124" hits="1" branch="False" />
                <line number="125" hits="1" branch="False" />
                <line number="128" hits="1" branch="False" />
                <line number="129" hits="1" branch="False" />
                <line number="130" hits="1" branch="False" />
              </lines>
            </method>
            <method name=".ctor" signature="()" line-rate="1" branch-rate="1" complexity="1">
              <lines>
                <line number="15" hits="1" branch="False" />
                <line number="16" hits="1" branch="False" />
                <line number="18" hits="1" branch="False" />
                <line number="19" hits="1" branch="False" />
                <line number="21" hits="1" branch="False" />
                <line number="22" hits="1" branch="False" />
              </lines>
            </method>
          </methods>
          <lines>
            <line number="26" hits="1" branch="False" />
            <line number="27" hits="1" branch="False" />
            <line number="29" hits="1" branch="False" />
            <line number="30" hits="1" branch="False" />
            <line number="31" hits="1" branch="False" />
            <line number="33" hits="1" branch="False" />
            <line number="34" hits="1" branch="False" />
            <line number="35" hits="1" branch="False" />
            <line number="38" hits="1" branch="False" />
            <line number="39" hits="1" branch="False" />
            <line number="40" hits="1" branch="False" />
            <line number="41" hits="1" branch="False" />
            <line number="45" hits="1" branch="False" />
            <line number="46" hits="1" branch="False" />
            <line number="47" hits="1" branch="False" />
            <line number="48" hits="1" branch="False" />
            <line number="49" hits="1" branch="False" />
            <line number="50" hits="1" branch="False" />
            <line number="53" hits="1" branch="False" />
            <line number="54" hits="1" branch="False" />
            <line number="57" hits="1" branch="False" />
            <line number="58" hits="1" branch="False" />
            <line number="61" hits="1" branch="False" />
            <line number="62" hits="1" branch="False" />
            <line number="64" hits="1" branch="False" />
            <line number="67" hits="1" branch="False" />
            <line number="69" hits="1" branch="False" />
            <line number="70" hits="1" branch="False" />
            <line number="71" hits="1" branch="False" />
            <line number="72" hits="1" branch="False" />
            <line number="73" hits="1" branch="False" />
            <line number="74" hits="2" branch="False" />
            <line number="75" hits="1" branch="False" />
            <line number="78" hits="1" branch="False" />
            <line number="79" hits="1" branch="False" />
            <line number="82" hits="1" branch="False" />
            <line number="83" hits="1" branch="False" />
            <line number="86" hits="1" branch="False" />
            <line number="87" hits="1" branch="False" />
            <line number="88" hits="1" branch="False" />
            <line number="91" hits="1" branch="False" />
            <line number="93" hits="1" branch="False" />
            <line number="95" hits="1" branch="False" />
            <line number="96" hits="1" branch="False" />
            <line number="97" hits="1" branch="False" />
            <line number="99" hits="1" branch="False" />
            <line number="100" hits="1" branch="False" />
            <line number="103" hits="1" branch="False" />
            <line number="104" hits="1" branch="False" />
            <line number="107" hits="1" branch="False" />
            <line number="108" hits="1" branch="False" />
            <line number="109" hits="1" branch="False" />
            <line number="112" hits="1" branch="False" />
            <line number="114" hits="1" branch="False" />
            <line number="116" hits="1" branch="False" />
            <line number="117" hits="1" branch="False" />
            <line number="118" hits="1" branch="False" />
            <line number="120" hits="1" branch="False" />
            <line number="121" hits="1" branch="False" />
            <line number="124" hits="1" branch="False" />
            <line number="125" hits="1" branch="False" />
            <line number="128" hits="1" branch="False" />
            <line number="129" hits="1" branch="False" />
            <line number="130" hits="1" branch="False" />
            <line number="15" hits="1" branch="False" />
            <line number="16" hits="1" branch="False" />
            <line number="18" hits="1" branch="False" />
            <line number="19" hits="1" branch="False" />
            <line number="21" hits="1" branch="False" />
            <line number="22" hits="1" branch="False" />
          </lines>
        </class>
        <class name="BankingTest.ValidatingInputTest" filename="Documents\decagon task\week 5\bankingSystem Authentication\BankingTest\UtilityTest.cs" line-rate="1" branch-rate="1" complexity="5">
          <methods>
            <method name="OnetimeSetup" signature="()" line-rate="1" branch-rate="1" complexity="1">
              <lines>
                <line number="14" hits="1" branch="False" />
                <line number="16" hits="1" branch="False" />
                <line number="17" hits="1" branch="False" />
              </lines>
            </method>
            <method name="OneTimeTearDown" signature="()" line-rate="1" branch-rate="1" complexity="1">
              <lines>
                <line number="21" hits="1" branch="False" />
                <line number="24" hits="1" branch="False" />
                <line number="25" hits="1" branch="False" />
              </lines>
            </method>
            <method name="ValidationName" signature="()" line-rate="1" branch-rate="1" complexity="1">
              <lines>
                <line number="29" hits="1" branch="False" />
                <line number="31" hits="1" branch="False" />
                <line number="32" hits="1" branch="False" />
                <line number="33" hits="1" branch="False" />
                <line number="34" hits="1" branch="False" />
                <line number="35" hits="1" branch="False" />
                <line number="39" hits="1" branch="False" />
                <line number="40" hits="1" branch="False" />
                <line number="41" hits="1" branch="False" />
                <line number="42" hits="1" branch="False" />
                <line number="43" hits="1" branch="False" />
                <line number="46" hits="1" branch="False" />
                <line number="47" hits="1" branch="False" />
                <line number="49" hits="1" branch="False" />
                <line number="50" hits="1" branch="False" />
                <line number="51" hits="1" branch="False" />
                <line number="52" hits="1" branch="False" />
                <line number="53" hits="1" branch="False" />
                <line number="54" hits="1" branch="False" />
              </lines>
            </method>
            <method name="ValidationEmail" signature="()" line-rate="1" branch-rate="1" complexity="1">
              <lines>
                <line number="58" hits="1" branch="False" />
                <line number="60" hits="1" branch="False" />
                <line number="61" hits="1" branch="False" />
                <line number="62" hits="1" branch="False" />
                <line number="63" hits="1" branch="False" />
                <line number="64" hits="1" branch="False" />
                <line number="66" hits="1" branch="False" />
                <line number="67" hits="1" branch="False" />
                <line number="68" hits="1" branch="False" />
                <line number="69" hits="1" branch="False" />
                <line number="70" hits="1" branch="False" />
                <line number="72" hits="1" branch="False" />
                <line number="73" hits="1" branch="False" />
                <line number="74" hits="1" branch="False" />
                <line number="75" hits="1" branch="False" />
                <line number="76" hits="1" branch="False" />
                <line number="78" hits="1" branch="False" />
              </lines>
            </method>
            <method name="ValidationPassword" signature="()" line-rate="1" branch-rate="1" complexity="1">
              <lines>
                <line number="82" hits="1" branch="False" />
                <line number="84" hits="1" branch="False" />
                <line number="85" hits="1" branch="False" />
                <line number="86" hits="1" branch="False" />
                <line number="87" hits="1" branch="False" />
                <line number="88" hits="1" branch="False" />
                <line number="89" hits="1" branch="False" />
                <line number="92" hits="1" branch="False" />
                <line number="93" hits="1" branch="False" />
                <line number="94" hits="1" branch="False" />
                <line number="95" hits="1" branch="False" />
                <line number="96" hits="1" branch="False" />
                <line number="97" hits="1" branch="False" />
                <line number="100" hits="1" branch="False" />
                <line number="101" hits="1" branch="False" />
                <line number="102" hits="1" branch="False" />
                <line number="103" hits="1" branch="False" />
                <line number="104" hits="1" branch="False" />
                <line number="105" hits="1" branch="False" />
                <line number="107" hits="1" branch="False" />
              </lines>
            </method>
          </methods>
          <lines>
            <line number="14" hits="1" branch="False" />
            <line number="16" hits="1" branch="False" />
            <line number="17" hits="1" branch="False" />
            <line number="21" hits="1" branch="False" />
            <line number="24" hits="1" branch="False" />
            <line number="25" hits="1" branch="False" />
            <line number="29" hits="1" branch="False" />
            <line number="31" hits="1" branch="False" />
            <line number="32" hits="1" branch="False" />
            <line number="33" hits="1" branch="False" />
            <line number="34" hits="1" branch="False" />
            <line number="35" hits="1" branch="False" />
            <line number="39" hits="1" branch="False" />
            <line number="40" hits="1" branch="False" />
            <line number="41" hits="1" branch="False" />
            <line number="42" hits="1" branch="False" />
            <line number="43" hits="1" branch="False" />
            <line number="46" hits="1" branch="False" />
            <line number="47" hits="1" branch="False" />
            <line number="49" hits="1" branch="False" />
            <line number="50" hits="1" branch="False" />
            <line number="51" hits="1" branch="False" />
            <line number="52" hits="1" branch="False" />
            <line number="53" hits="1" branch="False" />
            <line number="54" hits="1" branch="False" />
            <line number="58" hits="1" branch="False" />
            <line number="60" hits="1" branch="False" />
            <line number="61" hits="1" branch="False" />
            <line number="62" hits="1" branch="False" />
            <line number="63" hits="1" branch="False" />
            <line number="64" hits="1" branch="False" />
            <line number="66" hits="1" branch="False" />
            <line number="67" hits="1" branch="False" />
            <line number="68" hits="1" branch="False" />
            <line number="69" hits="1" branch="False" />
            <line number="70" hits="1" branch="False" />
            <line number="72" hits="1" branch="False" />
            <line number="73" hits="1" branch="False" />
            <line number="74" hits="1" branch="False" />
            <line number="75" hits="1" branch="False" />
            <line number="76" hits="1" branch="False" />
            <line number="78" hits="1" branch="False" />
            <line number="82" hits="1" branch="False" />
            <line number="84" hits="1" branch="False" />
            <line number="85" hits="1" branch="False" />
            <line number="86" hits="1" branch="False" />
            <line number="87" hits="1" branch="False" />
            <line number="88" hits="1" branch="False" />
            <line number="89" hits="1" branch="False" />
            <line number="92" hits="1" branch="False" />
            <line number="93" hits="1" branch="False" />
            <line number="94" hits="1" branch="False" />
            <line number="95" hits="1" branch="False" />
            <line number="96" hits="1" branch="False" />
            <line number="97" hits="1" branch="False" />
            <line number="100" hits="1" branch="False" />
            <line number="101" hits="1" branch="False" />
            <line number="102" hits="1" branch="False" />
            <line number="103" hits="1" branch="False" />
            <line number="104" hits="1" branch="False" />
            <line number="105" hits="1" branch="False" />
            <line number="107" hits="1" branch="False" />
          </lines>
        </class>
        <class name="BankingTest.AccountGeneratorMethodTest" filename="Documents\decagon task\week 5\bankingSystem Authentication\BankingTest\UtilityTest.cs" line-rate="1" branch-rate="1" complexity="2">
          <methods>
            <method name="AccountNumberLengthTest" signature="()" line-rate="1" branch-rate="1" complexity="1">
              <lines>
                <line number="116" hits="1" branch="False" />
                <line number="118" hits="1" branch="False" />
                <line number="120" hits="1" branch="False" />
                <line number="121" hits="1" branch="False" />
              </lines>
            </method>
            <method name="AccountNumberGenerateNull" signature="()" line-rate="1" branch-rate="1" complexity="1">
              <lines>
                <line number="124" hits="1" branch="False" />
                <line number="126" hits="1" branch="False" />
                <line number="128" hits="1" branch="False" />
                <line number="129" hits="1" branch="False" />
              </lines>
            </method>
          </methods>
          <lines>
            <line number="116" hits="1" branch="False" />
            <line number="118" hits="1" branch="False" />
            <line number="120" hits="1" branch="False" />
            <line number="121" hits="1" branch="False" />
            <line number="124" hits="1" branch="False" />
            <line number="126" hits="1" branch="False" />
            <line number="128" hits="1" branch="False" />
            <line number="129" hits="1" branch="False" />
          </lines>
        </class>
      </classes>
    </package>
    <package name="Core" line-rate="1" branch-rate="1" complexity="4">
      <classes>
        <class name="Core.Implementation.AccountServices" filename="Documents\decagon task\week 5\bankingSystem Authentication\Core\Implementation\AccountServices.cs" line-rate="1" branch-rate="1" complexity="2">
          <methods>
            <method name="CreateAccount" signature="(Enum.AccountType,System.Decimal,System.String)" line-rate="1" branch-rate="1" complexity="1">
              <lines>
                <line number="11" hits="1" branch="False" />
                <line number="12" hits="1" branch="False" />
                <line number="13" hits="1" branch="False" />
                <line number="14" hits="1" branch="False" />
              </lines>
            </method>
            <method name="RegisterCustomer" signature="(System.String,System.String,System.String,System.String)" line-rate="1" branch-rate="1" complexity="1">
              <lines>
                <line number="18" hits="1" branch="False" />
                <line number="20" hits="1" branch="False" />
                <line number="21" hits="1" branch="False" />
                <line number="22" hits="1" branch="False" />
              </lines>
            </method>
          </methods>
          <lines>
            <line number="11" hits="1" branch="False" />
            <line number="12" hits="1" branch="False" />
            <line number="13" hits="1" branch="False" />
            <line number="14" hits="1" branch="False" />
            <line number="18" hits="1" branch="False" />
            <line number="20" hits="1" branch="False" />
            <line number="21" hits="1" branch="False" />
            <line number="22" hits="1" branch="False" />
          </lines>
        </class>
        <class name="Core.Implementation.UserServices" filename="Documents\decagon task\week 5\bankingSystem Authentication\Core\Implementation\UserServices.cs" line-rate="1" branch-rate="1" complexity="2">
          <methods>
            <method name="Withdrawal" signature="(System.String,System.String,System.Decimal,System.Decimal)" line-rate="1" branch-rate="1" complexity="1">
              <lines>
                <line number="10" hits="1" branch="False" />
                <line number="11" hits="1" branch="False" />
                <line number="12" hits="1" branch="False" />
                <line number="13" hits="1" branch="False" />
              </lines>
            </method>
            <method name="Deposit" signature="(System.String,System.String,System.Decimal,System.Decimal)" line-rate="1" branch-rate="1" complexity="1">
              <lines>
                <line number="16" hits="1" branch="False" />
                <line number="17" hits="1" branch="False" />
                <line number="18" hits="1" branch="False" />
                <line number="19" hits="1" branch="False" />
              </lines>
            </method>
          </methods>
          <lines>
            <line number="10" hits="1" branch="False" />
            <line number="11" hits="1" branch="False" />
            <line number="12" hits="1" branch="False" />
            <line number="13" hits="1" branch="False" />
            <line number="16" hits="1" branch="False" />
            <line number="17" hits="1" branch="False" />
            <line number="18" hits="1" branch="False" />
            <line number="19" hits="1" branch="False" />
          </lines>
        </class>
      </classes>
    </package>
    <package name="Data" line-rate="0.44439999999999996" branch-rate="0.55" complexity="85">
      <classes>
        <class name="Data.Protocols" filename="Documents\decagon task\week 5\bankingSystem Authentication\Data\Protocols.cs" line-rate="1" branch-rate="0.9333" complexity="33">
          <methods>
            <method name="get_SESSIONS" signature="()" line-rate="1" branch-rate="1" complexity="1">
              <lines>
                <line number="12" hits="10" branch="False" />
              </lines>
            </method>
            <method name="get_CustomerRepository" signature="()" line-rate="1" branch-rate="1" complexity="1">
              <lines>
                <line number="13" hits="4" branch="False" />
              </lines>
            </method>
            <method name="IsValid" signature="(System.Decimal,Enum.AccountType)" line-rate="1" branch-rate="1" complexity="6">
              <lines>
                <line number="20" hits="3" branch="False" />
                <line number="21" hits="3" branch="True" condition-coverage="100% (2/2)">
                  <conditions>
                    <condition number="14" type="jump" coverage="100%" />
                  </conditions>
                </line>
                <line number="22" hits="3" branch="False" />
                <line number="23" hits="3" branch="True" condition-coverage="100% (2/2)">
                  <conditions>
                    <condition number="19" type="jump" coverage="100%" />
                  </conditions>
                </line>
                <line number="24" hits="3" branch="True" condition-coverage="100% (2/2)">
                  <conditions>
                    <condition number="44" type="jump" coverage="100%" />
                  </conditions>
                </line>
                <line number="25" hits="2" branch="False" />
                <line number="26" hits="2" branch="False" />
                <line number="28" hits="1" branch="False" />
                <line number="29" hits="1" branch="False" />
                <line number="30" hits="3" branch="False" />
              </lines>
            </method>
            <method name="IsAuthenticated" signature="(System.String,System.String)" line-rate="1" branch-rate="0.8332999999999999" complexity="6">
              <lines>
                <line number="32" hits="2" branch="False" />
                <line number="33" hits="9" branch="True" condition-coverage="100% (2/2)">
                  <conditions>
                    <condition number="122" type="jump" coverage="100%" />
                  </conditions>
                </line>
                <line number="34" hits="2" branch="False" />
                <line number="35" hits="2" branch="True" condition-coverage="75% (3/4)">
                  <conditions>
                    <condition number="47" type="jump" coverage="50%" />
                    <condition number="81" type="jump" coverage="100%" />
                  </conditions>
                </line>
                <line number="36" hits="2" branch="False" />
                <line number="37" hits="1" branch="False" />
                <line number="38" hits="1" branch="False" />
                <line number="39" hits="1" branch="False" />
                <line number="40" hits="1" branch="False" />
                <line number="42" hits="1" branch="False" />
                <line number="43" hits="1" branch="False" />
                <line number="44" hits="2" branch="False" />
              </lines>
            </method>
            <method name="IsAValidAccount" signature="(System.String)" line-rate="1" branch-rate="0.875" complexity="8">
              <lines>
                <line number="46" hits="2" branch="False" />
                <line number="47" hits="9" branch="True" condition-coverage="100% (2/2)">
                  <conditions>
                    <condition number="162" type="jump" coverage="100%" />
                  </conditions>
                </line>
                <line number="48" hits="2" branch="False" />
                <line number="50" hits="2" branch="True" condition-coverage="100% (2/2)">
                  <conditions>
                    <condition number="56" type="jump" coverage="100%" />
                  </conditions>
                </line>
                <line number="51" hits="3" branch="False" />
                <line number="52" hits="2" branch="False" />
                <line number="53" hits="2" branch="True" condition-coverage="100% (2/2)">
                  <conditions>
                    <condition number="101" type="jump" coverage="100%" />
                  </conditions>
                </line>
                <line number="54" hits="6" branch="True" condition-coverage="50% (1/2)">
                  <conditions>
                    <condition number="137" type="jump" coverage="50%" />
                  </conditions>
                </line>
                <line number="55" hits="1" branch="False" />
                <line number="57" hits="1" branch="False" />
                <line number="58" hits="2" branch="False" />
              </lines>
            </method>
            <method name="CheckAccountability" signature="(System.Decimal,System.String)" line-rate="1" branch-rate="1" complexity="10">
              <lines>
                <line number="61" hits="4" branch="False" />
                <line number="63" hits="4" branch="False" />
                <line number="64" hits="4" branch="False" />
                <line number="65" hits="4" branch="False" />
                <line number="66" hits="4" branch="False" />
                <line number="68" hits="4" branch="True" condition-coverage="100% (2/2)">
                  <conditions>
                    <condition number="56" type="jump" coverage="100%" />
                  </conditions>
                </line>
                <line number="69" hits="27" branch="True" condition-coverage="100% (2/2)">
                  <conditions>
                    <condition number="90" type="jump" coverage="100%" />
                  </conditions>
                </line>
                <line number="71" hits="4" branch="True" condition-coverage="100% (2/2)">
                  <conditions>
                    <condition number="115" type="jump" coverage="100%" />
                  </conditions>
                </line>
                <line number="72" hits="3" branch="False" />
                <line number="73" hits="3" branch="True" condition-coverage="100% (4/4)">
                  <conditions>
                    <condition number="136" type="jump" coverage="100%" />
                    <condition number="160" type="jump" coverage="100%" />
                  </conditions>
                </line>
                <line number="74" hits="2" branch="False" />
                <line number="75" hits="1" branch="False" />
                <line number="77" hits="1" branch="False" />
                <line number="78" hits="4" branch="False" />
              </lines>
            </method>
            <method name=".ctor" signature="(Data.Interfaces.ISESSIONS,Data.Interfaces.IBankRepository)" line-rate="1" branch-rate="1" complexity="1">
              <lines>
                <line number="14" hits="1" branch="False" />
                <line number="15" hits="1" branch="False" />
                <line number="16" hits="1" branch="False" />
                <line number="17" hits="1" branch="False" />
                <line number="18" hits="1" branch="False" />
              </lines>
            </method>
          </methods>
          <lines>
            <line number="12" hits="10" branch="False" />
            <line number="13" hits="4" branch="False" />
            <line number="20" hits="3" branch="False" />
            <line number="21" hits="3" branch="True" condition-coverage="100% (2/2)">
              <conditions>
                <condition number="14" type="jump" coverage="100%" />
              </conditions>
            </line>
            <line number="22" hits="3" branch="False" />
            <line number="23" hits="3" branch="True" condition-coverage="100% (2/2)">
              <conditions>
                <condition number="19" type="jump" coverage="100%" />
              </conditions>
            </line>
            <line number="24" hits="3" branch="True" condition-coverage="100% (2/2)">
              <conditions>
                <condition number="44" type="jump" coverage="100%" />
              </conditions>
            </line>
            <line number="25" hits="2" branch="False" />
            <line number="26" hits="2" branch="False" />
            <line number="28" hits="1" branch="False" />
            <line number="29" hits="1" branch="False" />
            <line number="30" hits="3" branch="False" />
            <line number="32" hits="2" branch="False" />
            <line number="33" hits="9" branch="True" condition-coverage="100% (2/2)">
              <conditions>
                <condition number="122" type="jump" coverage="100%" />
              </conditions>
            </line>
            <line number="34" hits="2" branch="False" />
            <line number="35" hits="2" branch="True" condition-coverage="75% (3/4)">
              <conditions>
                <condition number="47" type="jump" coverage="50%" />
                <condition number="81" type="jump" coverage="100%" />
              </conditions>
            </line>
            <line number="36" hits="2" branch="False" />
            <line number="37" hits="1" branch="False" />
            <line number="38" hits="1" branch="False" />
            <line number="39" hits="1" branch="False" />
            <line number="40" hits="1" branch="False" />
            <line number="42" hits="1" branch="False" />
            <line number="43" hits="1" branch="False" />
            <line number="44" hits="2" branch="False" />
            <line number="46" hits="2" branch="False" />
            <line number="47" hits="9" branch="True" condition-coverage="100% (2/2)">
              <conditions>
                <condition number="162" type="jump" coverage="100%" />
              </conditions>
            </line>
            <line number="48" hits="2" branch="False" />
            <line number="50" hits="2" branch="True" condition-coverage="100% (2/2)">
              <conditions>
                <condition number="56" type="jump" coverage="100%" />
              </conditions>
            </line>
            <line number="51" hits="3" branch="False" />
            <line number="52" hits="2" branch="False" />
            <line number="53" hits="2" branch="True" condition-coverage="100% (2/2)">
              <conditions>
                <condition number="101" type="jump" coverage="100%" />
              </conditions>
            </line>
            <line number="54" hits="6" branch="True" condition-coverage="50% (1/2)">
              <conditions>
                <condition number="137" type="jump" coverage="50%" />
              </conditions>
            </line>
            <line number="55" hits="1" branch="False" />
            <line number="57" hits="1" branch="False" />
            <line number="58" hits="2" branch="False" />
            <line number="61" hits="4" branch="False" />
            <line number="63" hits="4" branch="False" />
            <line number="64" hits="4" branch="False" />
            <line number="65" hits="4" branch="False" />
            <line number="66" hits="4" branch="False" />
            <line number="68" hits="4" branch="True" condition-coverage="100% (2/2)">
              <conditions>
                <condition number="56" type="jump" coverage="100%" />
              </conditions>
            </line>
            <line number="69" hits="27" branch="True" condition-coverage="100% (2/2)">
              <conditions>
                <condition number="90" type="jump" coverage="100%" />
              </conditions>
            </line>
            <line number="71" hits="4" branch="True" condition-coverage="100% (2/2)">
              <conditions>
                <condition number="115" type="jump" coverage="100%" />
              </conditions>
            </line>
            <line number="72" hits="3" branch="False" />
            <line number="73" hits="3" branch="True" condition-coverage="100% (4/4)">
              <conditions>
                <condition number="136" type="jump" coverage="100%" />
                <condition number="160" type="jump" coverage="100%" />
              </conditions>
            </line>
            <line number="74" hits="2" branch="False" />
            <line number="75" hits="1" branch="False" />
            <line number="77" hits="1" branch="False" />
            <line number="78" hits="4" branch="False" />
            <line number="14" hits="1" branch="False" />
            <line number="15" hits="1" branch="False" />
            <line number="16" hits="1" branch="False" />
            <line number="17" hits="1" branch="False" />
            <line number="18" hits="1" branch="False" />
          </lines>
        </class>
        <class name="Data.SESSIONS" filename="Documents\decagon task\week 5\bankingSystem Authentication\Data\SESSIONS.cs" line-rate="0" branch-rate="1" complexity="6">
          <methods>
            <method name="get_SESSION" signature="()" line-rate="0" branch-rate="1" complexity="1">
              <lines>
                <line number="13" hits="0" branch="False" />
              </lines>
            </method>
            <method name="set_SESSION" signature="(Model.Customer)" line-rate="0" branch-rate="1" complexity="1">
              <lines>
                <line number="14" hits="0" branch="False" />
              </lines>
            </method>
            <method name="get_IsLogged" signature="()" line-rate="0" branch-rate="1" complexity="1">
              <lines>
                <line number="21" hits="0" branch="False" />
              </lines>
            </method>
            <method name="set_IsLogged" signature="(System.Boolean)" line-rate="0" branch-rate="1" complexity="1">
              <lines>
                <line number="22" hits="0" branch="False" />
              </lines>
            </method>
            <method name="Logout" signature="()" line-rate="0" branch-rate="1" complexity="1">
              <lines>
                <line number="27" hits="0" branch="False" />
                <line number="28" hits="0" branch="False" />
                <line number="29" hits="0" branch="False" />
                <line number="30" hits="0" branch="False" />
              </lines>
            </method>
            <method name=".ctor" signature="()" line-rate="0" branch-rate="1" complexity="1">
              <lines>
                <line number="18" hits="0" branch="False" />
              </lines>
            </method>
          </methods>
          <lines>
            <line number="13" hits="0" branch="False" />
            <line number="14" hits="0" branch="False" />
            <line number="21" hits="0" branch="False" />
            <line number="22" hits="0" branch="False" />
            <line number="27" hits="0" branch="False" />
            <line number="28" hits="0" branch="False" />
            <line number="29" hits="0" branch="False" />
            <line number="30" hits="0" branch="False" />
            <line number="18" hits="0" branch="False" />
          </lines>
        </class>
        <class name="Data.Repositories.AccountRespository" filename="Documents\decagon task\week 5\bankingSystem Authentication\Data\Repositories\AccountRespository.cs" line-rate="1" branch-rate="1" complexity="2">
          <methods>
            <method name="&lt;Retrieve&gt;b__8_0" signature="()" line-rate="1" branch-rate="1" complexity="1">
              <lines>
                <line number="41" hits="2" branch="False" />
              </lines>
            </method>
            <method name=".ctor" signature="(Data.Interfaces.IProtocols,Core.Interfaces.IUserServices,Core.Interfaces.IAccountServices,Data.Interfaces.IWriteToFile)" line-rate="1" branch-rate="1" complexity="1">
              <lines>
                <line number="23" hits="1" branch="False" />
                <line number="24" hits="1" branch="False" />
                <line number="25" hits="1" branch="False" />
                <line number="26" hits="1" branch="False" />
                <line number="27" hits="1" branch="False" />
                <line number="28" hits="1" branch="False" />
                <line number="29" hits="1" branch="False" />
              </lines>
            </method>
          </methods>
          <lines>
            <line number="41" hits="2" branch="False" />
            <line number="23" hits="1" branch="False" />
            <line number="24" hits="1" branch="False" />
            <line number="25" hits="1" branch="False" />
            <line number="26" hits="1" branch="False" />
            <line number="27" hits="1" branch="False" />
            <line number="28" hits="1" branch="False" />
            <line number="29" hits="1" branch="False" />
          </lines>
        </class>
        <class name="Data.Repositories.AccountRespository/&lt;Retrieve&gt;d__8" filename="Documents\decagon task\week 5\bankingSystem Authentication\Data\Repositories\AccountRespository.cs" line-rate="1" branch-rate="1" complexity="4">
          <methods>
            <method name="MoveNext" signature="()" line-rate="1" branch-rate="1" complexity="4">
              <lines>
                <line number="32" hits="2" branch="False" />
                <line number="33" hits="2" branch="True" condition-coverage="100% (4/4)">
                  <conditions>
                    <condition number="39" type="jump" coverage="100%" />
                    <condition number="74" type="jump" coverage="100%" />
                  </conditions>
                </line>
                <line number="34" hits="1" branch="False" />
                <line number="36" hits="1" branch="False" />
                <line number="39" hits="1" branch="False" />
                <line number="40" hits="1" branch="False" />
                <line number="44" hits="1" branch="False" />
                <line number="45" hits="2" branch="False" />
              </lines>
            </method>
          </methods>
          <lines>
            <line number="32" hits="2" branch="False" />
            <line number="33" hits="2" branch="True" condition-coverage="100% (4/4)">
              <conditions>
                <condition number="39" type="jump" coverage="100%" />
                <condition number="74" type="jump" coverage="100%" />
              </conditions>
            </line>
            <line number="34" hits="1" branch="False" />
            <line number="36" hits="1" branch="False" />
            <line number="39" hits="1" branch="False" />
            <line number="40" hits="1" branch="False" />
            <line number="44" hits="1" branch="False" />
            <line number="45" hits="2" branch="False" />
          </lines>
        </class>
        <class name="Data.Repositories.BankRepository" filename="Documents\decagon task\week 5\bankingSystem Authentication\Data\Repositories\BankRepostory.cs" line-rate="0.9229999999999999" branch-rate="0.5" complexity="5">
          <methods>
            <method name="get_FileLocation" signature="()" line-rate="1" branch-rate="1" complexity="1">
              <lines>
                <line number="14" hits="1" branch="False" />
              </lines>
            </method>
            <method name="get_Database" signature="()" line-rate="0" branch-rate="1" complexity="1">
              <lines>
                <line number="17" hits="0" branch="False" />
              </lines>
            </method>
            <method name="get__Temp" signature="()" line-rate="1" branch-rate="1" complexity="1">
              <lines>
                <line number="18" hits="1" branch="False" />
              </lines>
            </method>
            <method name=".ctor" signature="(Core.Interfaces.IAccountServices,Data.Interfaces.IWriteToFile)" line-rate="1" branch-rate="0.5" complexity="2">
              <lines>
                <line number="19" hits="1" branch="False" />
                <line number="20" hits="1" branch="False" />
                <line number="21" hits="1" branch="False" />
                <line number="22" hits="1" branch="False" />
                <line number="24" hits="1" branch="False" />
                <line number="25" hits="1" branch="False" />
                <line number="28" hits="1" branch="True" condition-coverage="50% (1/2)">
                  <conditions>
                    <condition number="76" type="jump" coverage="50%" />
                  </conditions>
                </line>
                <line number="29" hits="1" branch="False" />
                <line number="32" hits="1" branch="False" />
                <line number="33" hits="1" branch="False" />
              </lines>
            </method>
          </methods>
          <lines>
            <line number="14" hits="1" branch="False" />
            <line number="17" hits="0" branch="False" />
            <line number="18" hits="1" branch="False" />
            <line number="19" hits="1" branch="False" />
            <line number="20" hits="1" branch="False" />
            <line number="21" hits="1" branch="False" />
            <line number="22" hits="1" branch="False" />
            <line number="24" hits="1" branch="False" />
            <line number="25" hits="1" branch="False" />
            <line number="28" hits="1" branch="True" condition-coverage="50% (1/2)">
              <conditions>
                <condition number="76" type="jump" coverage="50%" />
              </conditions>
            </line>
            <line number="29" hits="1" branch="False" />
            <line number="32" hits="1" branch="False" />
            <line number="33" hits="1" branch="False" />
          </lines>
        </class>
        <class name="Data.Repositories.BankRepository/&lt;CreateCustomer&gt;d__15" filename="Documents\decagon task\week 5\bankingSystem Authentication\Data\Repositories\BankRepostory.cs" line-rate="1" branch-rate="1" complexity="1">
          <methods>
            <method name="MoveNext" signature="()" line-rate="1" branch-rate="1" complexity="1">
              <lines>
                <line number="36" hits="1" branch="False" />
                <line number="37" hits="1" branch="False" />
                <line number="39" hits="1" branch="False" />
                <line number="40" hits="1" branch="False" />
                <line number="41" hits="1" branch="False" />
                <line number="42" hits="1" branch="False" />
              </lines>
            </method>
          </methods>
          <lines>
            <line number="36" hits="1" branch="False" />
            <line number="37" hits="1" branch="False" />
            <line number="39" hits="1" branch="False" />
            <line number="40" hits="1" branch="False" />
            <line number="41" hits="1" branch="False" />
            <line number="42" hits="1" branch="False" />
          </lines>
        </class>
        <class name="Data.Repositories.GetBankingRecord" filename="Documents\decagon task\week 5\bankingSystem Authentication\Data\Repositories\GetBankingRecord.cs" line-rate="0" branch-rate="0" complexity="5">
          <methods>
            <method name="PrintStatement" signature="(System.String)" line-rate="0" branch-rate="0" complexity="4">
              <lines>
                <line number="19" hits="0" branch="False" />
                <line number="20" hits="0" branch="True" condition-coverage="0% (0/2)">
                  <conditions>
                    <condition number="14" type="jump" coverage="0%" />
                  </conditions>
                </line>
                <line number="21" hits="0" branch="False" />
                <line number="22" hits="0" branch="False" />
                <line number="24" hits="0" branch="True" condition-coverage="0% (0/2)">
                  <conditions>
                    <condition number="36" type="jump" coverage="0%" />
                  </conditions>
                </line>
                <line number="25" hits="0" branch="False" />
                <line number="27" hits="0" branch="False" />
                <line number="28" hits="0" branch="False" />
                <line number="29" hits="0" branch="False" />
              </lines>
            </method>
            <method name=".ctor" signature="(Data.Interfaces.ISESSIONS,Data.Interfaces.IProtocols)" line-rate="0" branch-rate="1" complexity="1">
              <lines>
                <line number="12" hits="0" branch="False" />
                <line number="13" hits="0" branch="False" />
                <line number="14" hits="0" branch="False" />
                <line number="15" hits="0" branch="False" />
                <line number="16" hits="0" branch="False" />
              </lines>
            </method>
          </methods>
          <lines>
            <line number="19" hits="0" branch="False" />
            <line number="20" hits="0" branch="True" condition-coverage="0% (0/2)">
              <conditions>
                <condition number="14" type="jump" coverage="0%" />
              </conditions>
            </line>
            <line number="21" hits="0" branch="False" />
            <line number="22" hits="0" branch="False" />
            <line number="24" hits="0" branch="True" condition-coverage="0% (0/2)">
              <conditions>
                <condition number="36" type="jump" coverage="0%" />
              </conditions>
            </line>
            <line number="25" hits="0" branch="False" />
            <line number="27" hits="0" branch="False" />
            <line number="28" hits="0" branch="False" />
            <line number="29" hits="0" branch="False" />
            <line number="12" hits="0" branch="False" />
            <line number="13" hits="0" branch="False" />
            <line number="14" hits="0" branch="False" />
            <line number="15" hits="0" branch="False" />
            <line number="16" hits="0" branch="False" />
          </lines>
        </class>
        <class name="Data.Repositories.UserRespository" filename="Documents\decagon task\week 5\bankingSystem Authentication\Data\Repositories\UserRespository.cs" line-rate="0" branch-rate="0" complexity="4">
          <methods>
            <method name="&lt;fileLoader&gt;b__8_1" signature="()" line-rate="0" branch-rate="1" complexity="1">
              <lines>
                <line number="92" hits="0" branch="False" />
              </lines>
            </method>
            <method name="&lt;fileLoader&gt;b__8_0" signature="(Model.Customer)" line-rate="0" branch-rate="0" complexity="2">
              <lines>
                <line number="95" hits="0" branch="True" condition-coverage="0% (0/2)">
                  <conditions>
                    <condition number="42" type="jump" coverage="0%" />
                  </conditions>
                </line>
                <line number="96" hits="0" branch="False" />
              </lines>
            </method>
            <method name=".ctor" signature="(Core.Interfaces.IUserServices,Data.Interfaces.IProtocols,Data.Interfaces.IBankRepository)" line-rate="0" branch-rate="1" complexity="1">
              <lines>
                <line number="16" hits="0" branch="False" />
                <line number="17" hits="0" branch="False" />
                <line number="18" hits="0" branch="False" />
                <line number="19" hits="0" branch="False" />
                <line number="20" hits="0" branch="False" />
                <line number="21" hits="0" branch="False" />
              </lines>
            </method>
          </methods>
          <lines>
            <line number="92" hits="0" branch="False" />
            <line number="95" hits="0" branch="True" condition-coverage="0% (0/2)">
              <conditions>
                <condition number="42" type="jump" coverage="0%" />
              </conditions>
            </line>
            <line number="96" hits="0" branch="False" />
            <line number="16" hits="0" branch="False" />
            <line number="17" hits="0" branch="False" />
            <line number="18" hits="0" branch="False" />
            <line number="19" hits="0" branch="False" />
            <line number="20" hits="0" branch="False" />
            <line number="21" hits="0" branch="False" />
          </lines>
        </class>
        <class name="Data.Repositories.UserRespository/&lt;&gt;c__DisplayClass7_0" filename="Documents\decagon task\week 5\bankingSystem Authentication\Data\Repositories\UserRespository.cs" line-rate="0" branch-rate="1" complexity="1">
          <methods>
            <method name="&lt;SaveCustomer&gt;b__0" signature="()" line-rate="0" branch-rate="1" complexity="1">
              <lines>
                <line number="82" hits="0" branch="False" />
              </lines>
            </method>
          </methods>
          <lines>
            <line number="82" hits="0" branch="False" />
          </lines>
        </class>
        <class name="Data.Repositories.UserRespository/&lt;RetrieveDeposit&gt;d__5" filename="Documents\decagon task\week 5\bankingSystem Authentication\Data\Repositories\UserRespository.cs" line-rate="0" branch-rate="0" complexity="2">
          <methods>
            <method name="MoveNext" signature="()" line-rate="0" branch-rate="0" complexity="2">
              <lines>
                <line number="40" hits="0" branch="False" />
                <line number="42" hits="0" branch="False" />
                <line number="43" hits="0" branch="True" condition-coverage="0% (0/2)">
                  <conditions>
                    <condition number="68" type="jump" coverage="0%" />
                  </conditions>
                </line>
                <line number="44" hits="0" branch="False" />
                <line number="45" hits="0" branch="False" />
                <line number="47" hits="0" branch="False" />
                <line number="48" hits="0" branch="False" />
                <line number="49" hits="0" branch="False" />
                <line number="50" hits="0" branch="False" />
                <line number="51" hits="0" branch="False" />
                <line number="53" hits="0" branch="False" />
                <line number="54" hits="0" branch="False" />
              </lines>
            </method>
          </methods>
          <lines>
            <line number="40" hits="0" branch="False" />
            <line number="42" hits="0" branch="False" />
            <line number="43" hits="0" branch="True" condition-coverage="0% (0/2)">
              <conditions>
                <condition number="68" type="jump" coverage="0%" />
              </conditions>
            </line>
            <line number="44" hits="0" branch="False" />
            <line number="45" hits="0" branch="False" />
            <line number="47" hits="0" branch="False" />
            <line number="48" hits="0" branch="False" />
            <line number="49" hits="0" branch="False" />
            <line number="50" hits="0" branch="False" />
            <line number="51" hits="0" branch="False" />
            <line number="53" hits="0" branch="False" />
            <line number="54" hits="0" branch="False" />
          </lines>
        </class>
        <class name="Data.Repositories.UserRespository/&lt;RetrieveWithdrawal&gt;d__4" filename="Documents\decagon task\week 5\bankingSystem Authentication\Data\Repositories\UserRespository.cs" line-rate="0" branch-rate="0" complexity="2">
          <methods>
            <method name="MoveNext" signature="()" line-rate="0" branch-rate="0" complexity="2">
              <lines>
                <line number="23" hits="0" branch="False" />
                <line number="24" hits="0" branch="False" />
                <line number="25" hits="0" branch="True" condition-coverage="0% (0/2)">
                  <conditions>
                    <condition number="74" type="jump" coverage="0%" />
                  </conditions>
                </line>
                <line number="26" hits="0" branch="False" />
                <line number="28" hits="0" branch="False" />
                <line number="29" hits="0" branch="False" />
                <line number="30" hits="0" branch="False" />
                <line number="31" hits="0" branch="False" />
                <line number="32" hits="0" branch="False" />
                <line number="33" hits="0" branch="False" />
                <line number="35" hits="0" branch="False" />
                <line number="37" hits="0" branch="False" />
              </lines>
            </method>
          </methods>
          <lines>
            <line number="23" hits="0" branch="False" />
            <line number="24" hits="0" branch="False" />
            <line number="25" hits="0" branch="True" condition-coverage="0% (0/2)">
              <conditions>
                <condition number="74" type="jump" coverage="0%" />
              </conditions>
            </line>
            <line number="26" hits="0" branch="False" />
            <line number="28" hits="0" branch="False" />
            <line number="29" hits="0" branch="False" />
            <line number="30" hits="0" branch="False" />
            <line number="31" hits="0" branch="False" />
            <line number="32" hits="0" branch="False" />
            <line number="33" hits="0" branch="False" />
            <line number="35" hits="0" branch="False" />
            <line number="37" hits="0" branch="False" />
          </lines>
        </class>
        <class name="Data.Repositories.UserRespository/&lt;SaveCustomer&gt;d__7" filename="Documents\decagon task\week 5\bankingSystem Authentication\Data\Repositories\UserRespository.cs" line-rate="0" branch-rate="1" complexity="1">
          <methods>
            <method name="MoveNext" signature="()" line-rate="0" branch-rate="1" complexity="1">
              <lines>
                <line number="78" hits="0" branch="False" />
                <line number="80" hits="0" branch="False" />
                <line number="81" hits="0" branch="False" />
                <line number="83" hits="0" branch="False" />
                <line number="85" hits="0" branch="False" />
                <line number="86" hits="0" branch="False" />
                <line number="87" hits="0" branch="False" />
                <line number="89" hits="0" branch="False" />
              </lines>
            </method>
          </methods>
          <lines>
            <line number="78" hits="0" branch="False" />
            <line number="80" hits="0" branch="False" />
            <line number="81" hits="0" branch="False" />
            <line number="83" hits="0" branch="False" />
            <line number="85" hits="0" branch="False" />
            <line number="86" hits="0" branch="False" />
            <line number="87" hits="0" branch="False" />
            <line number="89" hits="0" branch="False" />
          </lines>
        </class>
        <class name="Data.Repositories.UserRespository/&lt;TransferRetrieval&gt;d__6" filename="Documents\decagon task\week 5\bankingSystem Authentication\Data\Repositories\UserRespository.cs" line-rate="0" branch-rate="0" complexity="4">
          <methods>
            <method name="MoveNext" signature="()" line-rate="0" branch-rate="0" complexity="4">
              <lines>
                <line number="57" hits="0" branch="False" />
                <line number="59" hits="0" branch="False" />
                <line number="60" hits="0" branch="True" condition-coverage="0% (0/2)">
                  <conditions>
                    <condition number="172" type="jump" coverage="0%" />
                  </conditions>
                </line>
                <line number="61" hits="0" branch="False" />
                <line number="63" hits="0" branch="False" />
                <line number="64" hits="0" branch="True" condition-coverage="0% (0/2)">
                  <conditions>
                    <condition number="327" type="jump" coverage="0%" />
                  </conditions>
                </line>
                <line number="65" hits="0" branch="False" />
                <line number="66" hits="0" branch="False" />
[...]
              </lines>
            </method>
            <method name=".ctor" signature="(System.String,System.String,System.String)" line-rate="1" branch-rate="1" complexity="1">
              <lines>
                <line number="28" hits="6" branch="False" />
                <line number="29" hits="6" branch="False" />
                <line number="30" hits="6" branch="False" />
                <line number="31" hits="6" branch="False" />
                <line number="32" hits="6" branch="False" />
                <line number="33" hits="6" branch="False" />
              </lines>
            </method>
          </methods>
          <lines>
            <line number="10" hits="0" branch="False" />
            <line number="11" hits="18" branch="False" />
            <line number="17" hits="0" branch="False" />
            <line number="18" hits="18" branch="False" />
            <line number="24" hits="6" branch="False" />
            <line number="25" hits="18" branch="False" />
            <line number="28" hits="6" branch="False" />
            <line number="29" hits="6" branch="False" />
            <line number="30" hits="6" branch="False" />
            <line number="31" hits="6" branch="False" />
            <line number="32" hits="6" branch="False" />
            <line number="33" hits="6" branch="False" />
          </lines>
        </class>
        <class name="Model.ValidTransactions" filename="Documents\decagon task\week 5\bankingSystem Authentication\Model\ValidTransactions.cs" line-rate="0.7037" branch-rate="1" complexity="15">
          <methods>
            <method name="get_balance" signature="()" line-rate="0" branch-rate="1" complexity="1">
              <lines>
                <line number="12" hits="0" branch="False" />
              </lines>
            </method>
            <method name="set_balance" signature="(System.Decimal)" line-rate="1" branch-rate="1" complexity="1">
              <lines>
                <line number="13" hits="9" branch="False" />
              </lines>
            </method>
            <method name="get_accountType" signature="()" line-rate="0" branch-rate="1" complexity="1">
              <lines>
                <line number="19" hits="0" branch="False" />
              </lines>
            </method>
            <method name="set_accountType" signature="(Enum.AccountType)" line-rate="0" branch-rate="1" complexity="1">
              <lines>
                <line number="20" hits="0" branch="False" />
              </lines>
            </method>
            <method name="get_AccountNumber" signature="()" line-rate="0" branch-rate="1" complexity="1">
              <lines>
                <line number="26" hits="0" branch="False" />
              </lines>
            </method>
            <method name="set_AccountNumber" signature="(System.String)" line-rate="1" branch-rate="1" complexity="1">
              <lines>
                <line number="27" hits="9" branch="False" />
              </lines>
            </method>
            <method name="get_DateOfTransaction" signature="()" line-rate="0" branch-rate="1" complexity="1">
              <lines>
                <line number="33" hits="0" branch="False" />
              </lines>
            </method>
            <method name="set_DateOfTransaction" signature="(System.DateTime)" line-rate="1" branch-rate="1" complexity="1">
              <lines>
                <line number="34" hits="9" branch="False" />
              </lines>
            </method>
            <method name="get_TransactionDesc" signature="()" line-rate="0" branch-rate="1" complexity="1">
              <lines>
                <line number="40" hits="0" branch="False" />
              </lines>
            </method>
            <method name="set_TransactionDesc" signature="(System.String)" line-rate="1" branch-rate="1" complexity="1">
              <lines>
                <line number="41" hits="9" branch="False" />
              </lines>
            </method>
            <method name="get_TransactionAmount" signature="()" line-rate="0" branch-rate="1" complexity="1">
              <lines>
                <line number="47" hits="0" branch="False" />
              </lines>
            </method>
            <method name="set_TransactionAmount" signature="(System.Decimal)" line-rate="1" branch-rate="1" complexity="1">
              <lines>
                <line number="48" hits="9" branch="False" />
              </lines>
            </method>
            <method name="get_TransactionType" signature="()" line-rate="0" branch-rate="1" complexity="1">
              <lines>
                <line number="54" hits="0" branch="False" />
              </lines>
            </method>
            <method name="set_TransactionType" signature="(System.Int32)" line-rate="1" branch-rate="1" complexity="1">
              <lines>
                <line number="55" hits="9" branch="False" />
              </lines>
            </method>
            <method name=".ctor" signature="(System.String,System.String,System.Decimal,System.Int32,System.Decimal)" line-rate="1" branch-rate="1" complexity="1">
              <lines>
                <line number="58" hits="3" branch="False" />
                <line number="59" hits="3" branch="False" />
                <line number="60" hits="3" branch="False" />
                <line number="61" hits="3" branch="False" />
                <line number="62" hits="3" branch="False" />
                <line number="63" hits="3" branch="False" />
                <line number="64" hits="3" branch="False" />
                <line number="65" hits="3" branch="False" />
                <line number="66" hits="3" branch="False" />
                <line number="67" hits="3" branch="False" />
                <line number="68" hits="3" branch="False" />
                <line number="69" hits="3" branch="False" />
                <line number="70" hits="3" branch="False" />
              </lines>
            </method>
          </methods>
          <lines>
            <line number="12" hits="0" branch="False" />
            <line number="13" hits="9" branch="False" />
            <line number="19" hits="0" branch="False" />
            <line number="20" hits="0" branch="False" />
            <line number="26" hits="0" branch="False" />
            <line number="27" hits="9" branch="False" />
            <line number="33" hits="0" branch="False" />
            <line number="34" hits="9" branch="False" />
            <line number="40" hits="0" branch="False" />
            <line number="41" hits="9" branch="False" />
            <line number="47" hits="0" branch="False" />
            <line number="48" hits="9" branch="False" />
            <line number="54" hits="0" branch="False" />
            <line number="55" hits="9" branch="False" />
            <line number="58" hits="3" branch="False" />
            <line number="59" hits="3" branch="False" />
            <line number="60" hits="3" branch="False" />
            <line number="61" hits="3" branch="False" />
            <line number="62" hits="3" branch="False" />
            <line number="63" hits="3" branch="False" />
            <line number="64" hits="3" branch="False" />
            <line number="65" hits="3" branch="False" />
            <line number="66" hits="3" branch="False" />
            <line number="67" hits="3" branch="False" />
            <line number="68" hits="3" branch="False" />
            <line number="69" hits="3" branch="False" />
            <line number="70" hits="3" branch="False" />
          </lines>
        </class>
      </classes>
    </package>
    <package name="Utility" line-rate="0.9661" branch-rate="0.9545" complexity="23">
      <classes>
        <class name="Utility.AccountGenerator" filename="Documents\decagon task\week 5\bankingSystem Authentication\Utility\AccountGenerator.cs" line-rate="0.8887999999999999" branch-rate="0.5" complexity="3">
          <methods>
            <method name="Generate" signature="()" line-rate="0.8823000000000001" branch-rate="0.5" complexity="2">
              <lines>
                <line number="10" hits="2" branch="False" />
                <line number="11" hits="2" branch="False" />
                <line number="12" hits="2" branch="False" />
                <line number="13" hits="2" branch="False" />
                <line number="14" hits="2" branch="False" />
                <line number="15" hits="2" branch="False" />
                <line number="16" hits="2" branch="False" />
                <line number="17" hits="2" branch="False" />
                <line number="18" hits="2" branch="False" />
                <line number="19" hits="2" branch="True" condition-coverage="50% (1/2)">
                  <conditions>
                    <condition number="89" type="jump" coverage="50%" />
                  </conditions>
                </line>
                <line number="20" hits="0" branch="False" />
                <line number="22" hits="0" branch="False" />
                <line number="25" hits="2" branch="False" />
                <line number="26" hits="2" branch="False" />
                <line number="29" hits="2" branch="False" />
                <line number="30" hits="2" branch="False" />
                <line number="31" hits="2" branch="False" />
              </lines>
            </method>
            <method name=".cctor" signature="()" line-rate="1" branch-rate="1" complexity="1">
              <lines>
                <line number="8" hits="1" branch="False" />
              </lines>
            </method>
          </methods>
          <lines>
            <line number="10" hits="2" branch="False" />
            <line number="11" hits="2" branch="False" />
            <line number="12" hits="2" branch="False" />
            <line number="13" hits="2" branch="False" />
            <line number="14" hits="2" branch="False" />
            <line number="15" hits="2" branch="False" />
            <line number="16" hits="2" branch="False" />
            <line number="17" hits="2" branch="False" />
            <line number="18" hits="2" branch="False" />
            <line number="19" hits="2" branch="True" condition-coverage="50% (1/2)">
              <conditions>
                <condition number="89" type="jump" coverage="50%" />
              </conditions>
            </line>
            <line number="20" hits="0" branch="False" />
            <line number="22" hits="0" branch="False" />
            <line number="25" hits="2" branch="False" />
            <line number="26" hits="2" branch="False" />
            <line number="29" hits="2" branch="False" />
            <line number="30" hits="2" branch="False" />
            <line number="31" hits="2" branch="False" />
            <line number="8" hits="1" branch="False" />
          </lines>
        </class>
        <class name="Utility.Validation" filename="Documents\decagon task\week 5\bankingSystem Authentication\Utility\Validation.cs" line-rate="1" branch-rate="1" complexity="20">
          <methods>
            <method name="ValidateName" signature="(System.String)" line-rate="1" branch-rate="1" complexity="6">
              <lines>
                <line number="9" hits="5" branch="False" />
                <line number="10" hits="5" branch="True" condition-coverage="100% (2/2)">
                  <conditions>
                    <condition number="14" type="jump" coverage="100%" />
                  </conditions>
                </line>
                <line number="11" hits="1" branch="False" />
                <line number="12" hits="1" branch="False" />
                <line number="15" hits="4" branch="False" />
                <line number="16" hits="4" branch="True" condition-coverage="100% (2/2)">
                  <conditions>
                    <condition number="46" type="jump" coverage="100%" />
                  </conditions>
                </line>
                <line number="17" hits="1" branch="False" />
                <line number="18" hits="1" branch="False" />
                <line number="19" hits="1" branch="False" />
                <line number="22" hits="3" branch="False" />
                <line number="23" hits="3" branch="False" />
                <line number="24" hits="3" branch="False" />
                <line number="25" hits="3" branch="False" />
                <line number="26" hits="81" branch="True" condition-coverage="100% (2/2)">
                  <conditions>
                    <condition number="142" type="jump" coverage="100%" />
                  </conditions>
                </line>
                <line number="27" hits="3" branch="False" />
                <line number="29" hits="5" branch="False" />
              </lines>
            </method>
            <method name="ValidatePassword" signature="(System.String)" line-rate="1" branch-rate="1" complexity="10">
              <lines>
                <line number="32" hits="6" branch="False" />
                <line number="33" hits="6" branch="False" />
                <line number="34" hits="6" branch="False" />
                <line number="35" hits="6" branch="False" />
                <line number="37" hits="6" branch="False" />
                <line number="38" hits="6" branch="True" condition-coverage="100% (2/2)">
                  <conditions>
                    <condition number="56" type="jump" coverage="100%" />
                  </conditions>
                </line>
                <line number="39" hits="1" branch="False" />
                <line number="40" hits="1" branch="False" />
                <line number="42" hits="5" branch="True" condition-coverage="100% (8/8)">
                  <conditions>
                    <condition number="76" type="jump" coverage="100%" />
                    <condition number="85" type="jump" coverage="100%" />
                    <condition number="94" type="jump" coverage="100%" />
                    <condition number="110" type="jump" coverage="100%" />
                  </conditions>
                </line>
                <line number="43" hits="2" branch="False" />
                <line number="44" hits="2" branch="False" />
                <line number="47" hits="3" branch="False" />
                <line number="48" hits="3" branch="False" />
                <line number="51" hits="6" branch="False" />
              </lines>
            </method>
            <method name="ValidateEmail" signature="(System.String)" line-rate="1" branch-rate="1" complexity="4">
              <lines>
                <line number="54" hits="5" branch="False" />
                <line number="55" hits="5" branch="True" condition-coverage="100% (2/2)">
                  <conditions>
                    <condition number="14" type="jump" coverage="100%" />
                  </conditions>
                </line>
                <line number="56" hits="1" branch="False" />
                <line number="57" hits="1" branch="False" />
                <line number="58" hits="1" branch="False" />
                <line number="60" hits="4" branch="False" />
                <line number="61" hits="4" branch="True" condition-coverage="100% (2/2)">
                  <conditions>
                    <condition number="54" type="jump" coverage="100%" />
                  </conditions>
                </line>
                <line number="62" hits="1" branch="False" />
                <line number="64" hits="3" branch="False" />
                <line number="65" hits="3" branch="False" />
                <line number="66" hits="5" branch="False" />
              </lines>
            </method>
          </methods>
          <lines>
            <line number="9" hits="5" branch="False" />
            <line number="10" hits="5" branch="True" condition-coverage="100% (2/2)">
              <conditions>
                <condition number="14" type="jump" coverage="100%" />
              </conditions>
            </line>
            <line number="11" hits="1" branch="False" />
            <line number="12" hits="1" branch="False" />
            <line number="15" hits="4" branch="False" />
            <line number="16" hits="4" branch="True" condition-coverage="100% (2/2)">
              <conditions>
                <condition number="46" type="jump" coverage="100%" />
              </conditions>
            </line>
            <line number="17" hits="1" branch="False" />
            <line number="18" hits="1" branch="False" />
            <line number="19" hits="1" branch="False" />
            <line number="22" hits="3" branch="False" />
            <line number="23" hits="3" branch="False" />
            <line number="24" hits="3" branch="False" />
            <line number="25" hits="3" branch="False" />
            <line number="26" hits="81" branch="True" condition-coverage="100% (2/2)">
              <conditions>
                <condition number="142" type="jump" coverage="100%" />
              </conditions>
            </line>
            <line number="27" hits="3" branch="False" />
            <line number="29" hits="5" branch="False" />
            <line number="32" hits="6" branch="False" />
            <line number="33" hits="6" branch="False" />
            <line number="34" hits="6" branch="False" />
            <line number="35" hits="6" branch="False" />
            <line number="37" hits="6" branch="False" />
            <line number="38" hits="6" branch="True" condition-coverage="100% (2/2)">
              <conditions>
                <condition number="56" type="jump" coverage="100%" />
              </conditions>
            </line>
            <line number="39" hits="1" branch="False" />
            <line number="40" hits="1" branch="False" />
            <line number="42" hits="5" branch="True" condition-coverage="100% (8/8)">
              <conditions>
                <condition number="76" type="jump" coverage="100%" />
                <condition number="85" type="jump" coverage="100%" />
                <condition number="94" type="jump" coverage="100%" />
                <condition number="110" type="jump" coverage="100%" />
              </conditions>
            </line>
            <line number="43" hits="2" branch="False" />
            <line number="44" hits="2" branch="False" />
            <line number="47" hits="3" branch="False" />
            <line number="48" hits="3" branch="False" />
            <line number="51" hits="6" branch="False" />
            <line number="54" hits="5" branch="False" />
            <line number="55" hits="5" branch="True" condition-coverage="100% (2/2)">
              <conditions>
                <condition number="14" type="jump" coverage="100%" />
              </conditions>
            </line>
            <line number="56" hits="1" branch="False" />
            <line number="57" hits="1" branch="False" />
            <line number="58" hits="1" branch="False" />
            <line number="60" hits="4" branch="False" />
            <line number="61" hits="4" branch="True" condition-coverage="100% (2/2)">
              <conditions>
                <condition number="54" type="jump" coverage="100%" />
              </conditions>
            </line>
            <line number="62" hits="1" branch="False" />
            <line number="64" hits="3" branch="False" />
            <line number="65" hits="3" branch="False" />
            <line number="66" hits="5" branch="False" />
          </lines>
        </class>
      </classes>
    </package>
  </packages>
</coverage>