TpTrace Verbose: 0 : 20624, 1, 2022/08/03, 12:48:33.805, 2355051988838, vstest.console.dll, Version: 17.2.0-release-20220408-11 Current process architecture: X64
TpTrace Information: 0 : 20624, 1, 2022/08/03, 12:48:33.815, 2355052096318, vstest.console.dll, FilePatternParser: The given file C:\Users\hp\Documents\decagon task\week 5\bankingSystem Authentication\BankingTest\bin\Debug\net5.0\fine-code-coverage\build-output\BankingTest.dll is a full path.
TpTrace Verbose: 0 : 20624, 1, 2022/08/03, 12:48:33.823, 2355052171774, vstest.console.dll, TestPluginCache.DiscoverTestExtensions: finding test extensions in assemblies ends with: RuntimeProvider.dll TPluginInfo: Microsoft.VisualStudio.TestPlatform.Common.ExtensionFramework.Utilities.TestRuntimePluginInformation TExtension: Microsoft.VisualStudio.TestPlatform.ObjectModel.Host.ITestRuntimeProvider
TpTrace Verbose: 0 : 20624, 1, 2022/08/03, 12:48:33.824, 2355052187282, vstest.console.dll, TestPluginCache.GetExtensionPaths: Filtered extension paths: 
TpTrace Verbose: 0 : 20624, 1, 2022/08/03, 12:48:33.825, 2355052188737, vstest.console.dll, TestPluginCache.GetExtensionPaths: Added default extension paths: C:\Program Files\dotnet\sdk\6.0.300\Extensions\DumpMinitool.exe
C:\Program Files\dotnet\sdk\6.0.300\Extensions\DumpMinitool.x86.exe
C:\Program Files\dotnet\sdk\6.0.300\Extensions\Microsoft.Diagnostics.NETCore.Client.dll
C:\Program Files\dotnet\sdk\6.0.300\Extensions\Microsoft.TestPlatform.Extensions.BlameDataCollector.dll
C:\Program Files\dotnet\sdk\6.0.300\Extensions\Microsoft.TestPlatform.Extensions.EventLogCollector.dll
C:\Program Files\dotnet\sdk\6.0.300\Extensions\Microsoft.TestPlatform.TestHostRuntimeProvider.dll
C:\Program Files\dotnet\sdk\6.0.300\Extensions\Microsoft.VisualStudio.TestPlatform.Extensions.Html.TestLogger.dll
C:\Program Files\dotnet\sdk\6.0.300\Extensions\Microsoft.VisualStudio.TestPlatform.Extensions.Trx.TestLogger.dll
TpTrace Verbose: 0 : 20624, 1, 2022/08/03, 12:48:33.825, 2355052189186, vstest.console.dll, TestPluginCache.GetExtensionPaths: Added unfilterableExtensionPaths: 
TpTrace Information: 0 : 20624, 1, 2022/08/03, 12:48:33.825, 2355052195702, vstest.console.dll, AssemblyResolver.ctor: Creating AssemblyResolver with searchDirectories C:\Program Files\dotnet\sdk\6.0.300\Extensions,C:\Program Files\dotnet\sdk\6.0.300
TpTrace Verbose: 0 : 20624, 1, 2022/08/03, 12:48:33.827, 2355052210000, vstest.console.dll, TestPluginCache.DiscoverTestExtensions: Discovering the extensions using extension path.
TpTrace Verbose: 0 : 20624, 1, 2022/08/03, 12:48:33.827, 2355052211241, vstest.console.dll, TestPluginCache.GetExtensionPaths: Filtered extension paths: 
TpTrace Verbose: 0 : 20624, 1, 2022/08/03, 12:48:33.827, 2355052211558, vstest.console.dll, TestPluginCache.GetExtensionPaths: Added default extension paths: C:\Program Files\dotnet\sdk\6.0.300\Extensions\DumpMinitool.exe
C:\Program Files\dotnet\sdk\6.0.300\Extensions\DumpMinitool.x86.exe
C:\Program Files\dotnet\sdk\6.0.300\Extensions\Microsoft.Diagnostics.NETCore.Client.dll
C:\Program Files\dotnet\sdk\6.0.300\Extensions\Microsoft.TestPlatform.Extensions.BlameDataCollector.dll
C:\Program Files\dotnet\sdk\6.0.300\Extensions\Microsoft.TestPlatform.Extensions.EventLogCollector.dll
C:\Program Files\dotnet\sdk\6.0.300\Extensions\Microsoft.TestPlatform.TestHostRuntimeProvider.dll
C:\Program Files\dotnet\sdk\6.0.300\Extensions\Microsoft.VisualStudio.TestPlatform.Extensions.Html.TestLogger.dll
C:\Program Files\dotnet\sdk\6.0.300\Extensions\Microsoft.VisualStudio.TestPlatform.Extensions.Trx.TestLogger.dll
TpTrace Verbose: 0 : 20624, 1, 2022/08/03, 12:48:33.827, 2355052211818, vstest.console.dll, TestPluginCache.GetExtensionPaths: Added unfilterableExtensionPaths: 
TpTrace Verbose: 0 : 20624, 1, 2022/08/03, 12:48:33.827, 2355052212290, vstest.console.dll, TestPluginCache.DiscoverTestExtensions: Discovering the extensions using allExtensionPaths: C:\Program Files\dotnet\sdk\6.0.300\Extensions\DumpMinitool.exe
C:\Program Files\dotnet\sdk\6.0.300\Extensions\DumpMinitool.x86.exe
C:\Program Files\dotnet\sdk\6.0.300\Extensions\Microsoft.Diagnostics.NETCore.Client.dll
C:\Program Files\dotnet\sdk\6.0.300\Extensions\Microsoft.TestPlatform.Extensions.BlameDataCollector.dll
C:\Program Files\dotnet\sdk\6.0.300\Extensions\Microsoft.TestPlatform.Extensions.EventLogCollector.dll
C:\Program Files\dotnet\sdk\6.0.300\Extensions\Microsoft.TestPlatform.TestHostRuntimeProvider.dll
C:\Program Files\dotnet\sdk\6.0.300\Extensions\Microsoft.VisualStudio.TestPlatform.Extensions.Html.TestLogger.dll
C:\Program Files\dotnet\sdk\6.0.300\Extensions\Microsoft.VisualStudio.TestPlatform.Extensions.Trx.TestLogger.dll
TpTrace Information: 0 : 20624, 1, 2022/08/03, 12:48:33.827, 2355052213976, vstest.console.dll, AssemblyResolver.AddSearchDirectories: Adding more searchDirectories C:\Program Files\dotnet\sdk\6.0.300\Extensions,C:\Program Files\dotnet\sdk\6.0.300
TpTrace Information: 0 : 20624, 1, 2022/08/03, 12:48:33.827, 2355052214415, vstest.console.dll, AssemblyResolver.AddSearchDirectories: Adding more searchDirectories C:\Program Files\dotnet\sdk\6.0.300\Extensions,C:\Program Files\dotnet\sdk\6.0.300
TpTrace Information: 0 : 20624, 1, 2022/08/03, 12:48:33.827, 2355052214690, vstest.console.dll, AssemblyResolver.AddSearchDirectories: Adding more searchDirectories C:\Program Files\dotnet\sdk\6.0.300\Extensions,C:\Program Files\dotnet\sdk\6.0.300
TpTrace Information: 0 : 20624, 1, 2022/08/03, 12:48:33.827, 2355052214898, vstest.console.dll, AssemblyResolver.AddSearchDirectories: Adding more searchDirectories C:\Program Files\dotnet\sdk\6.0.300\Extensions,C:\Program Files\dotnet\sdk\6.0.300
TpTrace Information: 0 : 20624, 1, 2022/08/03, 12:48:33.827, 2355052215104, vstest.console.dll, AssemblyResolver.AddSearchDirectories: Adding more searchDirectories C:\Program Files\dotnet\sdk\6.0.300\Extensions,C:\Program Files\dotnet\sdk\6.0.300
TpTrace Information: 0 : 20624, 1, 2022/08/03, 12:48:33.827, 2355052215341, vstest.console.dll, AssemblyResolver.AddSearchDirectories: Adding more searchDirectories C:\Program Files\dotnet\sdk\6.0.300\Extensions,C:\Program Files\dotnet\sdk\6.0.300
TpTrace Information: 0 : 20624, 1, 2022/08/03, 12:48:33.827, 2355052215544, vstest.console.dll, AssemblyResolver.AddSearchDirectories: Adding more searchDirectories C:\Program Files\dotnet\sdk\6.0.300\Extensions,C:\Program Files\dotnet\sdk\6.0.300
TpTrace Information: 0 : 20624, 1, 2022/08/03, 12:48:33.827, 2355052215750, vstest.console.dll, AssemblyResolver.AddSearchDirectories: Adding more searchDirectories C:\Program Files\dotnet\sdk\6.0.300\Extensions,C:\Program Files\dotnet\sdk\6.0.300
TpTrace Information: 0 : 20624, 1, 2022/08/03, 12:48:33.828, 2355052219000, vstest.console.dll, AssemblyResolver.OnResolve: DumpMinitool: Resolving assembly.
TpTrace Information: 0 : 20624, 1, 2022/08/03, 12:48:33.828, 2355052220136, vstest.console.dll, AssemblyResolver.OnResolve: DumpMinitool: Searching in: 'C:\Program Files\dotnet\sdk\6.0.300\Extensions'.
TpTrace Information: 0 : 20624, 1, 2022/08/03, 12:48:33.828, 2355052221154, vstest.console.dll, AssemblyResolver.OnResolve: DumpMinitool: Assembly path does not exist: 'C:\Program Files\dotnet\sdk\6.0.300\Extensions\DumpMinitool.dll', returning.
TpTrace Information: 0 : 20624, 1, 2022/08/03, 12:48:33.829, 2355052228494, vstest.console.dll, AssemblyResolver.OnResolve: DumpMinitool: Loading assembly 'C:\Program Files\dotnet\sdk\6.0.300\Extensions\DumpMinitool.exe'.
TpTrace Information: 0 : 20624, 1, 2022/08/03, 12:48:33.829, 2355052236204, vstest.console.dll, AssemblyResolver.OnResolve: Resolved assembly: DumpMinitool, from path: C:\Program Files\dotnet\sdk\6.0.300\Extensions\DumpMinitool.exe
TpTrace Verbose: 0 : 20624, 1, 2022/08/03, 12:48:33.835, 2355052295066, vstest.console.dll, MetadataReaderExtensionsHelper: Discovering extensions inside assembly 'DumpMinitool, Version=15.0.0.0, Culture=neutral, PublicKeyToken=b03f5f7f11d50a3a' file path 'C:\Program Files\dotnet\sdk\6.0.300\Extensions\DumpMinitool.exe'
TpTrace Information: 0 : 20624, 1, 2022/08/03, 12:48:33.845, 2355052388422, vstest.console.dll, AssemblyResolver.OnResolve: DumpMinitool.x86: Resolving assembly.
TpTrace Information: 0 : 20624, 1, 2022/08/03, 12:48:33.845, 2355052390561, vstest.console.dll, AssemblyResolver.OnResolve: DumpMinitool.x86: Searching in: 'C:\Program Files\dotnet\sdk\6.0.300\Extensions'.
TpTrace Information: 0 : 20624, 1, 2022/08/03, 12:48:33.845, 2355052391680, vstest.console.dll, AssemblyResolver.OnResolve: DumpMinitool.x86: Assembly path does not exist: 'C:\Program Files\dotnet\sdk\6.0.300\Extensions\DumpMinitool.x86.dll', returning.
TpTrace Information: 0 : 20624, 1, 2022/08/03, 12:48:33.845, 2355052396128, vstest.console.dll, AssemblyResolver.OnResolve: DumpMinitool.x86: Loading assembly 'C:\Program Files\dotnet\sdk\6.0.300\Extensions\DumpMinitool.x86.exe'.
TpTrace Information: 0 : 20624, 1, 2022/08/03, 12:48:33.846, 2355052399812, vstest.console.dll, AssemblyResolver.OnResolve: Resolved assembly: DumpMinitool.x86, from path: C:\Program Files\dotnet\sdk\6.0.300\Extensions\DumpMinitool.x86.exe
TpTrace Verbose: 0 : 20624, 1, 2022/08/03, 12:48:33.846, 2355052400407, vstest.console.dll, MetadataReaderExtensionsHelper: Discovering extensions inside assembly 'DumpMinitool.x86, Version=15.0.0.0, Culture=neutral, PublicKeyToken=b03f5f7f11d50a3a' file path 'C:\Program Files\dotnet\sdk\6.0.300\Extensions\DumpMinitool.x86.exe'
TpTrace Information: 0 : 20624, 1, 2022/08/03, 12:48:33.847, 2355052409064, vstest.console.dll, AssemblyResolver.OnResolve: Microsoft.Diagnostics.NETCore.Client: Resolving assembly.
TpTrace Information: 0 : 20624, 1, 2022/08/03, 12:48:33.847, 2355052410277, vstest.console.dll, AssemblyResolver.OnResolve: Microsoft.Diagnostics.NETCore.Client: Searching in: 'C:\Program Files\dotnet\sdk\6.0.300\Extensions'.
TpTrace Information: 0 : 20624, 1, 2022/08/03, 12:48:33.847, 2355052414207, vstest.console.dll, AssemblyResolver.OnResolve: Microsoft.Diagnostics.NETCore.Client: Loading assembly 'C:\Program Files\dotnet\sdk\6.0.300\Extensions\Microsoft.Diagnostics.NETCore.Client.dll'.
TpTrace Information: 0 : 20624, 1, 2022/08/03, 12:48:33.848, 2355052419671, vstest.console.dll, AssemblyResolver.OnResolve: Resolved assembly: Microsoft.Diagnostics.NETCore.Client, from path: C:\Program Files\dotnet\sdk\6.0.300\Extensions\Microsoft.Diagnostics.NETCore.Client.dll
TpTrace Verbose: 0 : 20624, 1, 2022/08/03, 12:48:33.848, 2355052420831, vstest.console.dll, MetadataReaderExtensionsHelper: Discovering extensions inside assembly 'Microsoft.Diagnostics.NETCore.Client, Version=0.2.5.801, Culture=neutral, PublicKeyToken=31bf3856ad364e35' file path 'C:\Program Files\dotnet\sdk\6.0.300\Extensions\Microsoft.Diagnostics.NETCore.Client.dll'
TpTrace Information: 0 : 20624, 1, 2022/08/03, 12:48:33.854, 2355052485133, vstest.console.dll, AssemblyResolver.OnResolve: Microsoft.Bcl.AsyncInterfaces: Resolving assembly.
TpTrace Information: 0 : 20624, 1, 2022/08/03, 12:48:33.854, 2355052486498, vstest.console.dll, AssemblyResolver.OnResolve: Microsoft.Bcl.AsyncInterfaces: Searching in: 'C:\Program Files\dotnet\sdk\6.0.300\Extensions'.
TpTrace Information: 0 : 20624, 1, 2022/08/03, 12:48:33.854, 2355052487327, vstest.console.dll, AssemblyResolver.OnResolve: Microsoft.Bcl.AsyncInterfaces: Assembly path does not exist: 'C:\Program Files\dotnet\sdk\6.0.300\Extensions\Microsoft.Bcl.AsyncInterfaces.dll', returning.
TpTrace Information: 0 : 20624, 1, 2022/08/03, 12:48:33.855, 2355052488194, vstest.console.dll, AssemblyResolver.OnResolve: Microsoft.Bcl.AsyncInterfaces: Assembly path does not exist: 'C:\Program Files\dotnet\sdk\6.0.300\Extensions\Microsoft.Bcl.AsyncInterfaces.exe', returning.
TpTrace Information: 0 : 20624, 1, 2022/08/03, 12:48:33.855, 2355052488625, vstest.console.dll, AssemblyResolver.OnResolve: Microsoft.Bcl.AsyncInterfaces: Searching in: 'C:\Program Files\dotnet\sdk\6.0.300'.
TpTrace Information: 0 : 20624, 1, 2022/08/03, 12:48:33.855, 2355052489400, vstest.console.dll, AssemblyResolver.OnResolve: Microsoft.Bcl.AsyncInterfaces: Assembly path does not exist: 'C:\Program Files\dotnet\sdk\6.0.300\Microsoft.Bcl.AsyncInterfaces.dll', returning.
TpTrace Information: 0 : 20624, 1, 2022/08/03, 12:48:33.855, 2355052490173, vstest.console.dll, AssemblyResolver.OnResolve: Microsoft.Bcl.AsyncInterfaces: Assembly path does not exist: 'C:\Program Files\dotnet\sdk\6.0.300\Microsoft.Bcl.AsyncInterfaces.exe', returning.
TpTrace Information: 0 : 20624, 1, 2022/08/03, 12:48:33.855, 2355052490678, vstest.console.dll, AssemblyResolver.OnResolve: Microsoft.Bcl.AsyncInterfaces: Failed to load assembly.
TpTrace Verbose: 0 : 20624, 1, 2022/08/03, 12:48:33.855, 2355052491427, vstest.console.dll, CurrentDomainAssemblyResolve: Resolving assembly 'Microsoft.Bcl.AsyncInterfaces'.
TpTrace Information: 0 : 20624, 1, 2022/08/03, 12:48:33.855, 2355052492804, vstest.console.dll, AssemblyResolver.OnResolve: Microsoft.Bcl.AsyncInterfaces: Resolving assembly.
TpTrace Information: 0 : 20624, 1, 2022/08/03, 12:48:33.855, 2355052493590, vstest.console.dll, AssemblyResolver.OnResolve: Microsoft.Bcl.AsyncInterfaces: Resolved from cache.
TpTrace Verbose: 0 : 20624, 1, 2022/08/03, 12:48:33.855, 2355052493979, vstest.console.dll, CurrentDomainAssemblyResolve: Resolving assembly 'Microsoft.Bcl.AsyncInterfaces'.
TpTrace Verbose: 0 : 20624, 1, 2022/08/03, 12:48:33.855, 2355052494398, vstest.console.dll, CurrentDomainAssemblyResolve: Failed to resolve assembly 'Microsoft.Bcl.AsyncInterfaces'.
TpTrace Verbose: 0 : 20624, 1, 2022/08/03, 12:48:33.856, 2355052500886, vstest.console.dll, CurrentDomainAssemblyResolve: Failed to resolve assembly 'Microsoft.Bcl.AsyncInterfaces'.
TpTrace Warning: 0 : 20624, 1, 2022/08/03, 12:48:33.866, 2355052607586, vstest.console.dll, TestPluginDiscoverer: Failed to get types from assembly 'Microsoft.Diagnostics.NETCore.Client, Version=0.2.5.801, Culture=neutral, PublicKeyToken=31bf3856ad364e35'. Error: System.Reflection.ReflectionTypeLoadException: Unable to load one or more of the requested types.
Could not load file or assembly 'Microsoft.Bcl.AsyncInterfaces, Version=1.0.0.0, Culture=neutral, PublicKeyToken=cc7b13ffcd2ddd51'. The system cannot find the file specified.
   at System.Reflection.RuntimeModule.GetTypes(RuntimeModule module)
   at System.Reflection.Assembly.GetTypes()
   at Microsoft.VisualStudio.TestPlatform.Common.ExtensionFramework.TestPluginDiscoverer.GetTestExtensionsFromAssembly[TPluginInfo,TExtension](Assembly assembly, Dictionary`2 pluginInfos, String filePath)
System.IO.FileNotFoundException: Could not load file or assembly 'Microsoft.Bcl.AsyncInterfaces, Version=1.0.0.0, Culture=neutral, PublicKeyToken=cc7b13ffcd2ddd51'. The system cannot find the file specified.
File name: 'Microsoft.Bcl.AsyncInterfaces, Version=1.0.0.0, Culture=neutral, PublicKeyToken=cc7b13ffcd2ddd51'
 ---> System.IO.FileNotFoundException: Could not load file or assembly 'Microsoft.Bcl.AsyncInterfaces, Culture=neutral, PublicKeyToken=null'. The system cannot find the file specified.
File name: 'Microsoft.Bcl.AsyncInterfaces, Culture=neutral, PublicKeyToken=null'
   at System.Reflection.RuntimeAssembly.InternalLoad(ObjectHandleOnStack assemblyName, ObjectHandleOnStack requestingAssembly, StackCrawlMarkHandle stackMark, Boolean throwOnFileNotFound, ObjectHandleOnStack assemblyLoadContext, ObjectHandleOnStack retAssembly)
   at System.Reflection.RuntimeAssembly.InternalLoad(AssemblyName assemblyName, RuntimeAssembly requestingAssembly, StackCrawlMark& stackMark, Boolean throwOnFileNotFound, AssemblyLoadContext assemblyLoadContext)
   at System.Reflection.Assembly.Load(AssemblyName assemblyRef)
   at Microsoft.VisualStudio.TestPlatform.Common.ExtensionFramework.TestPluginCache.CurrentDomainAssemblyResolve(Object sender, AssemblyResolveEventArgs args)
   at Microsoft.VisualStudio.TestPlatform.PlatformAbstractions.PlatformAssemblyResolver.AssemblyResolverEvent(Object sender, Object eventArgs)
   at System.Runtime.Loader.AssemblyLoadContext.GetFirstResolvedAssemblyFromResolvingEvent(AssemblyName assemblyName)
   at System.Runtime.Loader.AssemblyLoadContext.ResolveUsingEvent(AssemblyName assemblyName)
   at System.Runtime.Loader.AssemblyLoadContext.ResolveUsingResolvingEvent(IntPtr gchManagedAssemblyLoadContext, AssemblyName assemblyName)
TpTrace Warning: 0 : 20624, 1, 2022/08/03, 12:48:33.867, 2355052610865, vstest.console.dll, LoaderExceptions: System.IO.FileNotFoundException: Could not load file or assembly 'Microsoft.Bcl.AsyncInterfaces, Version=1.0.0.0, Culture=neutral, PublicKeyToken=cc7b13ffcd2ddd51'. The system cannot find the file specified.
File name: 'Microsoft.Bcl.AsyncInterfaces, Version=1.0.0.0, Culture=neutral, PublicKeyToken=cc7b13ffcd2ddd51'
 ---> System.IO.FileNotFoundException: Could not load file or assembly 'Microsoft.Bcl.AsyncInterfaces, Culture=neutral, PublicKeyToken=null'. The system cannot find the file specified.
File name: 'Microsoft.Bcl.AsyncInterfaces, Culture=neutral, PublicKeyToken=null'
   at System.Reflection.RuntimeAssembly.InternalLoad(ObjectHandleOnStack assemblyName, ObjectHandleOnStack requestingAssembly, StackCrawlMarkHandle stackMark, Boolean throwOnFileNotFound, ObjectHandleOnStack assemblyLoadContext, ObjectHandleOnStack retAssembly)
   at System.Reflection.RuntimeAssembly.InternalLoad(AssemblyName assemblyName, RuntimeAssembly requestingAssembly, StackCrawlMark& stackMark, Boolean throwOnFileNotFound, AssemblyLoadContext assemblyLoadContext)
   at System.Reflection.Assembly.Load(AssemblyName assemblyRef)
   at Microsoft.VisualStudio.TestPlatform.Common.ExtensionFramework.TestPluginCache.CurrentDomainAssemblyResolve(Object sender, AssemblyResolveEventArgs args)
   at Microsoft.VisualStudio.TestPlatform.PlatformAbstractions.PlatformAssemblyResolver.AssemblyResolverEvent(Object sender, Object eventArgs)
   at System.Runtime.Loader.AssemblyLoadContext.GetFirstResolvedAssemblyFromResolvingEvent(AssemblyName assemblyName)
   at System.Runtime.Loader.AssemblyLoadContext.ResolveUsingEvent(AssemblyName assemblyName)
   at System.Runtime.Loader.AssemblyLoadContext.ResolveUsingResolvingEvent(IntPtr gchManagedAssemblyLoadContext, AssemblyName assemblyName)
TpTrace Information: 0 : 20624, 1, 2022/08/03, 12:48:33.867, 2355052612044, vstest.console.dll, AssemblyResolver.OnResolve: Microsoft.TestPlatform.Extensions.BlameDataCollector: Resolving assembly.
TpTrace Information: 0 : 20624, 1, 2022/08/03, 12:48:33.867, 2355052612274, vstest.console.dll, AssemblyResolver.OnResolve: Microsoft.TestPlatform.Extensions.BlameDataCollector: Searching in: 'C:\Program Files\dotnet\sdk\6.0.300\Extensions'.
TpTrace Information: 0 : 20624, 1, 2022/08/03, 12:48:33.867, 2355052616597, vstest.console.dll, AssemblyResolver.OnResolve: Microsoft.TestPlatform.Extensions.BlameDataCollector: Loading assembly 'C:\Program Files\dotnet\sdk\6.0.300\Extensions\Microsoft.TestPlatform.Extensions.BlameDataCollector.dll'.
TpTrace Information: 0 : 20624, 1, 2022/08/03, 12:48:33.868, 2355052627469, vstest.console.dll, AssemblyResolver.OnResolve: Resolved assembly: Microsoft.TestPlatform.Extensions.BlameDataCollector, from path: C:\Program Files\dotnet\sdk\6.0.300\Extensions\Microsoft.TestPlatform.Extensions.BlameDataCollector.dll
TpTrace Verbose: 0 : 20624, 1, 2022/08/03, 12:48:33.869, 2355052628351, vstest.console.dll, MetadataReaderExtensionsHelper: Discovering extensions inside assembly 'Microsoft.TestPlatform.Extensions.BlameDataCollector, Version=15.0.0.0, Culture=neutral, PublicKeyToken=b03f5f7f11d50a3a' file path 'C:\Program Files\dotnet\sdk\6.0.300\Extensions\Microsoft.TestPlatform.Extensions.BlameDataCollector.dll'
TpTrace Information: 0 : 20624, 1, 2022/08/03, 12:48:33.870, 2355052645358, vstest.console.dll, AssemblyResolver.OnResolve: Microsoft.TestPlatform.Extensions.EventLogCollector: Resolving assembly.
TpTrace Information: 0 : 20624, 1, 2022/08/03, 12:48:33.870, 2355052646501, vstest.console.dll, AssemblyResolver.OnResolve: Microsoft.TestPlatform.Extensions.EventLogCollector: Searching in: 'C:\Program Files\dotnet\sdk\6.0.300\Extensions'.
TpTrace Information: 0 : 20624, 1, 2022/08/03, 12:48:33.871, 2355052653637, vstest.console.dll, AssemblyResolver.OnResolve: Microsoft.TestPlatform.Extensions.EventLogCollector: Loading assembly 'C:\Program Files\dotnet\sdk\6.0.300\Extensions\Microsoft.TestPlatform.Extensions.EventLogCollector.dll'.
TpTrace Information: 0 : 20624, 1, 2022/08/03, 12:48:33.872, 2355052663252, vstest.console.dll, AssemblyResolver.OnResolve: Resolved assembly: Microsoft.TestPlatform.Extensions.EventLogCollector, from path: C:\Program Files\dotnet\sdk\6.0.300\Extensions\Microsoft.TestPlatform.Extensions.EventLogCollector.dll
TpTrace Verbose: 0 : 20624, 1, 2022/08/03, 12:48:33.872, 2355052664126, vstest.console.dll, MetadataReaderExtensionsHelper: Discovering extensions inside assembly 'Microsoft.TestPlatform.Extensions.EventLogCollector, Version=15.0.0.0, Culture=neutral, PublicKeyToken=b03f5f7f11d50a3a' file path 'C:\Program Files\dotnet\sdk\6.0.300\Extensions\Microsoft.TestPlatform.Extensions.EventLogCollector.dll'
TpTrace Information: 0 : 20624, 1, 2022/08/03, 12:48:33.874, 2355052680015, vstest.console.dll, AssemblyResolver.OnResolve: Microsoft.TestPlatform.TestHostRuntimeProvider: Resolving assembly.
TpTrace Information: 0 : 20624, 1, 2022/08/03, 12:48:33.874, 2355052680642, vstest.console.dll, AssemblyResolver.OnResolve: Microsoft.TestPlatform.TestHostRuntimeProvider: Searching in: 'C:\Program Files\dotnet\sdk\6.0.300\Extensions'.
TpTrace Information: 0 : 20624, 1, 2022/08/03, 12:48:33.874, 2355052685127, vstest.console.dll, AssemblyResolver.OnResolve: Microsoft.TestPlatform.TestHostRuntimeProvider: Loading assembly 'C:\Program Files\dotnet\sdk\6.0.300\Extensions\Microsoft.TestPlatform.TestHostRuntimeProvider.dll'.
TpTrace Information: 0 : 20624, 1, 2022/08/03, 12:48:33.875, 2355052690106, vstest.console.dll, AssemblyResolver.OnResolve: Resolved assembly: Microsoft.TestPlatform.TestHostRuntimeProvider, from path: C:\Program Files\dotnet\sdk\6.0.300\Extensions\Microsoft.TestPlatform.TestHostRuntimeProvider.dll
TpTrace Verbose: 0 : 20624, 1, 2022/08/03, 12:48:33.875, 2355052690759, vstest.console.dll, MetadataReaderExtensionsHelper: Discovering extensions inside assembly 'Microsoft.TestPlatform.TestHostRuntimeProvider, Version=15.0.0.0, Culture=neutral, PublicKeyToken=b03f5f7f11d50a3a' file path 'C:\Program Files\dotnet\sdk\6.0.300\Extensions\Microsoft.TestPlatform.TestHostRuntimeProvider.dll'
TpTrace Information: 0 : 20624, 1, 2022/08/03, 12:48:33.877, 2355052713066, vstest.console.dll, GetTestExtensionFromType: Register extension with identifier data 'HostProvider://DefaultTestHost' and type 'Microsoft.VisualStudio.TestPlatform.CrossPlatEngine.Hosting.DefaultTestHostManager, Microsoft.TestPlatform.TestHostRuntimeProvider, Version=15.0.0.0, Culture=neutral, PublicKeyToken=b03f5f7f11d50a3a' inside file 'C:\Program Files\dotnet\sdk\6.0.300\Extensions\Microsoft.TestPlatform.TestHostRuntimeProvider.dll'
TpTrace Information: 0 : 20624, 1, 2022/08/03, 12:48:33.877, 2355052714085, vstest.console.dll, GetTestExtensionFromType: Register extension with identifier data 'HostProvider://DotnetTestHost' and type 'Microsoft.VisualStudio.TestPlatform.CrossPlatEngine.Hosting.DotnetTestHostManager, Microsoft.TestPlatform.TestHostRuntimeProvider, Version=15.0.0.0, Culture=neutral, PublicKeyToken=b03f5f7f11d50a3a' inside file 'C:\Program Files\dotnet\sdk\6.0.300\Extensions\Microsoft.TestPlatform.TestHostRuntimeProvider.dll'
TpTrace Information: 0 : 20624, 1, 2022/08/03, 12:48:33.877, 2355052714741, vstest.console.dll, AssemblyResolver.OnResolve: Microsoft.VisualStudio.TestPlatform.Extensions.Html.TestLogger: Resolving assembly.
TpTrace Information: 0 : 20624, 1, 2022/08/03, 12:48:33.877, 2355052714993, vstest.console.dll, AssemblyResolver.OnResolve: Microsoft.VisualStudio.TestPlatform.Extensions.Html.TestLogger: Searching in: 'C:\Program Files\dotnet\sdk\6.0.300\Extensions'.
TpTrace Information: 0 : 20624, 1, 2022/08/03, 12:48:33.878, 2355052723145, vstest.console.dll, AssemblyResolver.OnResolve: Microsoft.VisualStudio.TestPlatform.Extensions.Html.TestLogger: Loading assembly 'C:\Program Files\dotnet\sdk\6.0.300\Extensions\Microsoft.VisualStudio.TestPlatform.Extensions.Html.TestLogger.dll'.
TpTrace Information: 0 : 20624, 1, 2022/08/03, 12:48:33.879, 2355052729659, vstest.console.dll, AssemblyResolver.OnResolve: Resolved assembly: Microsoft.VisualStudio.TestPlatform.Extensions.Html.TestLogger, from path: C:\Program Files\dotnet\sdk\6.0.300\Extensions\Microsoft.VisualStudio.TestPlatform.Extensions.Html.TestLogger.dll
TpTrace Verbose: 0 : 20624, 1, 2022/08/03, 12:48:33.879, 2355052730689, vstest.console.dll, MetadataReaderExtensionsHelper: Discovering extensions inside assembly 'Microsoft.VisualStudio.TestPlatform.Extensions.Html.TestLogger, Version=15.0.0.0, Culture=neutral, PublicKeyToken=b03f5f7f11d50a3a' file path 'C:\Program Files\dotnet\sdk\6.0.300\Extensions\Microsoft.VisualStudio.TestPlatform.Extensions.Html.TestLogger.dll'
TpTrace Information: 0 : 20624, 1, 2022/08/03, 12:48:33.880, 2355052739352, vstest.console.dll, AssemblyResolver.OnResolve: Microsoft.VisualStudio.TestPlatform.Extensions.Trx.TestLogger: Resolving assembly.
TpTrace Information: 0 : 20624, 1, 2022/08/03, 12:48:33.880, 2355052739826, vstest.console.dll, AssemblyResolver.OnResolve: Microsoft.VisualStudio.TestPlatform.Extensions.Trx.TestLogger: Searching in: 'C:\Program Files\dotnet\sdk\6.0.300\Extensions'.
TpTrace Information: 0 : 20624, 1, 2022/08/03, 12:48:33.880, 2355052742823, vstest.console.dll, AssemblyResolver.OnResolve: Microsoft.VisualStudio.TestPlatform.Extensions.Trx.TestLogger: Loading assembly 'C:\Program Files\dotnet\sdk\6.0.300\Extensions\Microsoft.VisualStudio.TestPlatform.Extensions.Trx.TestLogger.dll'.
TpTrace Information: 0 : 20624, 1, 2022/08/03, 12:48:33.880, 2355052746787, vstest.console.dll, AssemblyResolver.OnResolve: Resolved assembly: Microsoft.VisualStudio.TestPlatform.Extensions.Trx.TestLogger, from path: C:\Program Files\dotnet\sdk\6.0.300\Extensions\Microsoft.VisualStudio.TestPlatform.Extensions.Trx.TestLogger.dll
TpTrace Verbose: 0 : 20624, 1, 2022/08/03, 12:48:33.880, 2355052747340, vstest.console.dll, MetadataReaderExtensionsHelper: Discovering extensions inside assembly 'Microsoft.VisualStudio.TestPlatform.Extensions.Trx.TestLogger, Version=15.0.0.0, Culture=neutral, PublicKeyToken=b03f5f7f11d50a3a' file path 'C:\Program Files\dotnet\sdk\6.0.300\Extensions\Microsoft.VisualStudio.TestPlatform.Extensions.Trx.TestLogger.dll'
TpTrace Verbose: 0 : 20624, 1, 2022/08/03, 12:48:33.881, 2355052754484, vstest.console.dll, TestPluginCache: Discovered the extensions using extension path ''.
TpTrace Verbose: 0 : 20624, 1, 2022/08/03, 12:48:33.881, 2355052754952, vstest.console.dll, TestPluginCache: Discoverers are ''.
TpTrace Verbose: 0 : 20624, 1, 2022/08/03, 12:48:33.881, 2355052755113, vstest.console.dll, TestPluginCache: Executors are ''.
TpTrace Verbose: 0 : 20624, 1, 2022/08/03, 12:48:33.881, 2355052755254, vstest.console.dll, TestPluginCache: Executors2 are ''.
TpTrace Verbose: 0 : 20624, 1, 2022/08/03, 12:48:33.881, 2355052755393, vstest.console.dll, TestPluginCache: Setting providers are ''.
TpTrace Verbose: 0 : 20624, 1, 2022/08/03, 12:48:33.881, 2355052755532, vstest.console.dll, TestPluginCache: Loggers are ''.
TpTrace Verbose: 0 : 20624, 1, 2022/08/03, 12:48:33.881, 2355052756618, vstest.console.dll, TestPluginCache: TestHosts are 'HostProvider://DefaultTestHost,HostProvider://DotnetTestHost'.
TpTrace Verbose: 0 : 20624, 1, 2022/08/03, 12:48:33.881, 2355052756842, vstest.console.dll, TestPluginCache: DataCollectors are ''.
TpTrace Information: 0 : 20624, 1, 2022/08/03, 12:48:33.893, 2355052875127, vstest.console.dll, RunTestsArgumentProcessor:Execute: Test run is starting.
TpTrace Verbose: 0 : 20624, 1, 2022/08/03, 12:48:33.893, 2355052876181, vstest.console.dll, RunTestsArgumentProcessor:Execute: Queuing Test run.
TpTrace Information: 0 : 20624, 1, 2022/08/03, 12:48:33.893, 2355052877762, vstest.console.dll, TestRequestManager.RunTests: run tests started.
TpTrace Information: 0 : 20624, 1, 2022/08/03, 12:48:33.896, 2355052906158, vstest.console.dll, AssemblyMetadataProvider.GetFrameWork: Determined framework:'.NETCoreApp,Version=v5.0' for source: 'C:\Users\hp\Documents\decagon task\week 5\bankingSystem Authentication\BankingTest\bin\Debug\net5.0\fine-code-coverage\build-output\BankingTest.dll'
TpTrace Information: 0 : 20624, 1, 2022/08/03, 12:48:33.896, 2355052908028, vstest.console.dll, Determined framework for all sources: .NETCoreApp,Version=v5.0
TpTrace Verbose: 0 : 20624, 1, 2022/08/03, 12:48:33.897, 2355052911894, vstest.console.dll, TestRequestManager.UpdateRunSettingsIfRequired: Default architecture: X64 IsDefaultTargetArchitecture: True, Current process architecture: X64 OperatingSystem: Windows.
TpTrace Information: 0 : 20624, 1, 2022/08/03, 12:48:33.897, 2355052914694, vstest.console.dll, AssemblyMetadataProvider.GetArchitecture: Determined architecture:AnyCPU info for assembly: C:\Users\hp\Documents\decagon task\week 5\bankingSystem Authentication\BankingTest\bin\Debug\net5.0\fine-code-coverage\build-output\BankingTest.dll
TpTrace Information: 0 : 20624, 1, 2022/08/03, 12:48:33.897, 2355052915107, vstest.console.dll, Determined platform for source 'C:\Users\hp\Documents\decagon task\week 5\bankingSystem Authentication\BankingTest\bin\Debug\net5.0\fine-code-coverage\build-output\BankingTest.dll' is 'AnyCPU'
TpTrace Information: 0 : 20624, 1, 2022/08/03, 12:48:33.899, 2355052936271, vstest.console.dll, Determined platform for all sources: X64
TpTrace Information: 0 : 20624, 1, 2022/08/03, 12:48:33.899, 2355052936934, vstest.console.dll, Infered platform 'X64'.
TpTrace Information: 0 : 20624, 1, 2022/08/03, 12:48:33.899, 2355052937278, vstest.console.dll, Platform update to 'X64' required.
TpTrace Information: 0 : 20624, 1, 2022/08/03, 12:48:33.902, 2355052963476, vstest.console.dll, Compatible sources list: 
TpTrace Information: 0 : 20624, 1, 2022/08/03, 12:48:33.902, 2355052964501, vstest.console.dll, C:\Users\hp\Documents\decagon task\week 5\bankingSystem Authentication\BankingTest\bin\Debug\net5.0\fine-code-coverage\build-output\BankingTest.dll
TpTrace Information: 0 : 20624, 1, 2022/08/03, 12:48:33.904, 2355052985362, vstest.console.dll, InferRunSettingsHelper.IsTestSettingsEnabled: Unable to navigate to RunSettings/MSTest. Current node: RunSettings
TpTrace Information: 0 : 20624, 1, 2022/08/03, 12:48:33.905, 2355052992252, vstest.console.dll, AssemblyResolver.OnResolve: Microsoft.VisualStudio.TestPlatform.Fakes: Resolving assembly.
TpTrace Information: 0 : 20624, 1, 2022/08/03, 12:48:33.905, 2355052992829, vstest.console.dll, AssemblyResolver.OnResolve: Microsoft.VisualStudio.TestPlatform.Fakes: Searching in: 'C:\Program Files\dotnet\sdk\6.0.300\Extensions'.
TpTrace Information: 0 : 20624, 1, 2022/08/03, 12:48:33.905, 2355052993602, vstest.console.dll, AssemblyResolver.OnResolve: Microsoft.VisualStudio.TestPlatform.Fakes: Assembly path does not exist: 'C:\Program Files\dotnet\sdk\6.0.300\Extensions\Microsoft.VisualStudio.TestPlatform.Fakes.dll', returning.
TpTrace Information: 0 : 20624, 1, 2022/08/03, 12:48:33.905, 2355052993932, vstest.console.dll, AssemblyResolver.OnResolve: Microsoft.VisualStudio.TestPlatform.Fakes: Assembly path does not exist: 'C:\Program Files\dotnet\sdk\6.0.300\Extensions\Microsoft.VisualStudio.TestPlatform.Fakes.exe', returning.
TpTrace Information: 0 : 20624, 1, 2022/08/03, 12:48:33.905, 2355052994082, vstest.console.dll, AssemblyResolver.OnResolve: Microsoft.VisualStudio.TestPlatform.Fakes: Searching in: 'C:\Program Files\dotnet\sdk\6.0.300'.
TpTrace Information: 0 : 20624, 1, 2022/08/03, 12:48:33.905, 2355052994379, vstest.console.dll, AssemblyResolver.OnResolve: Microsoft.VisualStudio.TestPlatform.Fakes: Assembly path does not exist: 'C:\Program Files\dotnet\sdk\6.0.300\Microsoft.VisualStudio.TestPlatform.Fakes.dll', returning.
TpTrace Information: 0 : 20624, 1, 2022/08/03, 12:48:33.905, 2355052994636, vstest.console.dll, AssemblyResolver.OnResolve: Microsoft.VisualStudio.TestPlatform.Fakes: Assembly path does not exist: 'C:\Program Files\dotnet\sdk\6.0.300\Microsoft.VisualStudio.TestPlatform.Fakes.exe', returning.
TpTrace Information: 0 : 20624, 1, 2022/08/03, 12:48:33.905, 2355052994807, vstest.console.dll, AssemblyResolver.OnResolve: Microsoft.VisualStudio.TestPlatform.Fakes: Failed to load assembly.
TpTrace Information: 0 : 20624, 1, 2022/08/03, 12:48:33.905, 2355052996739, vstest.console.dll, Failed to load assembly Microsoft.VisualStudio.TestPlatform.Fakes, Version=17.0.0.0, Culture=neutral. Reason:System.IO.FileNotFoundException: Could not load file or assembly 'Microsoft.VisualStudio.TestPlatform.Fakes, Version=17.0.0.0, Culture=neutral, PublicKeyToken=null'. The system cannot find the file specified.
File name: 'Microsoft.VisualStudio.TestPlatform.Fakes, Version=17.0.0.0, Culture=neutral, PublicKeyToken=null'
   at System.Reflection.RuntimeAssembly.InternalLoad(ObjectHandleOnStack assemblyName, ObjectHandleOnStack requestingAssembly, StackCrawlMarkHandle stackMark, Boolean throwOnFileNotFound, ObjectHandleOnStack assemblyLoadContext, ObjectHandleOnStack retAssembly)
   at System.Reflection.RuntimeAssembly.InternalLoad(AssemblyName assemblyName, RuntimeAssembly requestingAssembly, StackCrawlMark& stackMark, Boolean throwOnFileNotFound, AssemblyLoadContext assemblyLoadContext)
   at System.Reflection.Assembly.Load(AssemblyName assemblyRef)
   at Microsoft.VisualStudio.TestPlatform.Common.Utilities.FakesUtilities.LoadTestPlatformAssembly()
TpTrace Verbose: 0 : 20624, 1, 2022/08/03, 12:48:33.909, 2355053028272, vstest.console.dll, TestPluginCache.DiscoverTestExtensions: finding test extensions in assemblies ends with: TestLogger.dll TPluginInfo: Microsoft.VisualStudio.TestPlatform.Common.ExtensionFramework.Utilities.TestLoggerPluginInformation TExtension: Microsoft.VisualStudio.TestPlatform.ObjectModel.Client.ITestLogger
TpTrace Verbose: 0 : 20624, 1, 2022/08/03, 12:48:33.909, 2355053029247, vstest.console.dll, TestPluginCache.GetExtensionPaths: Filtered extension paths: 
TpTrace Verbose: 0 : 20624, 1, 2022/08/03, 12:48:33.909, 2355053029431, vstest.console.dll, TestPluginCache.GetExtensionPaths: Added default extension paths: C:\Program Files\dotnet\sdk\6.0.300\Extensions\DumpMinitool.exe
C:\Program Files\dotnet\sdk\6.0.300\Extensions\DumpMinitool.x86.exe
C:\Program Files\dotnet\sdk\6.0.300\Extensions\Microsoft.Diagnostics.NETCore.Client.dll
C:\Program Files\dotnet\sdk\6.0.300\Extensions\Microsoft.TestPlatform.Extensions.BlameDataCollector.dll
C:\Program Files\dotnet\sdk\6.0.300\Extensions\Microsoft.TestPlatform.Extensions.EventLogCollector.dll
C:\Program Files\dotnet\sdk\6.0.300\Extensions\Microsoft.TestPlatform.TestHostRuntimeProvider.dll
C:\Program Files\dotnet\sdk\6.0.300\Extensions\Microsoft.VisualStudio.TestPlatform.Extensions.Html.TestLogger.dll
C:\Program Files\dotnet\sdk\6.0.300\Extensions\Microsoft.VisualStudio.TestPlatform.Extensions.Trx.TestLogger.dll
TpTrace Verbose: 0 : 20624, 1, 2022/08/03, 12:48:33.909, 2355053029604, vstest.console.dll, TestPluginCache.GetExtensionPaths: Added unfilterableExtensionPaths: 
TpTrace Information: 0 : 20624, 1, 2022/08/03, 12:48:33.909, 2355053030561, vstest.console.dll, AssemblyResolver.AddSearchDirectories: Adding more searchDirectories C:\Program Files\dotnet\sdk\6.0.300\Extensions,C:\Program Files\dotnet\sdk\6.0.300
TpTrace Verbose: 0 : 20624, 1, 2022/08/03, 12:48:33.909, 2355053030829, vstest.console.dll, TestPluginCache.DiscoverTestExtensions: Discovering the extensions using extension path.
TpTrace Verbose: 0 : 20624, 1, 2022/08/03, 12:48:33.909, 2355053031065, vstest.console.dll, TestPluginCache.GetExtensionPaths: Filtered extension paths: 
TpTrace Verbose: 0 : 20624, 1, 2022/08/03, 12:48:33.909, 2355053031205, vstest.console.dll, TestPluginCache.GetExtensionPaths: Added default extension paths: C:\Program Files\dotnet\sdk\6.0.300\Extensions\DumpMinitool.exe
C:\Program Files\dotnet\sdk\6.0.300\Extensions\DumpMinitool.x86.exe
C:\Program Files\dotnet\sdk\6.0.300\Extensions\Microsoft.Diagnostics.NETCore.Client.dll
C:\Program Files\dotnet\sdk\6.0.300\Extensions\Microsoft.TestPlatform.Extensions.BlameDataCollector.dll
C:\Program Files\dotnet\sdk\6.0.300\Extensions\Microsoft.TestPlatform.Extensions.EventLogCollector.dll
C:\Program Files\dotnet\sdk\6.0.300\Extensions\Microsoft.TestPlatform.TestHostRuntimeProvider.dll
C:\Program Files\dotnet\sdk\6.0.300\Extensions\Microsoft.VisualStudio.TestPlatform.Extensions.Html.TestLogger.dll
C:\Program Files\dotnet\sdk\6.0.300\Extensions\Microsoft.VisualStudio.TestPlatform.Extensions.Trx.TestLogger.dll
TpTrace Verbose: 0 : 20624, 1, 2022/08/03, 12:48:33.909, 2355053031414, vstest.console.dll, TestPluginCache.GetExtensionPaths: Added unfilterableExtensionPaths: 
TpTrace Verbose: 0 : 20624, 1, 2022/08/03, 12:48:33.909, 2355053031577, vstest.console.dll, TestPluginCache.DiscoverTestExtensions: Discovering the extensions using allExtensionPaths: C:\Program Files\dotnet\sdk\6.0.300\Extensions\DumpMinitool.exe
C:\Program Files\dotnet\sdk\6.0.300\Extensions\DumpMinitool.x86.exe
C:\Program Files\dotnet\sdk\6.0.300\Extensions\Microsoft.Diagnostics.NETCore.Client.dll
C:\Program Files\dotnet\sdk\6.0.300\Extensions\Microsoft.TestPlatform.Extensions.BlameDataCollector.dll
C:\Program Files\dotnet\sdk\6.0.300\Extensions\Microsoft.TestPlatform.Extensions.EventLogCollector.dll
C:\Program Files\dotnet\sdk\6.0.300\Extensions\Microsoft.TestPlatform.TestHostRuntimeProvider.dll
C:\Program Files\dotnet\sdk\6.0.300\Extensions\Microsoft.VisualStudio.TestPlatform.Extensions.Html.TestLogger.dll
C:\Program Files\dotnet\sdk\6.0.300\Extensions\Microsoft.VisualStudio.TestPlatform.Extensions.Trx.TestLogger.dll
TpTrace Information: 0 : 20624, 1, 2022/08/03, 12:48:33.909, 2355053031832, vstest.console.dll, AssemblyResolver.AddSearchDirectories: Adding more searchDirectories C:\Program Files\dotnet\sdk\6.0.300\Extensions,C:\Program Files\dotnet\sdk\6.0.300
TpTrace Information: 0 : 20624, 1, 2022/08/03, 12:48:33.909, 2355053031987, vstest.console.dll, AssemblyResolver.AddSearchDirectories: Adding more searchDirectories C:\Program Files\dotnet\sdk\6.0.300\Extensions,C:\Program Files\dotnet\sdk\6.0.300
TpTrace Information: 0 : 20624, 1, 2022/08/03, 12:48:33.909, 2355053032149, vstest.console.dll, AssemblyResolver.AddSearchDirectories: Adding more searchDirectories C:\Program Files\dotnet\sdk\6.0.300\Extensions,C:\Program Files\dotnet\sdk\6.0.300
TpTrace Information: 0 : 20624, 1, 2022/08/03, 12:48:33.909, 2355053032292, vstest.console.dll, AssemblyResolver.AddSearchDirectories: Adding more searchDirectories C:\Program Files\dotnet\sdk\6.0.300\Extensions,C:\Program Files\dotnet\sdk\6.0.300
TpTrace Information: 0 : 20624, 1, 2022/08/03, 12:48:33.909, 2355053032434, vstest.console.dll, AssemblyResolver.AddSearchDirectories: Adding more searchDirectories C:\Program Files\dotnet\sdk\6.0.300\Extensions,C:\Program Files\dotnet\sdk\6.0.300
TpTrace Information: 0 : 20624, 1, 2022/08/03, 12:48:33.909, 2355053032575, vstest.console.dll, AssemblyResolver.AddSearchDirectories: Adding more searchDirectories C:\Program Files\dotnet\sdk\6.0.300\Extensions,C:\Program Files\dotnet\sdk\6.0.300
TpTrace Information: 0 : 20624, 1, 2022/08/03, 12:48:33.909, 2355053032742, vstest.console.dll, AssemblyResolver.AddSearchDirectories: Adding more searchDirectories C:\Program Files\dotnet\sdk\6.0.300\Extensions,C:\Program Files\dotnet\sdk\6.0.300
TpTrace Information: 0 : 20624, 1, 2022/08/03, 12:48:33.909, 2355053032884, vstest.console.dll, AssemblyResolver.AddSearchDirectories: Adding more searchDirectories C:\Program Files\dotnet\sdk\6.0.300\Extensions,C:\Program Files\dotnet\sdk\6.0.300
TpTrace Verbose: 0 : 20624, 1, 2022/08/03, 12:48:33.909, 2355053033713, vstest.console.dll, MetadataReaderExtensionsHelper: Discovering extensions inside assembly 'DumpMinitool, Version=15.0.0.0, Culture=neutral, PublicKeyToken=b03f5f7f11d50a3a' file path 'C:\Program Files\dotnet\sdk\6.0.300\Extensions\DumpMinitool.exe'
TpTrace Verbose: 0 : 20624, 1, 2022/08/03, 12:48:33.910, 2355053040972, vstest.console.dll, MetadataReaderExtensionsHelper: Discovering extensions inside assembly 'DumpMinitool.x86, Version=15.0.0.0, Culture=neutral, PublicKeyToken=b03f5f7f11d50a3a' file path 'C:\Program Files\dotnet\sdk\6.0.300\Extensions\DumpMinitool.x86.exe'
TpTrace Verbose: 0 : 20624, 1, 2022/08/03, 12:48:33.910, 2355053045151, vstest.console.dll, MetadataReaderExtensionsHelper: Discovering extensions inside assembly 'Microsoft.Diagnostics.NETCore.Client, Version=0.2.5.801, Culture=neutral, PublicKeyToken=31bf3856ad364e35' file path 'C:\Program Files\dotnet\sdk\6.0.300\Extensions\Microsoft.Diagnostics.NETCore.Client.dll'
TpTrace Information: 0 : 20624, 1, 2022/08/03, 12:48:33.911, 2355053050140, vstest.console.dll, AssemblyResolver.OnResolve: Microsoft.Bcl.AsyncInterfaces: Resolving assembly.
TpTrace Information: 0 : 20624, 1, 2022/08/03, 12:48:33.911, 2355053050556, vstest.console.dll, AssemblyResolver.OnResolve: Microsoft.Bcl.AsyncInterfaces: Resolved from cache.
TpTrace Verbose: 0 : 20624, 1, 2022/08/03, 12:48:33.911, 2355053050762, vstest.console.dll, CurrentDomainAssemblyResolve: Resolving assembly 'Microsoft.Bcl.AsyncInterfaces'.
TpTrace Information: 0 : 20624, 1, 2022/08/03, 12:48:33.911, 2355053051030, vstest.console.dll, AssemblyResolver.OnResolve: Microsoft.Bcl.AsyncInterfaces: Resolving assembly.
TpTrace Information: 0 : 20624, 1, 2022/08/03, 12:48:33.911, 2355053051188, vstest.console.dll, AssemblyResolver.OnResolve: Microsoft.Bcl.AsyncInterfaces: Resolved from cache.
TpTrace Verbose: 0 : 20624, 1, 2022/08/03, 12:48:33.911, 2355053051346, vstest.console.dll, CurrentDomainAssemblyResolve: Resolving assembly 'Microsoft.Bcl.AsyncInterfaces'.
TpTrace Verbose: 0 : 20624, 1, 2022/08/03, 12:48:33.911, 2355053051525, vstest.console.dll, CurrentDomainAssemblyResolve: Failed to resolve assembly 'Microsoft.Bcl.AsyncInterfaces'.
TpTrace Verbose: 0 : 20624, 1, 2022/08/03, 12:48:33.911, 2355053052748, vstest.console.dll, CurrentDomainAssemblyResolve: Failed to resolve assembly 'Microsoft.Bcl.AsyncInterfaces'.
TpTrace Warning: 0 : 20624, 1, 2022/08/03, 12:48:33.911, 2355053055335, vstest.console.dll, TestPluginDiscoverer: Failed to get types from assembly 'Microsoft.Diagnostics.NETCore.Client, Version=0.2.5.801, Culture=neutral, PublicKeyToken=31bf3856ad364e35'. Error: System.Reflection.ReflectionTypeLoadException: Unable to load one or more of the requested types.
Could not load file or assembly 'Microsoft.Bcl.AsyncInterfaces, Version=1.0.0.0, Culture=neutral, PublicKeyToken=cc7b13ffcd2ddd51'. The system cannot find the file specified.
   at System.Reflection.RuntimeModule.GetTypes(RuntimeModule module)
   at System.Reflection.Assembly.GetTypes()
   at Microsoft.VisualStudio.TestPlatform.Common.ExtensionFramework.TestPluginDiscoverer.GetTestExtensionsFromAssembly[TPluginInfo,TExtension](Assembly assembly, Dictionary`2 pluginInfos, String filePath)
System.IO.FileNotFoundException: Could not load file or assembly 'Microsoft.Bcl.AsyncInterfaces, Version=1.0.0.0, Culture=neutral, PublicKeyToken=cc7b13ffcd2ddd51'. The system cannot find the file specified.
File name: 'Microsoft.Bcl.AsyncInterfaces, Version=1.0.0.0, Culture=neutral, PublicKeyToken=cc7b13ffcd2ddd51'
 ---> System.IO.FileNotFoundException: Could not load file or assembly 'Microsoft.Bcl.AsyncInterfaces, Culture=neutral, PublicKeyToken=null'. The system cannot find the file specified.
File name: 'Microsoft.Bcl.AsyncInterfaces, Culture=neutral, PublicKeyToken=null'
   at System.Reflection.RuntimeAssembly.InternalLoad(ObjectHandleOnStack assemblyName, ObjectHandleOnStack requestingAssembly, StackCrawlMarkHandle stackMark, Boolean throwOnFileNotFound, ObjectHandleOnStack assemblyLoadContext, ObjectHandleOnStack retAssembly)
   at System.Reflection.RuntimeAssembly.InternalLoad(AssemblyName assemblyName, RuntimeAssembly requestingAssembly, StackCrawlMark& stackMark, Boolean throwOnFileNotFound, AssemblyLoadContext assemblyLoadContext)
   at System.Reflection.Assembly.Load(AssemblyName assemblyRef)
   at Microsoft.VisualStudio.TestPlatform.Common.ExtensionFramework.TestPluginCache.CurrentDomainAssemblyResolve(Object sender, AssemblyResolveEventArgs args)
   at Microsoft.VisualStudio.TestPlatform.PlatformAbstractions.PlatformAssemblyResolver.AssemblyResolverEvent(Object sender, Object eventArgs)
   at System.Runtime.Loader.AssemblyLoadContext.GetFirstResolvedAssemblyFromResolvingEvent(AssemblyName assemblyName)
   at System.Runtime.Loader.AssemblyLoadContext.ResolveUsingEvent(AssemblyName assemblyName)
   at System.Runtime.Loader.AssemblyLoadContext.ResolveUsingResolvingEvent(IntPtr gchManagedAssemblyLoadContext, AssemblyName assemblyName)
TpTrace Warning: 0 : 20624, 1, 2022/08/03, 12:48:33.911, 2355053056514, vstest.console.dll, LoaderExceptions: System.IO.FileNotFoundException: Could not load file or assembly 'Microsoft.Bcl.AsyncInterfaces, Version=1.0.0.0, Culture=neutral, PublicKeyToken=cc7b13ffcd2ddd51'. The system cannot find the file specified.
File name: 'Microsoft.Bcl.AsyncInterfaces, Version=1.0.0.0, Culture=neutral, PublicKeyToken=cc7b13ffcd2ddd51'
 ---> System.IO.FileNotFoundException: Could not load file or assembly 'Microsoft.Bcl.AsyncInterfaces, Culture=neutral, PublicKeyToken=null'. The system cannot find the file specified.
File name: 'Microsoft.Bcl.AsyncInterfaces, Culture=neutral, PublicKeyToken=null'
   at System.Reflection.RuntimeAssembly.InternalLoad(ObjectHandleOnStack assemblyName, ObjectHandleOnStack requestingAssembly, StackCrawlMarkHandle stackMark, Boolean throwOnFileNotFound, ObjectHandleOnStack assemblyLoadContext, ObjectHandleOnStack retAssembly)
   at System.Reflection.RuntimeAssembly.InternalLoad(AssemblyName assemblyName, RuntimeAssembly requestingAssembly, StackCrawlMark& stackMark, Boolean throwOnFileNotFound, AssemblyLoadContext assemblyLoadContext)
   at System.Reflection.Assembly.Load(AssemblyName assemblyRef)
   at Microsoft.VisualStudio.TestPlatform.Common.ExtensionFramework.TestPluginCache.CurrentDomainAssemblyResolve(Object sender, AssemblyResolveEventArgs args)
   at Microsoft.VisualStudio.TestPlatform.PlatformAbstractions.PlatformAssemblyResolver.AssemblyResolverEvent(Object sender, Object eventArgs)
   at System.Runtime.Loader.AssemblyLoadContext.GetFirstResolvedAssemblyFromResolvingEvent(AssemblyName assemblyName)
   at System.Runtime.Loader.AssemblyLoadContext.ResolveUsingEvent(AssemblyName assemblyName)
   at System.Runtime.Loader.AssemblyLoadContext.ResolveUsingResolvingEvent(IntPtr gchManagedAssemblyLoadContext, AssemblyName assemblyName)
TpTrace Verbose: 0 : 20624, 1, 2022/08/03, 12:48:33.911, 2355053056979, vstest.console.dll, MetadataReaderExtensionsHelper: Discovering extensions inside assembly 'Microsoft.TestPlatform.Extensions.BlameDataCollector, Version=15.0.0.0, Culture=neutral, PublicKeyToken=b03f5f7f11d50a3a' file path 'C:\Program Files\dotnet\sdk\6.0.300\Extensions\Microsoft.TestPlatform.Extensions.BlameDataCollector.dll'
TpTrace Information: 0 : 20624, 1, 2022/08/03, 12:48:33.912, 2355053063420, vstest.console.dll, GetTestExtensionFromType: Register extension with identifier data 'logger://Microsoft/TestPlatform/Extensions/Blame/v1' and type 'Microsoft.TestPlatform.Extensions.BlameDataCollector.BlameLogger, Microsoft.TestPlatform.Extensions.BlameDataCollector, Version=15.0.0.0, Culture=neutral, PublicKeyToken=b03f5f7f11d50a3a' inside file 'C:\Program Files\dotnet\sdk\6.0.300\Extensions\Microsoft.TestPlatform.Extensions.BlameDataCollector.dll'
TpTrace Verbose: 0 : 20624, 1, 2022/08/03, 12:48:33.912, 2355053064196, vstest.console.dll, MetadataReaderExtensionsHelper: Discovering extensions inside assembly 'Microsoft.TestPlatform.Extensions.EventLogCollector, Version=15.0.0.0, Culture=neutral, PublicKeyToken=b03f5f7f11d50a3a' file path 'C:\Program Files\dotnet\sdk\6.0.300\Extensions\Microsoft.TestPlatform.Extensions.EventLogCollector.dll'
TpTrace Verbose: 0 : 20624, 1, 2022/08/03, 12:48:33.913, 2355053069852, vstest.console.dll, MetadataReaderExtensionsHelper: Discovering extensions inside assembly 'Microsoft.TestPlatform.TestHostRuntimeProvider, Version=15.0.0.0, Culture=neutral, PublicKeyToken=b03f5f7f11d50a3a' file path 'C:\Program Files\dotnet\sdk\6.0.300\Extensions\Microsoft.TestPlatform.TestHostRuntimeProvider.dll'
TpTrace Verbose: 0 : 20624, 1, 2022/08/03, 12:48:33.913, 2355053075112, vstest.console.dll, MetadataReaderExtensionsHelper: Discovering extensions inside assembly 'Microsoft.VisualStudio.TestPlatform.Extensions.Html.TestLogger, Version=15.0.0.0, Culture=neutral, PublicKeyToken=b03f5f7f11d50a3a' file path 'C:\Program Files\dotnet\sdk\6.0.300\Extensions\Microsoft.VisualStudio.TestPlatform.Extensions.Html.TestLogger.dll'
TpTrace Information: 0 : 20624, 1, 2022/08/03, 12:48:33.914, 2355053078074, vstest.console.dll, GetTestExtensionFromType: Register extension with identifier data 'logger://Microsoft/TestPlatform/HtmlLogger/v1' and type 'Microsoft.VisualStudio.TestPlatform.Extensions.HtmlLogger.HtmlLogger, Microsoft.VisualStudio.TestPlatform.Extensions.Html.TestLogger, Version=15.0.0.0, Culture=neutral, PublicKeyToken=b03f5f7f11d50a3a' inside file 'C:\Program Files\dotnet\sdk\6.0.300\Extensions\Microsoft.VisualStudio.TestPlatform.Extensions.Html.TestLogger.dll'
TpTrace Verbose: 0 : 20624, 1, 2022/08/03, 12:48:33.914, 2355053078510, vstest.console.dll, MetadataReaderExtensionsHelper: Discovering extensions inside assembly 'Microsoft.VisualStudio.TestPlatform.Extensions.Trx.TestLogger, Version=15.0.0.0, Culture=neutral, PublicKeyToken=b03f5f7f11d50a3a' file path 'C:\Program Files\dotnet\sdk\6.0.300\Extensions\Microsoft.VisualStudio.TestPlatform.Extensions.Trx.TestLogger.dll'
TpTrace Information: 0 : 20624, 1, 2022/08/03, 12:48:33.914, 2355053083422, vstest.console.dll, GetTestExtensionFromType: Register extension with identifier data 'logger://Microsoft/TestPlatform/TrxLogger/v1' and type 'Microsoft.VisualStudio.TestPlatform.Extensions.TrxLogger.TrxLogger, Microsoft.VisualStudio.TestPlatform.Extensions.Trx.TestLogger, Version=15.0.0.0, Culture=neutral, PublicKeyToken=b03f5f7f11d50a3a' inside file 'C:\Program Files\dotnet\sdk\6.0.300\Extensions\Microsoft.VisualStudio.TestPlatform.Extensions.Trx.TestLogger.dll'
TpTrace Verbose: 0 : 20624, 1, 2022/08/03, 12:48:33.914, 2355053084185, vstest.console.dll, TestPluginCache: Discovered the extensions using extension path ''.
TpTrace Verbose: 0 : 20624, 1, 2022/08/03, 12:48:33.914, 2355053084418, vstest.console.dll, TestPluginCache: Discoverers are ''.
TpTrace Verbose: 0 : 20624, 1, 2022/08/03, 12:48:33.914, 2355053084673, vstest.console.dll, TestPluginCache: Executors are ''.
TpTrace Verbose: 0 : 20624, 1, 2022/08/03, 12:48:33.914, 2355053084875, vstest.console.dll, TestPluginCache: Executors2 are ''.
TpTrace Verbose: 0 : 20624, 1, 2022/08/03, 12:48:33.914, 2355053085050, vstest.console.dll, TestPluginCache: Setting providers are ''.
TpTrace Verbose: 0 : 20624, 1, 2022/08/03, 12:48:33.914, 2355053085694, vstest.console.dll, TestPluginCache: Loggers are 'logger://Microsoft/TestPlatform/Extensions/Blame/v1,logger://Microsoft/TestPlatform/HtmlLogger/v1,logger://Microsoft/TestPlatform/TrxLogger/v1'.
TpTrace Verbose: 0 : 20624, 1, 2022/08/03, 12:48:33.914, 2355053086041, vstest.console.dll, TestPluginCache: TestHosts are 'HostProvider://DefaultTestHost,HostProvider://DotnetTestHost'.
TpTrace Verbose: 0 : 20624, 1, 2022/08/03, 12:48:33.914, 2355053086269, vstest.console.dll, TestPluginCache: DataCollectors are ''.
TpTrace Information: 0 : 20624, 1, 2022/08/03, 12:48:33.915, 2355053092387, vstest.console.dll, TestPluginManager.CreateTestExtension: Attempting to load test extension: Microsoft.TestPlatform.Extensions.BlameDataCollector.BlameLogger
TpTrace Information: 0 : 20624, 1, 2022/08/03, 12:48:33.920, 2355053144456, vstest.console.dll, TestPluginManager.CreateTestExtension: Attempting to load test extension: Microsoft.VisualStudio.TestPlatform.CrossPlatEngine.Hosting.DefaultTestHostManager
TpTrace Information: 0 : 20624, 1, 2022/08/03, 12:48:33.922, 2355053159491, vstest.console.dll, TestPluginManager.CreateTestExtension: Attempting to load test extension: Microsoft.VisualStudio.TestPlatform.CrossPlatEngine.Hosting.DotnetTestHostManager
TpTrace Verbose: 0 : 20624, 1, 2022/08/03, 12:48:33.922, 2355053165025, vstest.console.dll, TestEngine: Initializing Parallel Execution as MaxCpuCount is set to: 1
TpTrace Information: 0 : 20624, 1, 2022/08/03, 12:48:33.923, 2355053169684, vstest.console.dll, InferRunSettingsHelper.IsTestSettingsEnabled: Unable to navigate to RunSettings/MSTest. Current node: RunSettings
TpTrace Verbose: 0 : 20624, 1, 2022/08/03, 12:48:33.923, 2355053177413, vstest.console.dll, TestRequestSender is acting as server.
TpTrace Verbose: 0 : 20624, 1, 2022/08/03, 12:48:33.924, 2355053185470, vstest.console.dll, TestEngine.GetExecutionManager: Chosen execution manager 'Microsoft.VisualStudio.TestPlatform.CrossPlatEngine.Client.Parallel.ParallelProxyExecutionManager, Microsoft.TestPlatform.CrossPlatEngine, Version=15.0.0.0, Culture=neutral, PublicKeyToken=b03f5f7f11d50a3a' ParallelLevel '1' Shared host 'False'
TpTrace Verbose: 0 : 20624, 5, 2022/08/03, 12:48:33.926, 2355053207819, vstest.console.dll, DataCollectionRequestSender.InitializeCommunication : Initialize communication. 
TpTrace Information: 0 : 20624, 5, 2022/08/03, 12:48:33.931, 2355053251154, vstest.console.dll, Listening on Endpoint : 127.0.0.1:63629
TpTrace Verbose: 0 : 20624, 5, 2022/08/03, 12:48:33.937, 2355053316712, vstest.console.dll, DotnetDataCollectionLauncher: Full path of dotnet.exe is C:\Program Files\dotnet\dotnet.exe
TpTrace Verbose: 0 : 20624, 5, 2022/08/03, 12:48:33.938, 2355053318989, vstest.console.dll, DotnetDataCollectionLauncher: Adding  --runtimeconfig "C:\Program Files\dotnet\sdk\6.0.300\datacollector.runtimeconfig.json" in args
TpTrace Verbose: 0 : 20624, 5, 2022/08/03, 12:48:33.938, 2355053319484, vstest.console.dll, DotnetDataCollectionLauncher: Adding  --depsfile "C:\Program Files\dotnet\sdk\6.0.300\datacollector.deps.json" in args
TpTrace Information: 0 : 20624, 5, 2022/08/03, 12:48:33.947, 2355053409069, vstest.console.dll, ProxyDataCollectionManager.Initialize: Launched datacollector processId: 35752 port: 63629
TpTrace Information: 0 : 20624, 5, 2022/08/03, 12:48:33.947, 2355053412364, vstest.console.dll, ProxyDataCollectionManager.Initialize: waiting for connection with timeout: 90 seconds
TpTrace Verbose: 0 : 20624, 5, 2022/08/03, 12:48:33.947, 2355053413462, vstest.console.dll, DataCollectionRequestSender.WaitForRequestHandlerConnection : Waiting for connection with timeout: 90000
TpTrace Information: 0 : 20624, 8, 2022/08/03, 12:48:34.085, 2355054791246, vstest.console.dll, Using the buffer size of 16384 bytes
TpTrace Verbose: 0 : 20624, 5, 2022/08/03, 12:48:34.085, 2355054791437, vstest.console.dll, SocketCommunicationManager.WaitForClientConnection took: 137 ms, with 90000 ms timeout, and finished with True.
TpTrace Information: 0 : 20624, 8, 2022/08/03, 12:48:34.085, 2355054792810, vstest.console.dll, Accepted Client request and set the flag
TpTrace Verbose: 0 : 20624, 5, 2022/08/03, 12:48:34.085, 2355054794078, vstest.console.dll, ProxyDataCollectionManager.InvokeDataCollectionServiceAction: Starting.
TpTrace Information: 0 : 20624, 5, 2022/08/03, 12:48:34.085, 2355054795039, vstest.console.dll, ProxyDataCollectionManager.BeforeTestRunStart: Get environment variable and port for datacollector processId: 35752 port: 63629
TpTrace Verbose: 0 : 20624, 5, 2022/08/03, 12:48:34.085, 2355054796301, vstest.console.dll, DataCollectionRequestSender.SendBeforeTestRunStartAndGetResult: Send BeforeTestRunStart message with settingsXml <RunSettings><RunConfiguration><ResultsDirectory>C:\Users\hp\Documents\decagon task\week 5\bankingSystem Authentication\BankingTest\bin\Debug\net5.0\fine-code-coverage\coverage-tool-output</ResultsDirectory><TargetPlatform>X64</TargetPlatform><TargetFrameworkVersion>.NETCoreApp,Version=v5.0</TargetFrameworkVersion><DesignMode>False</DesignMode><CollectSourceInformation>False</CollectSourceInformation><TestAdaptersPaths>C:\Program Files\dotnet\sdk\6.0.300\Extensions</TestAdaptersPaths></RunConfiguration><LoggerRunSettings><Loggers><Logger friendlyName="blame" enabled="True" /><Logger friendlyName="Console" uri="logger://microsoft/TestPlatform/ConsoleLogger/v1" assemblyQualifiedName="Microsoft.VisualStudio.TestPlatform.CommandLine.Internal.ConsoleLogger, vstest.console, Version=15.0.0.0, Culture=neutral, PublicKeyToken=b03f5f7f11d50a3a" codeBase="C:\Program Files\dotnet\sdk\6.0.300\vstest.console.dll" enabled="True" /></Loggers></LoggerRunSettings><DataCollectionRunSettings><DataCollectors><DataCollector friendlyName="blame" enabled="True"><Configuration><ResultsDirectory>C:\Users\hp\Documents\decagon task\week 5\bankingSystem Authentication\BankingTest\bin\Debug\net5.0\fine-code-coverage\coverage-tool-output</ResultsDirectory></Configuration></DataCollector></DataCollectors></DataCollectionRunSettings></RunSettings> and sources System.Linq.Enumerable+Concat2Iterator`1[System.String]: 
TpTrace Verbose: 0 : 20624, 5, 2022/08/03, 12:48:34.169, 2355055635682, vstest.console.dll, DataCollectionRequestSender.SendBeforeTestRunStartAndGetResult: Received message: (DataCollection.SendMessage) -> {
  "FriendlyName": null,
  "Uri": null,
  "TestCaseId": "00000000-0000-0000-0000-000000000000",
  "Message": "Logging DataCollector Diagnostics in file: C:\\Users\\hp\\Documents\\decagon task\\week 5\\bankingSystem Authentication\\BankingTest\\bin\\Debug\\net5.0\\fine-code-coverage\\coverage-tool-output\\diagnostics.datacollector.22-08-03_12-48-33_93762_5.log",
  "Level": 0
}
TpTrace Verbose: 0 : 20624, 5, 2022/08/03, 12:48:34.253, 2355056476761, vstest.console.dll, DataCollectionRequestSender.SendBeforeTestRunStartAndGetResult: Received message: (DataCollection.BeforeTestRunStartResult) -> {
  "EnvironmentVariables": {},
  "DataCollectionEventsPort": 63632
}
TpTrace Information: 0 : 20624, 5, 2022/08/03, 12:48:34.258, 2355056522797, vstest.console.dll, ProxyDataCollectionManager.BeforeTestRunStart: SendBeforeTestRunStartAndGetResult successful, env variable from datacollector:   and testhost port: 63632
TpTrace Information: 0 : 20624, 5, 2022/08/03, 12:48:34.258, 2355056523693, vstest.console.dll, ProxyDataCollectionManager.InvokeDataCollectionServiceAction: Completed.
TpTrace Verbose: 0 : 20624, 1, 2022/08/03, 12:48:34.258, 2355056525056, vstest.console.dll, TestRunRequest.ExecuteAsync: Creating test run request.
TpTrace Verbose: 0 : 20624, 1, 2022/08/03, 12:48:34.258, 2355056527213, vstest.console.dll, TestRunRequest.ExecuteAsync: Starting.
TpTrace Information: 0 : 20624, 1, 2022/08/03, 12:48:34.259, 2355056531823, vstest.console.dll, TestRunRequest.ExecuteAsync: Starting run with settings:TestRunCriteria:
   KeepAlive=False,FrequencyOfRunStatsChangeEvent=10,RunStatsChangeEventTimeout=00:00:01.5000000,TestCaseFilter=,TestExecutorLauncher=
   Settingsxml=<RunSettings>
  <RunConfiguration>
    <ResultsDirectory>C:\Users\hp\Documents\decagon task\week 5\bankingSystem Authentication\BankingTest\bin\Debug\net5.0\fine-code-coverage\coverage-tool-output</ResultsDirectory>
    <TargetPlatform>X64</TargetPlatform>
    <TargetFrameworkVersion>.NETCoreApp,Version=v5.0</TargetFrameworkVersion>
    <DesignMode>False</DesignMode>
    <CollectSourceInformation>False</CollectSourceInformation>
  </RunConfiguration>
  <LoggerRunSettings>
    <Loggers>
      <Logger friendlyName="blame" enabled="True" />
      <Logger friendlyName="Console" uri="logger://microsoft/TestPlatform/ConsoleLogger/v1" assemblyQualifiedName="Microsoft.VisualStudio.TestPlatform.CommandLine.Internal.ConsoleLogger, vstest.console, Version=15.0.0.0, Culture=neutral, PublicKeyToken=b03f5f7f11d50a3a" codeBase="C:\Program Files\dotnet\sdk\6.0.300\vstest.console.dll" enabled="True" />
    </Loggers>
  </LoggerRunSettings>
  <DataCollectionRunSettings>
    <DataCollectors>
      <DataCollector friendlyName="blame" enabled="True">
        <Configuration>
          <ResultsDirectory>C:\Users\hp\Documents\decagon task\week 5\bankingSystem Authentication\BankingTest\bin\Debug\net5.0\fine-code-coverage\coverage-tool-output</ResultsDirectory>
        </Configuration>
      </DataCollector>
    </DataCollectors>
  </DataCollectionRunSettings>
</RunSettings>

TpTrace Verbose: 0 : 20624, 1, 2022/08/03, 12:48:34.259, 2355056532319, vstest.console.dll, TestRunRequest.ExecuteAsync: Wait for the first run request is over.
TpTrace Verbose: 0 : 20624, 1, 2022/08/03, 12:48:34.259, 2355056535600, vstest.console.dll, MulticastDelegateUtilities.SafeInvoke: TestRun.TestRunStart: Invoking callbacks was skipped because there are no subscribers.
TpTrace Verbose: 0 : 20624, 1, 2022/08/03, 12:48:34.259, 2355056537560, vstest.console.dll, ParallelProxyExecutionManager: Start execution. Total sources: 1
TpTrace Verbose: 0 : 20624, 4, 2022/08/03, 12:48:34.260, 2355056538356, vstest.console.dll, MulticastDelegateUtilities.SafeInvoke: InternalTestLoggerEvents.SendTestRunStart: Invoking callback 1/1 for Microsoft.VisualStudio.TestPlatform.CommandLine.Internal.ConsoleLogger.TestRunStartHandler, took 0 ms.
TpTrace Information: 0 : 20624, 1, 2022/08/03, 12:48:34.260, 2355056545187, vstest.console.dll, ProxyParallelExecutionManager: Triggering test run for next source: C:\Users\hp\Documents\decagon task\week 5\bankingSystem Authentication\BankingTest\bin\Debug\net5.0\fine-code-coverage\build-output\BankingTest.dll
TpTrace Verbose: 0 : 20624, 1, 2022/08/03, 12:48:34.260, 2355056547401, vstest.console.dll, ProxyParallelExecutionManager: No sources available for execution.
TpTrace Verbose: 0 : 20624, 5, 2022/08/03, 12:48:34.261, 2355056548092, vstest.console.dll, ParallelProxyExecutionManager: Execution started. Started clients: 1
TpTrace Information: 0 : 20624, 1, 2022/08/03, 12:48:34.261, 2355056548309, vstest.console.dll, TestRunRequest.ExecuteAsync: Started.
TpTrace Verbose: 0 : 20624, 1, 2022/08/03, 12:48:34.261, 2355056549583, vstest.console.dll, TestRunRequest.WaitForCompletion: Waiting with timeout -1.
TpTrace Verbose: 0 : 20624, 5, 2022/08/03, 12:48:34.261, 2355056552369, vstest.console.dll, TestRunRequest:SendTestRunMessage: Starting.
TpTrace Verbose: 0 : 20624, 4, 2022/08/03, 12:48:34.261, 2355056553917, vstest.console.dll, MulticastDelegateUtilities.SafeInvoke: InternalTestLoggerEvents.SendTestRunMessage: Invoking callback 1/1 for Microsoft.VisualStudio.TestPlatform.CommandLine.Internal.ConsoleLogger.TestMessageHandler, took 0 ms.
TpTrace Verbose: 0 : 20624, 5, 2022/08/03, 12:48:34.261, 2355056553906, vstest.console.dll, MulticastDelegateUtilities.SafeInvoke: TestRun.LogMessages: Invoking callback 1/1 for Microsoft.VisualStudio.TestPlatform.CommandLine.TestRunResultAggregator.TestRunMessageHandler, took 0 ms.
TpTrace Information: 0 : 20624, 5, 2022/08/03, 12:48:34.261, 2355056555027, vstest.console.dll, TestRunRequest:SendTestRunMessage: Completed.
TpTrace Verbose: 0 : 20624, 5, 2022/08/03, 12:48:34.261, 2355056557852, vstest.console.dll, ProxyExecutionManager: Test host is always Lazy initialize.
TpTrace Verbose: 0 : 20624, 5, 2022/08/03, 12:48:34.262, 2355056559929, vstest.console.dll, TestRequestSender.InitializeCommunication: initialize communication. 
TpTrace Information: 0 : 20624, 5, 2022/08/03, 12:48:34.262, 2355056565312, vstest.console.dll, SocketServer.Start: Listening on endpoint : 127.0.0.1:63633
TpTrace Verbose: 0 : 20624, 5, 2022/08/03, 12:48:34.263, 2355056573378, vstest.console.dll, DotnetTestHostmanager.GetTestHostProcessStartInfo: Platform environment 'X64' target architecture 'X64' framework '.NETCoreApp,Version=v5.0' OS 'Windows'
TpTrace Verbose: 0 : 20624, 5, 2022/08/03, 12:48:34.263, 2355056575416, vstest.console.dll, DotnetTestHostmanager: Adding  --runtimeconfig "C:\Users\hp\Documents\decagon task\week 5\bankingSystem Authentication\BankingTest\bin\Debug\net5.0\fine-code-coverage\build-output\BankingTest.runtimeconfig.json" in args
TpTrace Verbose: 0 : 20624, 5, 2022/08/03, 12:48:34.263, 2355056576170, vstest.console.dll, DotnetTestHostmanager: Adding  --depsfile "C:\Users\hp\Documents\decagon task\week 5\bankingSystem Authentication\BankingTest\bin\Debug\net5.0\fine-code-coverage\build-output\BankingTest.deps.json" in args
TpTrace Verbose: 0 : 20624, 5, 2022/08/03, 12:48:34.264, 2355056579094, vstest.console.dll, DotnetTestHostmanager.IsWinOnArm: Current PROCESSOR_ARCHITECTURE from environment variable 'AMD64'
TpTrace Verbose: 0 : 20624, 5, 2022/08/03, 12:48:34.264, 2355056579589, vstest.console.dll, DotnetTestHostmanager.IsWinOnArm: Is Windows on ARM 'False'
TpTrace Verbose: 0 : 20624, 5, 2022/08/03, 12:48:34.264, 2355056581039, vstest.console.dll, DotnetTestHostManager: testhost.exe found at path: C:\Users\hp\Documents\decagon task\week 5\bankingSystem Authentication\BankingTest\bin\Debug\net5.0\fine-code-coverage\build-output\testhost.exe
TpTrace Verbose: 0 : 20624, 5, 2022/08/03, 12:48:34.264, 2355056582054, vstest.console.dll, DotnetTestHostmanager: Full path of host exe is C:\Users\hp\Documents\decagon task\week 5\bankingSystem Authentication\BankingTest\bin\Debug\net5.0\fine-code-coverage\build-output\testhost.exe
TpTrace Verbose: 0 : 20624, 5, 2022/08/03, 12:48:34.264, 2355056583678, vstest.console.dll, DotnetTestHostmanager.LaunchTestHostAsync: Found 'VSTEST_WINAPPHOST_DOTNET_ROOT' in env variables, value 'C:\Program Files\dotnet', forwarding to 'DOTNET_ROOT'
TpTrace Verbose: 0 : 20624, 7, 2022/08/03, 12:48:34.265, 2355056592390, vstest.console.dll, DotnetTestHostManager: Starting process 'C:\Users\hp\Documents\decagon task\week 5\bankingSystem Authentication\BankingTest\bin\Debug\net5.0\fine-code-coverage\build-output\testhost.exe' with command line ' --runtimeconfig "C:\Users\hp\Documents\decagon task\week 5\bankingSystem Authentication\BankingTest\bin\Debug\net5.0\fine-code-coverage\build-output\BankingTest.runtimeconfig.json" --depsfile "C:\Users\hp\Documents\decagon task\week 5\bankingSystem Authentication\BankingTest\bin\Debug\net5.0\fine-code-coverage\build-output\BankingTest.deps.json" --port 63633 --endpoint 127.0.0.1:063633 --role client --parentprocessid 20624 --diag "C:\Users\hp\Documents\decagon task\week 5\bankingSystem Authentication\BankingTest\bin\Debug\net5.0\fine-code-coverage\coverage-tool-output\diagnostics.host.22-08-03_12-48-34_26320_5.log" --tracelevel 4 --datacollectionport 63632 --telemetryoptedin false'
TpTrace Verbose: 0 : 20624, 7, 2022/08/03, 12:48:34.271, 2355056648715, vstest.console.dll, MulticastDelegateUtilities.SafeInvoke: HostProviderEvents.OnHostLaunched: Invoking callback 1/2 for Microsoft.VisualStudio.TestPlatform.CrossPlatEngine.Client.ProxyExecutionManagerWithDataCollection.TestHostLaunchedHandler, took 1 ms.
TpTrace Verbose: 0 : 20624, 7, 2022/08/03, 12:48:34.271, 2355056650354, vstest.console.dll, Test Runtime launched
TpTrace Verbose: 0 : 20624, 7, 2022/08/03, 12:48:34.271, 2355056650772, vstest.console.dll, MulticastDelegateUtilities.SafeInvoke: HostProviderEvents.OnHostLaunched: Invoking callback 2/2 for Microsoft.VisualStudio.TestPlatform.CrossPlatEngine.Client.ProxyOperationManager.TestHostManagerHostLaunched, took 0 ms.
TpTrace Verbose: 0 : 20624, 5, 2022/08/03, 12:48:34.271, 2355056657249, vstest.console.dll, TestRequestSender.WaitForRequestHandlerConnection: waiting for connection with timeout: 90000.
TpTrace Verbose: 0 : 20624, 7, 2022/08/03, 12:48:34.419, 2355058134071, vstest.console.dll, MulticastDelegateUtilities.SafeInvoke: SocketServer: ClientConnected: Invoking callback 1/1 for Microsoft.VisualStudio.TestPlatform.CommunicationUtilities.TestRequestSender.<InitializeCommunication>b__23_0, took 0 ms.
TpTrace Verbose: 0 : 20624, 5, 2022/08/03, 12:48:34.419, 2355058134210, vstest.console.dll, TestRequestSender.WaitForRequestHandlerConnection: waiting took 147 ms, with timeout 90000 ms, and result 0, which is success.
TpTrace Verbose: 0 : 20624, 7, 2022/08/03, 12:48:34.419, 2355058135374, vstest.console.dll, SocketServer.OnClientConnected: Client connected for endPoint: 127.0.0.1:63633, starting MessageLoopAsync:
TpTrace Verbose: 0 : 20624, 14, 2022/08/03, 12:48:34.420, 2355058138582, vstest.console.dll, TcpClientExtensions.MessageLoopAsync: Polling on remoteEndPoint: 127.0.0.1:63634 localEndPoint: 127.0.0.1:63633
TpTrace Verbose: 0 : 20624, 5, 2022/08/03, 12:48:34.420, 2355058146943, vstest.console.dll, TestRequestSender.CheckVersionWithTestHost: Sending check version message: {"MessageType":"ProtocolVersion","Payload":6}
TpTrace Verbose: 0 : 20624, 14, 2022/08/03, 12:48:34.554, 2355059487672, vstest.console.dll, TcpClientExtensions.MessageLoopAsync: NotifyDataAvailable remoteEndPoint: 127.0.0.1:63634 localEndPoint: 127.0.0.1:63633
TpTrace Verbose: 0 : 20624, 14, 2022/08/03, 12:48:34.555, 2355059490908, vstest.console.dll, TestRequestSender.CheckVersionWithTestHost: onMessageReceived received message: (ProtocolVersion) -> 5
TpTrace Verbose: 0 : 20624, 14, 2022/08/03, 12:48:34.555, 2355059494908, vstest.console.dll, MulticastDelegateUtilities.SafeInvoke: LengthPrefixCommunicationChannel: MessageReceived: Invoking callback 1/1 for Microsoft.VisualStudio.TestPlatform.CommunicationUtilities.TestRequestSender+<>c__DisplayClass25_0.<CheckVersionWithTestHost>b__0, took 0 ms.
TpTrace Verbose: 0 : 20624, 14, 2022/08/03, 12:48:34.555, 2355059495766, vstest.console.dll, TcpClientExtensions.MessageLoopAsync: Polling on remoteEndPoint: 127.0.0.1:63634 localEndPoint: 127.0.0.1:63633
TpTrace Verbose: 0 : 20624, 5, 2022/08/03, 12:48:34.555, 2355059495941, vstest.console.dll, TestPluginCache.GetExtensionPaths: Filtered extension paths: 
TpTrace Verbose: 0 : 20624, 5, 2022/08/03, 12:48:34.555, 2355059497266, vstest.console.dll, TestPluginCache.GetExtensionPaths: Added default extension paths: C:\Program Files\dotnet\sdk\6.0.300\Extensions\DumpMinitool.exe
C:\Program Files\dotnet\sdk\6.0.300\Extensions\DumpMinitool.x86.exe
C:\Program Files\dotnet\sdk\6.0.300\Extensions\Microsoft.Diagnostics.NETCore.Client.dll
C:\Program Files\dotnet\sdk\6.0.300\Extensions\Microsoft.TestPlatform.Extensions.BlameDataCollector.dll
C:\Program Files\dotnet\sdk\6.0.300\Extensions\Microsoft.TestPlatform.Extensions.EventLogCollector.dll
C:\Program Files\dotnet\sdk\6.0.300\Extensions\Microsoft.TestPlatform.TestHostRuntimeProvider.dll
C:\Program Files\dotnet\sdk\6.0.300\Extensions\Microsoft.VisualStudio.TestPlatform.Extensions.Html.TestLogger.dll
C:\Program Files\dotnet\sdk\6.0.300\Extensions\Microsoft.VisualStudio.TestPlatform.Extensions.Trx.TestLogger.dll
TpTrace Verbose: 0 : 20624, 5, 2022/08/03, 12:48:34.555, 2355059497507, vstest.console.dll, TestPluginCache.GetExtensionPaths: Added unfilterableExtensionPaths: 
TpTrace Verbose: 0 : 20624, 5, 2022/08/03, 12:48:34.560, 2355059545225, vstest.console.dll, TestRequestSender.InitializeExecution: Sending initialize execution with message: {"Version":5,"MessageType":"TestExecution.Initialize","Payload":["C:\\Users\\hp\\Documents\\decagon task\\week 5\\bankingSystem Authentication\\BankingTest\\bin\\Debug\\net5.0\\fine-code-coverage\\build-output\\NUnit3.TestAdapter.dll"]}
TpTrace Warning: 0 : 20624, 5, 2022/08/03, 12:48:34.561, 2355059549309, vstest.console.dll, InferRunSettingsHelper.MakeRunsettingsCompatible: Removing the following settings: TargetPlatform from RunSettings file. To use those settings please move to latest version of Microsoft.NET.Test.Sdk
TpTrace Verbose: 0 : 20624, 14, 2022/08/03, 12:48:34.568, 2355059626959, vstest.console.dll, TcpClientExtensions.MessageLoopAsync: NotifyDataAvailable remoteEndPoint: 127.0.0.1:63634 localEndPoint: 127.0.0.1:63633
TpTrace Verbose: 0 : 20624, 14, 2022/08/03, 12:48:34.569, 2355059628776, vstest.console.dll, TestRequestSender.OnExecutionMessageReceived: Received message: {"Version":5,"MessageType":"TestSession.Message","Payload":{"MessageLevel":0,"Message":"Logging TestHost Diagnostics in file: C:\\Users\\hp\\Documents\\decagon task\\week 5\\bankingSystem Authentication\\BankingTest\\bin\\Debug\\net5.0\\fine-code-coverage\\coverage-tool-output\\diagnostics.host.22-08-03_12-48-34_26320_5.log"}}
TpTrace Verbose: 0 : 20624, 14, 2022/08/03, 12:48:34.571, 2355059655660, vstest.console.dll, TestRunRequest:SendTestRunMessage: Starting.
TpTrace Verbose: 0 : 20624, 14, 2022/08/03, 12:48:34.571, 2355059657207, vstest.console.dll, MulticastDelegateUtilities.SafeInvoke: TestRun.LogMessages: Invoking callback 1/1 for Microsoft.VisualStudio.TestPlatform.CommandLine.TestRunResultAggregator.TestRunMessageHandler, took 0 ms.
TpTrace Information: 0 : 20624, 14, 2022/08/03, 12:48:34.571, 2355059657483, vstest.console.dll, TestRunRequest:SendTestRunMessage: Completed.
TpTrace Verbose: 0 : 20624, 4, 2022/08/03, 12:48:34.571, 2355059657579, vstest.console.dll, MulticastDelegateUtilities.SafeInvoke: InternalTestLoggerEvents.SendTestRunMessage: Invoking callback 1/1 for Microsoft.VisualStudio.TestPlatform.CommandLine.Internal.ConsoleLogger.TestMessageHandler, took 0 ms.
TpTrace Verbose: 0 : 20624, 14, 2022/08/03, 12:48:34.571, 2355059657812, vstest.console.dll, MulticastDelegateUtilities.SafeInvoke: LengthPrefixCommunicationChannel: MessageReceived: Invoking callback 1/1 for Microsoft.VisualStudio.TestPlatform.CommunicationUtilities.TestRequestSender+<>c__DisplayClass30_0.<StartTestRun>b__1, took 2 ms.
TpTrace Verbose: 0 : 20624, 14, 2022/08/03, 12:48:34.572, 2355059658892, vstest.console.dll, TcpClientExtensions.MessageLoopAsync: Polling on remoteEndPoint: 127.0.0.1:63634 localEndPoint: 127.0.0.1:63633
TpTrace Verbose: 0 : 20624, 5, 2022/08/03, 12:48:34.572, 2355059662736, vstest.console.dll, TestRequestSender.StartTestRun: Sending test run with message: {"Version":5,"MessageType":"TestExecution.StartWithSources","Payload":{"AdapterSourceMap":{"_none_":["C:\\Users\\hp\\Documents\\decagon task\\week 5\\bankingSystem Authentication\\BankingTest\\bin\\Debug\\net5.0\\fine-code-coverage\\build-output\\BankingTest.dll"]},"RunSettings":"<RunSettings>\r\n  <RunConfiguration>\r\n    <ResultsDirectory>C:\\Users\\hp\\Documents\\decagon task\\week 5\\bankingSystem Authentication\\BankingTest\\bin\\Debug\\net5.0\\fine-code-coverage\\coverage-tool-output</ResultsDirectory>\r\n    <TargetFrameworkVersion>.NETCoreApp,Version=v5.0</TargetFrameworkVersion>\r\n    <DesignMode>False</DesignMode>\r\n    <CollectSourceInformation>False</CollectSourceInformation>\r\n  </RunConfiguration>\r\n  <LoggerRunSettings>\r\n    <Loggers>\r\n      <Logger friendlyName=\"blame\" enabled=\"True\" />\r\n      <Logger friendlyName=\"Console\" uri=\"logger://microsoft/TestPlatform/ConsoleLogger/v1\" assemblyQualifiedName=\"Microsoft.VisualStudio.TestPlatform.CommandLine.Internal.ConsoleLogger, vstest.console, Version=15.0.0.0, Culture=neutral, PublicKeyToken=b03f5f7f11d50a3a\" codeBase=\"C:\\Program Files\\dotnet\\sdk\\6.0.300\\vstest.console.dll\" enabled=\"True\" />\r\n    </Loggers>\r\n  </LoggerRunSettings>\r\n  <DataCollectionRunSettings>\r\n    <DataCollectors>\r\n      <DataCollector friendlyName=\"blame\" enabled=\"True\">\r\n        <Configuration>\r\n          <ResultsDirectory>C:\\Users\\hp\\Documents\\decagon task\\week 5\\bankingSystem Authentication\\BankingTest\\bin\\Debug\\net5.0\\fine-code-coverage\\coverage-tool-output</ResultsDirectory>\r\n        </Configuration>\r\n      </DataCollector>\r\n    </DataCollectors>\r\n  </DataCollectionRunSettings>\r\n</RunSettings>","TestExecutionContext":{"FrequencyOfRunStatsChangeEvent":10,"RunStatsChangeEventTimeout":"00:00:01.5000000","InIsolation":false,"KeepAlive":false,"AreTestCaseLevelEventsRequired":false,"IsDebug":false,"TestCaseFilter":null,"FilterOptions":null},"Package":null}}
TpTrace Verbose: 0 : 20624, 14, 2022/08/03, 12:48:34.739, 2355061335553, vstest.console.dll, TcpClientExtensions.MessageLoopAsync: NotifyDataAvailable remoteEndPoint: 127.0.0.1:63634 localEndPoint: 127.0.0.1:63633
TpTrace Verbose: 0 : 20624, 14, 2022/08/03, 12:48:34.739, 2355061337315, vstest.console.dll, TestRequestSender.OnExecutionMessageReceived: Received message: {"Version":5,"MessageType":"TestSession.Message","Payload":{"MessageLevel":0,"Message":"NUnit Adapter 4.2.0.0: Test execution started"}}
TpTrace Verbose: 0 : 20624, 14, 2022/08/03, 12:48:34.740, 2355061340397, vstest.console.dll, TestRunRequest:SendTestRunMessage: Starting.
TpTrace Verbose: 0 : 20624, 14, 2022/08/03, 12:48:34.740, 2355061340930, vstest.console.dll, MulticastDelegateUtilities.SafeInvoke: TestRun.LogMessages: Invoking callback 1/1 for Microsoft.VisualStudio.TestPlatform.CommandLine.TestRunResultAggregator.TestRunMessageHandler, took 0 ms.
TpTrace Information: 0 : 20624, 14, 2022/08/03, 12:48:34.740, 2355061341146, vstest.console.dll, TestRunRequest:SendTestRunMessage: Completed.
TpTrace Verbose: 0 : 20624, 14, 2022/08/03, 12:48:34.740, 2355061341379, vstest.console.dll, MulticastDelegateUtilities.SafeInvoke: LengthPrefixCommunicationChannel: MessageReceived: Invoking callback 1/1 for Microsoft.VisualStudio.TestPlatform.CommunicationUtilities.TestRequestSender+<>c__DisplayClass30_0.<StartTestRun>b__1, took 0 ms.
TpTrace Verbose: 0 : 20624, 14, 2022/08/03, 12:48:34.740, 2355061341692, vstest.console.dll, TcpClientExtensions.MessageLoopAsync: Polling on remoteEndPoint: 127.0.0.1:63634 localEndPoint: 127.0.0.1:63633
TpTrace Verbose: 0 : 20624, 4, 2022/08/03, 12:48:34.740, 2355061341802, vstest.console.dll, MulticastDelegateUtilities.SafeInvoke: InternalTestLoggerEvents.SendTestRunMessage: Invoking callback 1/1 for Microsoft.VisualStudio.TestPlatform.CommandLine.Internal.ConsoleLogger.TestMessageHandler, took 0 ms.
TpTrace Verbose: 0 : 20624, 14, 2022/08/03, 12:48:34.772, 2355061665850, vstest.console.dll, TcpClientExtensions.MessageLoopAsync: NotifyDataAvailable remoteEndPoint: 127.0.0.1:63634 localEndPoint: 127.0.0.1:63633
TpTrace Verbose: 0 : 20624, 14, 2022/08/03, 12:48:34.772, 2355061667502, vstest.console.dll, TestRequestSender.OnExecutionMessageReceived: Received message: {"Version":5,"MessageType":"TestSession.Message","Payload":{"MessageLevel":0,"Message":"Running all tests in C:\\Users\\hp\\Documents\\decagon task\\week 5\\bankingSystem Authentication\\BankingTest\\bin\\Debug\\net5.0\\fine-code-coverage\\build-output\\BankingTest.dll"}}
TpTrace Verbose: 0 : 20624, 14, 2022/08/03, 12:48:34.773, 2355061669234, vstest.console.dll, TestRunRequest:SendTestRunMessage: Starting.
TpTrace Verbose: 0 : 20624, 14, 2022/08/03, 12:48:34.773, 2355061669819, vstest.console.dll, MulticastDelegateUtilities.SafeInvoke: TestRun.LogMessages: Invoking callback 1/1 for Microsoft.VisualStudio.TestPlatform.CommandLine.TestRunResultAggregator.TestRunMessageHandler, took 0 ms.
TpTrace Verbose: 0 : 20624, 4, 2022/08/03, 12:48:34.773, 2355061670024, vstest.console.dll, MulticastDelegateUtilities.SafeInvoke: InternalTestLoggerEvents.SendTestRunMessage: Invoking callback 1/1 for Microsoft.VisualStudio.TestPlatform.CommandLine.Internal.ConsoleLogger.TestMessageHandler, took 0 ms.
TpTrace Information: 0 : 20624, 14, 2022/08/03, 12:48:34.773, 2355061670137, vstest.console.dll, TestRunRequest:SendTestRunMessage: Completed.
TpTrace Verbose: 0 : 20624, 14, 2022/08/03, 12:48:34.773, 2355061670874, vstest.console.dll, MulticastDelegateUtilities.SafeInvoke: LengthPrefixCommunicationChannel: MessageReceived: Invoking callback 1/1 for Microsoft.VisualStudio.TestPlatform.CommunicationUtilities.TestRequestSender+<>c__DisplayClass30_0.<StartTestRun>b__1, took 0 ms.
TpTrace Verbose: 0 : 20624, 14, 2022/08/03, 12:48:34.773, 2355061671102, vstest.console.dll, TcpClientExtensions.MessageLoopAsync: Polling on remoteEndPoint: 127.0.0.1:63634 localEndPoint: 127.0.0.1:63633
TpTrace Verbose: 0 : 20624, 14, 2022/08/03, 12:48:34.961, 2355063555688, vstest.console.dll, TcpClientExtensions.MessageLoopAsync: NotifyDataAvailable remoteEndPoint: 127.0.0.1:63634 localEndPoint: 127.0.0.1:63633
TpTrace Verbose: 0 : 20624, 14, 2022/08/03, 12:48:34.961, 2355063557769, vstest.console.dll, TestRequestSender.OnExecutionMessageReceived: Received message: {"Version":5,"MessageType":"TestSession.Message","Payload":{"MessageLevel":0,"Message":"   NUnit3TestExecutor discovered 17 of 17 NUnit test cases using Current Discovery mode, Non-Explicit run"}}
TpTrace Verbose: 0 : 20624, 14, 2022/08/03, 12:48:34.962, 2355063560117, vstest.console.dll, TestRunRequest:SendTestRunMessage: Starting.
TpTrace Verbose: 0 : 20624, 14, 2022/08/03, 12:48:34.962, 2355063560817, vstest.console.dll, MulticastDelegateUtilities.SafeInvoke: TestRun.LogMessages: Invoking callback 1/1 for Microsoft.VisualStudio.TestPlatform.CommandLine.TestRunResultAggregator.TestRunMessageHandler, took 0 ms.
TpTrace Verbose: 0 : 20624, 4, 2022/08/03, 12:48:34.962, 2355063561089, vstest.console.dll, MulticastDelegateUtilities.SafeInvoke: InternalTestLoggerEvents.SendTestRunMessage: Invoking callback 1/1 for Microsoft.VisualStudio.TestPlatform.CommandLine.Internal.ConsoleLogger.TestMessageHandler, took 0 ms.
TpTrace Information: 0 : 20624, 14, 2022/08/03, 12:48:34.962, 2355063561257, vstest.console.dll, TestRunRequest:SendTestRunMessage: Completed.
TpTrace Verbose: 0 : 20624, 14, 2022/08/03, 12:48:34.962, 2355063562431, vstest.console.dll, MulticastDelegateUtilities.SafeInvoke: LengthPrefixCommunicationChannel: MessageReceived: Invoking callback 1/1 for Microsoft.VisualStudio.TestPlatform.CommunicationUtilities.TestRequestSender+<>c__DisplayClass30_0.<StartTestRun>b__1, took 0 ms.
TpTrace Verbose: 0 : 20624, 14, 2022/08/03, 12:48:34.962, 2355063562943, vstest.console.dll, TcpClientExtensions.MessageLoopAsync: Polling on remoteEndPoint: 127.0.0.1:63634 localEndPoint: 127.0.0.1:63633
TpTrace Verbose: 0 : 20624, 14, 2022/08/03, 12:48:35.270, 2355066641571, vstest.console.dll, TcpClientExtensions.MessageLoopAsync: NotifyDataAvailable remoteEndPoint: 127.0.0.1:63634 localEndPoint: 127.0.0.1:63633
TpTrace Verbose: 0 : 20624, 14, 2022/08/03, 12:48:35.270, 2355066644891, vstest.console.dll, TestRequestSender.OnExecutionMessageReceived: Received message: {"Version":5,"MessageType":"TestExecution.StatsChange","Payload":{"NewTestResults":[{"TestCase":{"Id":"6d8a2f34-5018-eeea-15b3-aa9a97dfbdcf","FullyQualifiedName":"BankingTest.AccountGeneratorMethodTest.AccountNumberGenerateNull","DisplayName":"AccountNumberGenerateNull","ExecutorUri":"executor://NUnit3TestExecutor","Source":"C:\\Users\\hp\\Documents\\decagon task\\week 5\\bankingSystem Authentication\\BankingTest\\bin\\Debug\\net5.0\\fine-code-coverage\\build-output\\BankingTest.dll","CodeFilePath":null,"LineNumber":0,"Properties":[{"Key":{"Id":"NUnit.Seed","Label":"Seed","Category":"","Description":"","Attributes":0,"ValueType":"System.String"},"Value":"931670817"}]},"Attachments":[],"Outcome":1,"ErrorMessage":null,"ErrorStackTrace":null,"DisplayName":"AccountNumberGenerateNull","Messages":[],"ComputerName":"DAEMON","Duration":"00:00:00.0194640","StartTime":"2022-08-03T11:48:34.9962146+00:00","EndTime":"2022-08-03T11:48:35.0153806+00:00","Properties":[{"Key":{"Id":"NUnit.Seed","Label":"Seed","Category":"","Description":"","Attributes":0,"ValueType":"System.String"},"Value":"931670817"}]},{"TestCase":{"Id":"dbf0ce9e-894e-5386-1e23-572bbc136683","FullyQualifiedName":"BankingTest.AccountGeneratorMethodTest.AccountNumberLengthTest","DisplayName":"AccountNumberLengthTest","ExecutorUri":"executor://NUnit3TestExecutor","Source":"C:\\Users\\hp\\Documents\\decagon task\\week 5\\bankingSystem Authentication\\BankingTest\\bin\\Debug\\net5.0\\fine-code-coverage\\build-output\\BankingTest.dll","CodeFilePath":null,"LineNumber":0,"Properties":[{"Key":{"Id":"NUnit.Seed","Label":"Seed","Category":"","Description":"","Attributes":0,"ValueType":"System.String"},"Value":"1041791800"}]},"Attachments":[],"Outcome":1,"ErrorMessage":null,"ErrorStackTrace":null,"DisplayName":"AccountNumberLengthTest","Messages":[],"ComputerName":"DAEMON","Duration":"00:00:00.0103120","StartTime":"2022-08-03T11:48:35.0203934+00:00","EndTime":"2022-08-03T11:48:35.0307052+00:00","Properties":[{"Key":{"Id":"NUnit.Seed","Label":"Seed","Category":"","Description":"","Attributes":0,"ValueType":"System.String"},"Value":"1041791800"}]},{"TestCase":{"Id":"2baa09bd-9532-7418-e1ca-1c7dd07d29a3","FullyQualifiedName":"BankingTest.AccountRepositoryTest.AccountRepoNotLoggedTest","DisplayName":"AccountRepoNotLoggedTest","ExecutorUri":"executor://NUnit3TestExecutor","Source":"C:\\Users\\hp\\Documents\\decagon task\\week 5\\bankingSystem Authentication\\BankingTest\\bin\\Debug\\net5.0\\fine-code-coverage\\build-output\\BankingTest.dll","CodeFilePath":null,"LineNumber":0,"Properties":[{"Key":{"Id":"NUnit.TestCategory","Label":"TestCategory","Category":"","Description":"","Attributes":5,"ValueType":"System.String[]"},"Value":["Repository"]},{"Key":{"Id":"NUnit.Seed","Label":"Seed","Category":"","Description":"","Attributes":0,"ValueType":"System.String"},"Value":"1071080951"}]},"Attachments":[],"Outcome":1,"ErrorMessage":null,"ErrorStackTrace":null,"DisplayName":"AccountRepoNotLoggedTest","Messages":[],"ComputerName":"DAEMON","Duration":"00:00:00.0540480","StartTime":"2022-08-03T11:48:35.1441302+00:00","EndTime":"2022-08-03T11:48:35.1981791+00:00","Properties":[{"Key":{"Id":"NUnit.Seed","Label":"Seed","Category":"","Description":"","Attributes":0,"ValueType":"System.String"},"Value":"1071080951"}]},{"TestCase":{"Id":"6be8b082-cc4f-ea61-346f-b57860f68210","FullyQualifiedName":"BankingTest.AccountRepositoryTest.AccountRepoRetrieveTest","DisplayName":"AccountRepoRetrieveTest","ExecutorUri":"executor://NUnit3TestExecutor","Source":"C:\\Users\\hp\\Documents\\decagon task\\week 5\\bankingSystem Authentication\\BankingTest\\bin\\Debug\\net5.0\\fine-code-coverage\\build-output\\BankingTest.dll","CodeFilePath":null,"LineNumber":0,"Properties":[{"Key":{"Id":"NUnit.TestCategory","Label":"TestCategory","Category":"","Description":"","Attributes":5,"ValueType":"System.String[]"},"Value":["Repository"]},{"Key":{"Id":"NUnit.Seed","Label":"Seed","Category":"","Description":"","Attributes":0,"ValueType":"System.String"},"Value":"387711519"}]},"Attachments":[],"Outcome":1,"ErrorMessage":null,"ErrorStackTrace":null,"DisplayName":"AccountRepoRetrieveTest","Messages":[],"ComputerName":"DAEMON","Duration":"00:00:00.0283690","StartTime":"2022-08-03T11:48:35.1982115+00:00","EndTime":"2022-08-03T11:48:35.2265792+00:00","Properties":[{"Key":{"Id":"NUnit.Seed","Label":"Seed","Category":"","Description":"","Attributes":0,"ValueType":"System.String"},"Value":"387711519"}]},{"TestCase":{"Id":"f34d93a7-aa80-c77f-8bda-e69aa201b0ce","FullyQualifiedName":"BankingTest.AccountServicesTest.AccountServicesNullTest","DisplayName":"AccountServicesNullTest","ExecutorUri":"executor://NUnit3TestExecutor","Source":"C:\\Users\\hp\\Documents\\decagon task\\week 5\\bankingSystem Authentication\\BankingTest\\bin\\Debug\\net5.0\\fine-code-coverage\\build-output\\BankingTest.dll","CodeFilePath":null,"LineNumber":0,"Properties":[{"Key":{"Id":"NUnit.Seed","Label":"Seed","Category":"","Description":"","Attributes":0,"ValueType":"System.String"},"Value":"966933166"}]},"Attachments":[],"Outcome":1,"ErrorMessage":null,"ErrorStackTrace":null,"DisplayName":"AccountServicesNullTest","Messages":[],"ComputerName":"DAEMON","Duration":"00:00:00.0004440","StartTime":"2022-08-03T11:48:35.2279345+00:00","EndTime":"2022-08-03T11:48:35.2283789+00:00","Properties":[{"Key":{"Id":"NUnit.Seed","Label":"Seed","Category":"","Description":"","Attributes":0,"ValueType":"System.String"},"Value":"966933166"}]},{"TestCase":{"Id":"3314dba7-86f0-6326-2a67-3dd46b93acaa","FullyQualifiedName":"BankingTest.AccountServicesTest.RegisterCustomerNullTest","DisplayName":"RegisterCustomerNullTest","ExecutorUri":"executor://NUnit3TestExecutor","Source":"C:\\Users\\hp\\Documents\\decagon task\\week 5\\bankingSystem Authentication\\BankingTest\\bin\\Debug\\net5.0\\fine-code-coverage\\build-output\\BankingTest.dll","CodeFilePath":null,"LineNumber":0,"Properties":[{"Key":{"Id":"NUnit.Seed","Label":"Seed","Category":"","Description":"","Attributes":0,"ValueType":"System.String"},"Value":"844580707"}]},"Attachments":[],"Outcome":1,"ErrorMessage":null,"ErrorStackTrace":null,"DisplayName":"RegisterCustomerNullTest","Messages":[],"ComputerName":"DAEMON","Duration":"00:00:00.0004650","StartTime":"2022-08-03T11:48:35.2283878+00:00","EndTime":"2022-08-03T11:48:35.2288524+00:00","Properties":[{"Key":{"Id":"NUnit.Seed","Label":"Seed","Category":"","Description":"","Attributes":0,"ValueType":"System.String"},"Value":"844580707"}]},{"TestCase":{"Id":"f8a4df3c-ff1d-18b7-4718-5d281ef867c5","FullyQualifiedName":"BankingTest.BankRepositoryTest.BankRepoCreateCustomerTest","DisplayName":"BankRepoCreateCustomerTest","ExecutorUri":"executor://NUnit3TestExecutor","Source":"C:\\Users\\hp\\Documents\\decagon task\\week 5\\bankingSystem Authentication\\BankingTest\\bin\\Debug\\net5.0\\fine-code-coverage\\build-output\\BankingTest.dll","CodeFilePath":null,"LineNumber":0,"Properties":[{"Key":{"Id":"NUnit.TestCategory","Label":"TestCategory","Category":"","Description":"","Attributes":5,"ValueType":"System.String[]"},"Value":["Repository"]},{"Key":{"Id":"NUnit.Seed","Label":"Seed","Category":"","Description":"","Attributes":0,"ValueType":"System.String"},"Value":"1018958426"}]},"Attachments":[],"Outcome":1,"ErrorMessage":null,"ErrorStackTrace":null,"DisplayName":"BankRepoCreateCustomerTest","Messages":[],"ComputerName":"DAEMON","Duration":"00:00:00.0085070","StartTime":"2022-08-03T11:48:35.2310352+00:00","EndTime":"2022-08-03T11:48:35.2395414+00:00","Properties":[{"Key":{"Id":"NUnit.Seed","Label":"Seed","Category":"","Description":"","Attributes":0,"ValueType":"System.String"},"Value":"1018958426"}]},{"TestCase":{"Id":"05c946fb-9c11-f980-ce10-d9eb04d973c5","FullyQualifiedName":"BankingTest.ProtocolTest.CheckAccountabilityTestForAccountTypeTransfer","DisplayName":"CheckAccountabilityTestForAccountTypeTransfer","ExecutorUri":"executor://NUnit3TestExecutor","Source":"C:\\Users\\hp\\Documents\\decagon task\\week 5\\bankingSystem Authentication\\BankingTest\\bin\\Debug\\net5.0\\fine-code-coverage\\build-output\\BankingTest.dll","CodeFilePath":null,"LineNumber":0,"Properties":[{"Key":{"Id":"NUnit.Seed","Label":"Seed","Category":"","Description":"","Attributes":0,"ValueType":"System.String"},"Value":"714548932"}]},"Attachments":[],"Outcome":1,"ErrorMessage":null,"ErrorStackTrace":null,"DisplayName":"CheckAccountabilityTestForAccountTypeTransfer","Messages":[],"ComputerName":"DAEMON","Duration":"00:00:00.0019060","StartTime":"2022-08-03T11:48:35.2418097+00:00","EndTime":"2022-08-03T11:48:35.2437155+00:00","Properties":[{"Key":{"Id":"NUnit.Seed","Label":"Seed","Category":"","Description":"","Attributes":0,"ValueType":"System.String"},"Value":"714548932"}]},{"TestCase":{"Id":"6190ef40-c33d-38c8-e405-e9d6cd316210","FullyQualifiedName":"BankingTest.ProtocolTest.CheckAccountabilityTestForNUll","DisplayName":"CheckAccountabilityTestForNUll","ExecutorUri":"executor://NUnit3TestExecutor","Source":"C:\\Users\\hp\\Documents\\decagon task\\week 5\\bankingSystem Authentication\\BankingTest\\bin\\Debug\\net5.0\\fine-code-coverage\\build-output\\BankingTest.dll","CodeFilePath":null,"LineNumber":0,"Properties":[{"Key":{"Id":"NUnit.Seed","Label":"Seed","Category":"","Description":"","Attributes":0,"ValueType":"System.String"},"Value":"1015792106"}]},"Attachments":[],"Outcome":1,"ErrorMessage":null,"ErrorStackTrace":null,"DisplayName":"CheckAccountabilityTestForNUll","Messages":[],"ComputerName":"DAEMON","Duration":"00:00:00.0003510","StartTime":"2022-08-03T11:48:35.2437333+00:00","EndTime":"2022-08-03T11:48:35.2440839+00:00","Properties":[{"Key":{"Id":"NUnit.Seed","Label":"Seed","Category":"","Description":"","Attributes":0,"ValueType":"System.String"},"Value":"1015792106"}]}],"TestRunStatistics":{"ExecutedTests":9,"Stats":{"Passed":9}},"ActiveTests":[{"Id":"d3148c88-7d69-e504-56c0-6c151766c5d6","FullyQualifiedName":"BankingTest.ProtocolTest.IsAuthenticatedTest","DisplayName":"IsAuthenticatedTest","ExecutorUri":"executor://NUnit3TestExecutor","Source":"C:\\Users\\hp\\Documents\\decagon task\\week 5\\bankingSystem Authentication\\BankingTest\\bin\\Debug\\net5.0\\fine-code-coverage\\build-output\\BankingTest.dll","CodeFilePath":null,"LineNumber":0,"Properties":[{"Key":{"Id":"NUnit.Seed","Label":"Seed","Category":"","Description":"","Attributes":0,"ValueType":"System.String"},"Value":"1466825545"}]}]}}
TpTrace Verbose: 0 : 20624, 14, 2022/08/03, 12:48:35.314, 2355067078536, vstest.console.dll, TestRunRequest:SendTestRunStatsChange: Starting.
TpTrace Verbose: 0 : 20624, 14, 2022/08/03, 12:48:35.314, 2355067080107, vstest.console.dll, InProgress is IsAuthenticatedTest
TpTrace Verbose: 0 : 20624, 14, 2022/08/03, 12:48:35.314, 2355067081953, vstest.console.dll, MulticastDelegateUtilities.SafeInvoke: TestRun.RunStatsChanged: Invoking callbacks was skipped because there are no subscribers.
TpTrace Information: 0 : 20624, 14, 2022/08/03, 12:48:35.314, 2355067082204, vstest.console.dll, TestRunRequest:SendTestRunStatsChange: Completed.
TpTrace Verbose: 0 : 20624, 14, 2022/08/03, 12:48:35.314, 2355067082554, vstest.console.dll, MulticastDelegateUtilities.SafeInvoke: LengthPrefixCommunicationChannel: MessageReceived: Invoking callback 1/1 for Microsoft.VisualStudio.TestPlatform.CommunicationUtilities.TestRequestSender+<>c__DisplayClass30_0.<StartTestRun>b__1, took 43 ms.
TpTrace Verbose: 0 : 20624, 14, 2022/08/03, 12:48:35.314, 2355067082905, vstest.console.dll, TcpClientExtensions.MessageLoopAsync: Polling on remoteEndPoint: 127.0.0.1:63634 localEndPoint: 127.0.0.1:63633
TpTrace Verbose: 0 : 20624, 14, 2022/08/03, 12:48:35.314, 2355067083366, vstest.console.dll, TcpClientExtensions.MessageLoopAsync: NotifyDataAvailable remoteEndPoint: 127.0.0.1:63634 localEndPoint: 127.0.0.1:63633
TpTrace Verbose: 0 : 20624, 14, 2022/08/03, 12:48:35.314, 2355067083817, vstest.console.dll, TestRequestSender.OnExecutionMessageReceived: Received message: {"Version":5,"MessageType":"TestSession.Message","Payload":{"MessageLevel":0,"Message":"NUnit Adapter 4.2.0.0: Test execution complete"}}
TpTrace Verbose: 0 : 20624, 14, 2022/08/03, 12:48:35.314, 2355067084864, vstest.console.dll, TestRunRequest:SendTestRunMessage: Starting.
TpTrace Verbose: 0 : 20624, 14, 2022/08/03, 12:48:35.314, 2355067085197, vstest.console.dll, MulticastDelegateUtilities.SafeInvoke: TestRun.LogMessages: Invoking callback 1/1 for Microsoft.VisualStudio.TestPlatform.CommandLine.TestRunResultAggregator.TestRunMessageHandler, took 0 ms.
TpTrace Information: 0 : 20624, 14, 2022/08/03, 12:48:35.314, 2355067085388, vstest.console.dll, TestRunRequest:SendTestRunMessage: Completed.
TpTrace Verbose: 0 : 20624, 14, 2022/08/03, 12:48:35.314, 2355067085562, vstest.console.dll, MulticastDelegateUtilities.SafeInvoke: LengthPrefixCommunicationChannel: MessageReceived: Invoking callback 1/1 for Microsoft.VisualStudio.TestPlatform.CommunicationUtilities.TestRequestSender+<>c__DisplayClass30_0.<StartTestRun>b__1, took 0 ms.
TpTrace Verbose: 0 : 20624, 14, 2022/08/03, 12:48:35.314, 2355067085736, vstest.console.dll, TcpClientExtensions.MessageLoopAsync: Polling on remoteEndPoint: 127.0.0.1:63634 localEndPoint: 127.0.0.1:63633
TpTrace Verbose: 0 : 20624, 4, 2022/08/03, 12:48:35.317, 2355067109824, vstest.console.dll, MulticastDelegateUtilities.SafeInvoke: InternalTestLoggerEvents.SendTestResult: Invoking callback 1/1 for Microsoft.VisualStudio.TestPlatform.CommandLine.Internal.ConsoleLogger.TestResultHandler, took 2 ms.
TpTrace Verbose: 0 : 20624, 4, 2022/08/03, 12:48:35.317, 2355067110945, vstest.console.dll, MulticastDelegateUtilities.SafeInvoke: InternalTestLoggerEvents.SendTestResult: Invoking callback 1/1 for Microsoft.VisualStudio.TestPlatform.CommandLine.Internal.ConsoleLogger.TestResultHandler, took 0 ms.
TpTrace Verbose: 0 : 20624, 4, 2022/08/03, 12:48:35.317, 2355067111209, vstest.console.dll, MulticastDelegateUtilities.SafeInvoke: InternalTestLoggerEvents.SendTestResult: Invoking callback 1/1 for Microsoft.VisualStudio.TestPlatform.CommandLine.Internal.ConsoleLogger.TestResultHandler, took 0 ms.
TpTrace Verbose: 0 : 20624, 4, 2022/08/03, 12:48:35.317, 2355067111418, vstest.console.dll, MulticastDelegateUtilities.SafeInvoke: InternalTestLoggerEvents.SendTestResult: Invoking callback 1/1 for Microsoft.VisualStudio.TestPlatform.CommandLine.Internal.ConsoleLogger.TestResultHandler, took 0 ms.
TpTrace Verbose: 0 : 20624, 4, 2022/08/03, 12:48:35.317, 2355067111704, vstest.console.dll, MulticastDelegateUtilities.SafeInvoke: InternalTestLoggerEvents.SendTestResult: Invoking callback 1/1 for Microsoft.VisualStudio.TestPlatform.CommandLine.Internal.ConsoleLogger.TestResultHandler, took 0 ms.
TpTrace Verbose: 0 : 20624, 4, 2022/08/03, 12:48:35.317, 2355067112043, vstest.console.dll, MulticastDelegateUtilities.SafeInvoke: InternalTestLoggerEvents.SendTestResult: Invoking callback 1/1 for Microsoft.VisualStudio.TestPlatform.CommandLine.Internal.ConsoleLogger.TestResultHandler, took 0 ms.
TpTrace Verbose: 0 : 20624, 4, 2022/08/03, 12:48:35.317, 2355067112309, vstest.console.dll, MulticastDelegateUtilities.SafeInvoke: InternalTestLoggerEvents.SendTestResult: Invoking callback 1/1 for Microsoft.VisualStudio.TestPlatform.CommandLine.Internal.ConsoleLogger.TestResultHandler, took 0 ms.
TpTrace Verbose: 0 : 20624, 4, 2022/08/03, 12:48:35.317, 2355067112672, vstest.console.dll, MulticastDelegateUtilities.SafeInvoke: InternalTestLoggerEvents.SendTestResult: Invoking callback 1/1 for Microsoft.VisualStudio.TestPlatform.CommandLine.Internal.ConsoleLogger.TestResultHandler, took 0 ms.
TpTrace Verbose: 0 : 20624, 4, 2022/08/03, 12:48:35.317, 2355067113014, vstest.console.dll, MulticastDelegateUtilities.SafeInvoke: InternalTestLoggerEvents.SendTestResult: Invoking callback 1/1 for Microsoft.VisualStudio.TestPlatform.CommandLine.Internal.ConsoleLogger.TestResultHandler, took 0 ms.
TpTrace Verbose: 0 : 20624, 4, 2022/08/03, 12:48:35.317, 2355067113249, vstest.console.dll, MulticastDelegateUtilities.SafeInvoke: InternalTestLoggerEvents.SendTestRunMessage: Invoking callback 1/1 for Microsoft.VisualStudio.TestPlatform.CommandLine.Internal.ConsoleLogger.TestMessageHandler, took 0 ms.
TpTrace Verbose: 0 : 20624, 14, 2022/08/03, 12:48:35.318, 2355067127934, vstest.console.dll, TcpClientExtensions.MessageLoopAsync: NotifyDataAvailable remoteEndPoint: 127.0.0.1:63634 localEndPoint: 127.0.0.1:63633
TpTrace Verbose: 0 : 20624, 14, 2022/08/03, 12:48:35.319, 2355067131169, vstest.console.dll, TestRequestSender.OnExecutionMessageReceived: Received message: {"Version":5,"MessageType":"TestExecution.Completed","Payload":{"TestRunCompleteArgs":{"TestRunStatistics":{"ExecutedTests":17,"Stats":{"Passed":17}},"IsCanceled":false,"IsAborted":false,"Error":null,"AttachmentSets":[],"ElapsedTimeInRunningTests":"00:00:00.5887182","Metrics":{}},"LastRunTests":{"NewTestResults":[{"TestCase":{"Id":"d3148c88-7d69-e504-56c0-6c151766c5d6","FullyQualifiedName":"BankingTest.ProtocolTest.IsAuthenticatedTest","DisplayName":"IsAuthenticatedTest","ExecutorUri":"executor://NUnit3TestExecutor","Source":"C:\\Users\\hp\\Documents\\decagon task\\week 5\\bankingSystem Authentication\\BankingTest\\bin\\Debug\\net5.0\\fine-code-coverage\\build-output\\BankingTest.dll","CodeFilePath":null,"LineNumber":0,"Properties":[{"Key":{"Id":"NUnit.Seed","Label":"Seed","Category":"","Description":"","Attributes":0,"ValueType":"System.String"},"Value":"1466825545"}]},"Attachments":[],"Outcome":1,"ErrorMessage":null,"ErrorStackTrace":null,"DisplayName":"IsAuthenticatedTest","Messages":[],"ComputerName":"DAEMON","Duration":"00:00:00.0014690","StartTime":"2022-08-03T11:48:35.244092+00:00","EndTime":"2022-08-03T11:48:35.2455606+00:00","Properties":[{"Key":{"Id":"NUnit.Seed","Label":"Seed","Category":"","Description":"","Attributes":0,"ValueType":"System.String"},"Value":"1466825545"}]},{"TestCase":{"Id":"86065a07-35df-2d3f-be87-c9acc91149c8","FullyQualifiedName":"BankingTest.ProtocolTest.IsAValidAccountNullTest","DisplayName":"IsAValidAccountNullTest","ExecutorUri":"executor://NUnit3TestExecutor","Source":"C:\\Users\\hp\\Documents\\decagon task\\week 5\\bankingSystem Authentication\\BankingTest\\bin\\Debug\\net5.0\\fine-code-coverage\\build-output\\BankingTest.dll","CodeFilePath":null,"LineNumber":0,"Properties":[{"Key":{"Id":"NUnit.Seed","Label":"Seed","Category":"","Description":"","Attributes":0,"ValueType":"System.String"},"Value":"979544971"}]},"Attachments":[],"Outcome":1,"ErrorMessage":null,"ErrorStackTrace":null,"DisplayName":"IsAValidAccountNullTest","Messages":[],"ComputerName":"DAEMON","Duration":"00:00:00.0008830","StartTime":"2022-08-03T11:48:35.2455722+00:00","EndTime":"2022-08-03T11:48:35.2464547+00:00","Properties":[{"Key":{"Id":"NUnit.Seed","Label":"Seed","Category":"","Description":"","Attributes":0,"ValueType":"System.String"},"Value":"979544971"}]},{"TestCase":{"Id":"b55a4d45-5918-6c19-8f22-6b09260b31e9","FullyQualifiedName":"BankingTest.ProtocolTest.IsValidTest","DisplayName":"IsValidTest","ExecutorUri":"executor://NUnit3TestExecutor","Source":"C:\\Users\\hp\\Documents\\decagon task\\week 5\\bankingSystem Authentication\\BankingTest\\bin\\Debug\\net5.0\\fine-code-coverage\\build-output\\BankingTest.dll","CodeFilePath":null,"LineNumber":0,"Properties":[{"Key":{"Id":"NUnit.Seed","Label":"Seed","Category":"","Description":"","Attributes":0,"ValueType":"System.String"},"Value":"1533703294"}]},"Attachments":[],"Outcome":1,"ErrorMessage":null,"ErrorStackTrace":null,"DisplayName":"IsValidTest","Messages":[],"ComputerName":"DAEMON","Duration":"00:00:00.0007640","StartTime":"2022-08-03T11:48:35.2464653+00:00","EndTime":"2022-08-03T11:48:35.2472286+00:00","Properties":[{"Key":{"Id":"NUnit.Seed","Label":"Seed","Category":"","Description":"","Attributes":0,"ValueType":"System.String"},"Value":"1533703294"}]},{"TestCase":{"Id":"daebcf34-16f1-a0e4-1abe-9ea595bc055d","FullyQualifiedName":"BankingTest.UserServicesTest.DepositNullTest","DisplayName":"DepositNullTest","ExecutorUri":"executor://NUnit3TestExecutor","Source":"C:\\Users\\hp\\Documents\\decagon task\\week 5\\bankingSystem Authentication\\BankingTest\\bin\\Debug\\net5.0\\fine-code-coverage\\build-output\\BankingTest.dll","CodeFilePath":null,"LineNumber":0,"Properties":[{"Key":{"Id":"NUnit.Seed","Label":"Seed","Category":"","Description":"","Attributes":0,"ValueType":"System.String"},"Value":"2038894198"}]},"Attachments":[],"Outcome":1,"ErrorMessage":null,"ErrorStackTrace":null,"DisplayName":"DepositNullTest","Messages":[],"ComputerName":"DAEMON","Duration":"00:00:00.0002590","StartTime":"2022-08-03T11:48:35.247463+00:00","EndTime":"2022-08-03T11:48:35.2477218+00:00","Properties":[{"Key":{"Id":"NUnit.Seed","Label":"Seed","Category":"","Description":"","Attributes":0,"ValueType":"System.String"},"Value":"2038894198"}]},{"TestCase":{"Id":"7d0e9778-3b70-3b48-1a47-b71cf3a89522","FullyQualifiedName":"BankingTest.UserServicesTest.WithdrawalNullTest","DisplayName":"WithdrawalNullTest","ExecutorUri":"executor://NUnit3TestExecutor","Source":"C:\\Users\\hp\\Documents\\decagon task\\week 5\\bankingSystem Authentication\\BankingTest\\bin\\Debug\\net5.0\\fine-code-coverage\\build-output\\BankingTest.dll","CodeFilePath":null,"LineNumber":0,"Properties":[{"Key":{"Id":"NUnit.Seed","Label":"Seed","Category":"","Description":"","Attributes":0,"ValueType":"System.String"},"Value":"1365908980"}]},"Attachments":[],"Outcome":1,"ErrorMessage":null,"ErrorStackTrace":null,"DisplayName":"WithdrawalNullTest","Messages":[],"ComputerName":"DAEMON","Duration":"00:00:00.0001540","StartTime":"2022-08-03T11:48:35.2477286+00:00","EndTime":"2022-08-03T11:48:35.2478823+00:00","Properties":[{"Key":{"Id":"NUnit.Seed","Label":"Seed","Category":"","Description":"","Attributes":0,"ValueType":"System.String"},"Value":"1365908980"}]},{"TestCase":{"Id":"306d48da-bef7-f2b3-6e8b-904863340ca1","FullyQualifiedName":"BankingTest.ValidatingInputTest.ValidationEmail","DisplayName":"ValidationEmail","ExecutorUri":"executor://NUnit3TestExecutor","Source":"C:\\Users\\hp\\Documents\\decagon task\\week 5\\bankingSystem Authentication\\BankingTest\\bin\\Debug\\net5.0\\fine-code-coverage\\build-output\\BankingTest.dll","CodeFilePath":null,"LineNumber":0,"Properties":[{"Key":{"Id":"NUnit.TestCategory","Label":"TestCategory","Category":"","Description":"","Attributes":5,"ValueType":"System.String[]"},"Value":["Validation"]},{"Key":{"Id":"NUnit.Seed","Label":"Seed","Category":"","Description":"","Attributes":0,"ValueType":"System.String"},"Value":"1221949604"}]},"Attachments":[],"Outcome":1,"ErrorMessage":null,"ErrorStackTrace":null,"DisplayName":"ValidationEmail","Messages":[],"ComputerName":"DAEMON","Duration":"00:00:00.0048970","StartTime":"2022-08-03T11:48:35.2480918+00:00","EndTime":"2022-08-03T11:48:35.2529872+00:00","Properties":[{"Key":{"Id":"NUnit.Seed","Label":"Seed","Category":"","Description":"","Attributes":0,"ValueType":"System.String"},"Value":"1221949604"}]},{"TestCase":{"Id":"3a7cbd49-ee54-29ea-c06f-0f6da022dfec","FullyQualifiedName":"BankingTest.ValidatingInputTest.ValidationName","DisplayName":"ValidationName","ExecutorUri":"executor://NUnit3TestExecutor","Source":"C:\\Users\\hp\\Documents\\decagon task\\week 5\\bankingSystem Authentication\\BankingTest\\bin\\Debug\\net5.0\\fine-code-coverage\\build-output\\BankingTest.dll","CodeFilePath":null,"LineNumber":0,"Properties":[{"Key":{"Id":"NUnit.TestCategory","Label":"TestCategory","Category":"","Description":"","Attributes":5,"ValueType":"System.String[]"},"Value":["Validation"]},{"Key":{"Id":"NUnit.Seed","Label":"Seed","Category":"","Description":"","Attributes":0,"ValueType":"System.String"},"Value":"1723573113"}]},"Attachments":[],"Outcome":1,"ErrorMessage":null,"ErrorStackTrace":null,"DisplayName":"ValidationName","Messages":[],"ComputerName":"DAEMON","Duration":"00:00:00.0007170","StartTime":"2022-08-03T11:48:35.2530091+00:00","EndTime":"2022-08-03T11:48:35.2537254+00:00","Properties":[{"Key":{"Id":"NUnit.Seed","Label":"Seed","Category":"","Description":"","Attributes":0,"ValueType":"System.String"},"Value":"1723573113"}]},{"TestCase":{"Id":"7bcfa481-d64c-f90b-c74e-2f7fe7f948cf","FullyQualifiedName":"BankingTest.ValidatingInputTest.ValidationPassword","DisplayName":"ValidationPassword","ExecutorUri":"executor://NUnit3TestExecutor","Source":"C:\\Users\\hp\\Documents\\decagon task\\week 5\\bankingSystem Authentication\\BankingTest\\bin\\Debug\\net5.0\\fine-code-coverage\\build-output\\BankingTest.dll","CodeFilePath":null,"LineNumber":0,"Properties":[{"Key":{"Id":"NUnit.TestCategory","Label":"TestCategory","Category":"","Description":"","Attributes":5,"ValueType":"System.String[]"},"Value":["Validation"]},{"Key":{"Id":"NUnit.Seed","Label":"Seed","Category":"","Description":"","Attributes":0,"ValueType":"System.String"},"Value":"286444075"}]},"Attachments":[],"Outcome":1,"ErrorMessage":null,"ErrorStackTrace":null,"DisplayName":"ValidationPassword","Messages":[],"ComputerName":"DAEMON","Duration":"00:00:00.0010540","StartTime":"2022-08-03T11:48:35.2537434+00:00","EndTime":"2022-08-03T11:48:35.2547964+00:00","Properties":[{"Key":{"Id":"NUnit.Seed","Label":"Seed","Category":"","Description":"","Attributes":0,"ValueType":"System.String"},"Value":"286444075"}]}],"TestRunStatistics":{"ExecutedTests":17,"Stats":{"Passed":17}},"ActiveTests":[]},"RunAttachments":[],"ExecutorUris":["executor://nunit3testexecutor/"]}}
TpTrace Verbose: 0 : 20624, 14, 2022/08/03, 12:48:35.319, 2355067137720, vstest.console.dll, TestRequestSender.EndSession: Sending end session.
TpTrace Verbose: 0 : 20624, 14, 2022/08/03, 12:48:35.320, 2355067139186, vstest.console.dll, ProxyOperationManager.Close: waiting for test host to exit for 100 ms
TpTrace Warning: 0 : 20624, 13, 2022/08/03, 12:48:35.361, 2355067552167, vstest.console.dll, TestHostManagerCallbacks.ErrorReceivedCallback Test host standard error line: 
TpTrace Verbose: 0 : 20624, 13, 2022/08/03, 12:48:35.371, 2355067656036, vstest.console.dll, TestHostProvider.ExitCallBack: Host exited starting callback.
TpTrace Information: 0 : 20624, 13, 2022/08/03, 12:48:35.372, 2355067663105, vstest.console.dll, TestHostManagerCallbacks.ExitCallBack: Testhost processId: 35440 exited with exitcode: 0 error: ''
TpTrace Verbose: 0 : 20624, 13, 2022/08/03, 12:48:35.372, 2355067663838, vstest.console.dll, DotnetTestHostManager.OnHostExited: invoking OnHostExited callback
TpTrace Verbose: 0 : 20624, 13, 2022/08/03, 12:48:35.372, 2355067664602, vstest.console.dll, CrossPlatEngine.TestHostManagerHostExited: calling on client process exit callback.
TpTrace Information: 0 : 20624, 13, 2022/08/03, 12:48:35.372, 2355067665808, vstest.console.dll, TestRequestSender.OnClientProcessExit: Test host process exited. Standard error: 
TpTrace Information: 0 : 20624, 13, 2022/08/03, 12:48:35.372, 2355067666121, vstest.console.dll, SocketServer.Stop: Stop server endPoint: 127.0.0.1:63633
TpTrace Information: 0 : 20624, 13, 2022/08/03, 12:48:35.372, 2355067666380, vstest.console.dll, SocketServer.Stop: Cancellation requested. Stopping message loop.
TpTrace Information: 0 : 20624, 14, 2022/08/03, 12:48:35.372, 2355067666853, vstest.console.dll, SocketServer.Stop: Stop server endPoint: 127.0.0.1:63633
TpTrace Verbose: 0 : 20624, 13, 2022/08/03, 12:48:35.372, 2355067667460, vstest.console.dll, MulticastDelegateUtilities.SafeInvoke: HostProviderEvents.OnHostExited: Invoking callback 1/1 for Microsoft.VisualStudio.TestPlatform.CrossPlatEngine.Client.ProxyOperationManager.TestHostManagerHostExited, took 0 ms.
TpTrace Information: 0 : 20624, 14, 2022/08/03, 12:48:35.372, 2355067667605, vstest.console.dll, SocketServer.Stop: Cancellation requested. Stopping message loop.
TpTrace Information: 0 : 20624, 14, 2022/08/03, 12:48:35.373, 2355067668501, vstest.console.dll, Closing the connection
TpTrace Verbose: 0 : 20624, 14, 2022/08/03, 12:48:35.374, 2355067678473, vstest.console.dll, ProxyDataCollectionManager.InvokeDataCollectionServiceAction: Starting.
TpTrace Information: 0 : 20624, 14, 2022/08/03, 12:48:35.374, 2355067679031, vstest.console.dll, ProxyDataCollectionManager.AfterTestRunEnd: Get attachment set and invoked data collectors processId: 35752 port: 63629
TpTrace Verbose: 0 : 20624, 14, 2022/08/03, 12:48:35.374, 2355067679438, vstest.console.dll, DataCollectionRequestSender.SendAfterTestRunStartAndGetResult: Send AfterTestRunEnd message with isCancelled: False
TpTrace Verbose: 0 : 20624, 14, 2022/08/03, 12:48:35.382, 2355067764626, vstest.console.dll, DataCollectionRequestSender.SendAfterTestRunStartAndGetResult: Received message: (DataCollection.AfterTestRunEndResult) -> {
  "AttachmentSets": [],
  "InvokedDataCollectors": [
    {
      "Uri": "datacollector://Microsoft/TestPlatform/Extensions/Blame/v1",
      "FriendlyName": "Blame",
      "AssemblyQualifiedName": "Microsoft.TestPlatform.Extensions.BlameDataCollector.BlameCollector, Microsoft.TestPlatform.Extensions.BlameDataCollector, Version=15.0.0.0, Culture=neutral, PublicKeyToken=b03f5f7f11d50a3a",
      "FilePath": "C:\\Program Files\\dotnet\\sdk\\6.0.300\\Extensions\\Microsoft.TestPlatform.Extensions.BlameDataCollector.dll",
      "HasAttachmentProcessor": false
    }
  ],
  "Metrics": {}
}
TpTrace Warning: 0 : 20624, 10, 2022/08/03, 12:48:35.388, 2355067818317, vstest.console.dll, DataCollectionLauncher.ErrorReceivedCallback datacollector standard error line: 
TpTrace Information: 0 : 20624, 14, 2022/08/03, 12:48:35.389, 2355067830574, vstest.console.dll, ProxyDataCollectionManager.InvokeDataCollectionServiceAction: Completed.
TpTrace Information: 0 : 20624, 10, 2022/08/03, 12:48:35.395, 2355067890206, vstest.console.dll, DataCollectionLauncher.ExitCallBack: Data collector exited with exitcode: 0 error: ''
TpTrace Verbose: 0 : 20624, 14, 2022/08/03, 12:48:35.426, 2355068203956, vstest.console.dll, TestRunRequest:SendTestRunStatsChange: Starting.
TpTrace Verbose: 0 : 20624, 14, 2022/08/03, 12:48:35.426, 2355068206304, vstest.console.dll, MulticastDelegateUtilities.SafeInvoke: TestRun.RunStatsChanged: Invoking callbacks was skipped because there are no subscribers.
TpTrace Information: 0 : 20624, 14, 2022/08/03, 12:48:35.426, 2355068206477, vstest.console.dll, TestRunRequest:SendTestRunStatsChange: Completed.
TpTrace Verbose: 0 : 20624, 4, 2022/08/03, 12:48:35.427, 2355068208093, vstest.console.dll, MulticastDelegateUtilities.SafeInvoke: InternalTestLoggerEvents.SendTestResult: Invoking callback 1/1 for Microsoft.VisualStudio.TestPlatform.CommandLine.Internal.ConsoleLogger.TestResultHandler, took 0 ms.
TpTrace Verbose: 0 : 20624, 4, 2022/08/03, 12:48:35.427, 2355068208971, vstest.console.dll, MulticastDelegateUtilities.SafeInvoke: InternalTestLoggerEvents.SendTestResult: Invoking callback 1/1 for Microsoft.VisualStudio.TestPlatform.CommandLine.Internal.ConsoleLogger.TestResultHandler, took 0 ms.
TpTrace Verbose: 0 : 20624, 4, 2022/08/03, 12:48:35.427, 2355068209293, vstest.console.dll, MulticastDelegateUtilities.SafeInvoke: InternalTestLoggerEvents.SendTestResult: Invoking callback 1/1 for Microsoft.VisualStudio.TestPlatform.CommandLine.Internal.ConsoleLogger.TestResultHandler, took 0 ms.
TpTrace Verbose: 0 : 20624, 4, 2022/08/03, 12:48:35.427, 2355068209579, vstest.console.dll, MulticastDelegateUtilities.SafeInvoke: InternalTestLoggerEvents.SendTestResult: Invoking callback 1/1 for Microsoft.VisualStudio.TestPlatform.CommandLine.Internal.ConsoleLogger.TestResultHandler, took 0 ms.
TpTrace Verbose: 0 : 20624, 14, 2022/08/03, 12:48:35.427, 2355068208456, vstest.console.dll, ParallelProxyExecutionManager: HandlePartialRunComplete: Total completed clients = 1, Run complete = True, Run canceled: False.
TpTrace Verbose: 0 : 20624, 4, 2022/08/03, 12:48:35.429, 2355068230474, vstest.console.dll, MulticastDelegateUtilities.SafeInvoke: InternalTestLoggerEvents.SendTestResult: Invoking callback 1/1 for Microsoft.VisualStudio.TestPlatform.CommandLine.Internal.ConsoleLogger.TestResultHandler, took 2 ms.
TpTrace Verbose: 0 : 20624, 4, 2022/08/03, 12:48:35.429, 2355068232526, vstest.console.dll, MulticastDelegateUtilities.SafeInvoke: InternalTestLoggerEvents.SendTestResult: Invoking callback 1/1 for Microsoft.VisualStudio.TestPlatform.CommandLine.Internal.ConsoleLogger.TestResultHandler, took 0 ms.
TpTrace Verbose: 0 : 20624, 4, 2022/08/03, 12:48:35.429, 2355068232921, vstest.console.dll, MulticastDelegateUtilities.SafeInvoke: InternalTestLoggerEvents.SendTestResult: Invoking callback 1/1 for Microsoft.VisualStudio.TestPlatform.CommandLine.Internal.ConsoleLogger.TestResultHandler, took 0 ms.
TpTrace Verbose: 0 : 20624, 4, 2022/08/03, 12:48:35.429, 2355068233218, vstest.console.dll, MulticastDelegateUtilities.SafeInvoke: InternalTestLoggerEvents.SendTestResult: Invoking callback 1/1 for Microsoft.VisualStudio.TestPlatform.CommandLine.Internal.ConsoleLogger.TestResultHandler, took 0 ms.
TpTrace Verbose: 0 : 20624, 4, 2022/08/03, 12:48:35.437, 2355068311585, vstest.console.dll, MulticastDelegateUtilities.SafeInvoke: InternalTestLoggerEvents.SendTestRunComplete: Invoking callback 1/2 for Microsoft.TestPlatform.Extensions.BlameDataCollector.BlameLogger.TestRunCompleteHandler, took 0 ms.
TpTrace Verbose: 0 : 20624, 4, 2022/08/03, 12:48:35.444, 2355068385539, vstest.console.dll, MulticastDelegateUtilities.SafeInvoke: InternalTestLoggerEvents.SendTestRunComplete: Invoking callback 2/2 for Microsoft.VisualStudio.TestPlatform.CommandLine.Internal.ConsoleLogger.TestRunCompleteHandler, took 7 ms.
TpTrace Verbose: 0 : 20624, 14, 2022/08/03, 12:48:35.445, 2355068389296, vstest.console.dll, TestRunRequest:TestRunComplete: Starting. IsAborted:False IsCanceled:False.
TpTrace Verbose: 0 : 20624, 14, 2022/08/03, 12:48:35.446, 2355068399277, vstest.console.dll, TestLoggerManager.HandleTestRunComplete: Ignoring as the object is disposed.
TpTrace Verbose: 0 : 20624, 14, 2022/08/03, 12:48:35.446, 2355068402804, vstest.console.dll, MulticastDelegateUtilities.SafeInvoke: TestRun.TestRunComplete: Invoking callback 1/2 for Microsoft.VisualStudio.TestPlatform.CommandLine.TestRunResultAggregator.TestRunCompletionHandler, took 0 ms.
TpTrace Verbose: 0 : 20624, 14, 2022/08/03, 12:48:35.446, 2355068403766, vstest.console.dll, MulticastDelegateUtilities.SafeInvoke: TestRun.TestRunComplete: Invoking callback 2/2 for Microsoft.VisualStudio.TestPlatform.CommandLine.Processors.RunTestsArgumentExecutor+TestRunRequestEventsRegistrar.TestRunRequest_OnRunCompletion, took 0 ms.
TpTrace Information: 0 : 20624, 14, 2022/08/03, 12:48:35.446, 2355068405394, vstest.console.dll, TestRunRequest:TestRunComplete: Completed.
TpTrace Verbose: 0 : 20624, 14, 2022/08/03, 12:48:35.446, 2355068405727, vstest.console.dll, TestRequestSender.SetOperationComplete: Setting operation complete.
TpTrace Verbose: 0 : 20624, 1, 2022/08/03, 12:48:35.446, 2355068405823, vstest.console.dll, TestRunRequest.Dispose: Starting.
TpTrace Information: 0 : 20624, 14, 2022/08/03, 12:48:35.446, 2355068405933, vstest.console.dll, SocketServer.Stop: Stop server endPoint: 127.0.0.1:63633
TpTrace Information: 0 : 20624, 1, 2022/08/03, 12:48:35.446, 2355068406530, vstest.console.dll, TestRunRequest.Dispose: Completed.
TpTrace Information: 0 : 20624, 14, 2022/08/03, 12:48:35.446, 2355068407134, vstest.console.dll, SocketServer.Stop: Cancellation requested. Stopping message loop.
TpTrace Information: 0 : 20624, 1, 2022/08/03, 12:48:35.446, 2355068407531, vstest.console.dll, TestRequestManager.RunTests: run tests completed.
TpTrace Verbose: 0 : 20624, 14, 2022/08/03, 12:48:35.446, 2355068407694, vstest.console.dll, MulticastDelegateUtilities.SafeInvoke: LengthPrefixCommunicationChannel: MessageReceived: Invoking callback 1/1 for Microsoft.VisualStudio.TestPlatform.CommunicationUtilities.TestRequestSender+<>c__DisplayClass30_0.<StartTestRun>b__1, took 127 ms.
TpTrace Information: 0 : 20624, 14, 2022/08/03, 12:48:35.447, 2355068408098, vstest.console.dll, SocketServer.PrivateStop: Stopping server endPoint: 127.0.0.1:63633 error: 
TpTrace Information: 0 : 20624, 1, 2022/08/03, 12:48:35.447, 2355068408288, vstest.console.dll, RunTestsArgumentProcessor:Execute: Test run is completed.
TpTrace Verbose: 0 : 20624, 1, 2022/08/03, 12:48:35.447, 2355068410534, vstest.console.dll, Executor.Execute: Exiting with exit code of 0
TpTrace Verbose: 0 : 20624, 14, 2022/08/03, 12:48:35.447, 2355068413270, vstest.console.dll, LengthPrefixCommunicationChannel.Dispose: Dispose reader and writer.
TpTrace Information: 0 : 20624, 14, 2022/08/03, 12:48:35.447, 2355068414185, vstest.console.dll, SocketServer.Stop: Raise disconnected event endPoint: 127.0.0.1:63633 error: 
TpTrace Verbose: 0 : 20624, 14, 2022/08/03, 12:48:35.447, 2355068415390, vstest.console.dll, TestRequestSender: OnTestRunAbort: Operation is already complete. Skip error message.
TpTrace Verbose: 0 : 20624, 14, 2022/08/03, 12:48:35.447, 2355068415713, vstest.console.dll, MulticastDelegateUtilities.SafeInvoke: SocketServer: ClientDisconnected: Invoking callback 1/1 for Microsoft.VisualStudio.TestPlatform.CommunicationUtilities.TestRequestSender.<InitializeCommunication>b__23_1, took 0 ms.
TpTrace Verbose: 0 : 20624, 14, 2022/08/03, 12:48:35.447, 2355068415928, vstest.console.dll, TcpClientExtensions.MessageLoopAsync: exiting MessageLoopAsync remoteEndPoint: 127.0.0.1:63634 localEndPoint: 127.0.0.1:63633
